#-----------------------------------------------------------
# Vivado v2018.3 (64-bit)
# SW Build 2405991 on Thu Dec  6 23:38:27 MST 2018
# IP Build 2404404 on Fri Dec  7 01:43:56 MST 2018
# Start of session at: Fri Apr 16 16:58:04 2021
# Process ID: 4600
# Current directory: D:/vivado/02_Shift
# Command line: vivado.exe -gui_launcher_event rodinguilauncherevent10092 D:\vivado\02_Shift\02_Shift.xpr
# Log file: D:/vivado/02_Shift/vivado.log
# Journal file: D:/vivado/02_Shift\vivado.jou
#-----------------------------------------------------------
start_gui
open_project D:/vivado/02_Shift/02_Shift.xpr
Scanning sources...
Finished scanning sources
INFO: [IP_Flow 19-234] Refreshing IP repositories
INFO: [IP_Flow 19-1704] No user IP repositories specified
INFO: [IP_Flow 19-2313] Loaded Vivado IP repository 'D:/Xilinx/Vivado/2018.3/data/ip'.
open_project: Time (s): cpu = 00:00:18 ; elapsed = 00:00:07 . Memory (MB): peak = 683.324 ; gain = 69.324
update_compile_order -fileset sources_1
exit
INFO: [Common 17-206] Exiting Vivado at Fri Apr 16 16:59:07 2021...
