
*** Running vivado
    with args -log Inst_Board.vds -m64 -product Vivado -mode batch -messageDb vivado.pb -notrace -source Inst_Board.tcl


****** Vivado v2018.3 (64-bit)
  **** SW Build 2405991 on Thu Dec  6 23:38:27 MST 2018
  **** IP Build 2404404 on Fri Dec  7 01:43:56 MST 2018
    ** Copyright 1986-2018 Xilinx, Inc. All Rights Reserved.

source Inst_Board.tcl -notrace
Command: synth_design -top Inst_Board -part xc7a100tfgg484-2L
Starting synth_design
Attempting to get a license for feature 'Synthesis' and/or device 'xc7a100t'
INFO: [Common 17-349] Got license for feature 'Synthesis' and/or device 'xc7a100t'
INFO: Launching helper process for spawning children vivado processes
INFO: Helper process launched with PID 4140 
---------------------------------------------------------------------------------
Starting RTL Elaboration : Time (s): cpu = 00:00:02 ; elapsed = 00:00:02 . Memory (MB): peak = 367.438 ; gain = 98.793
---------------------------------------------------------------------------------
INFO: [Synth 8-6157] synthesizing module 'Inst_Board' [D:/vivado/05_Inst/Inst_Board.v:2]
INFO: [Synth 8-6157] synthesizing module 'Inst' [D:/vivado/05_Inst/Inst.v:3]
INFO: [Synth 8-6157] synthesizing module 'Inst_ROM' [D:/vivado/05_Inst/05_Inst.runs/synth_1/.Xil/Vivado-24836-BLUEFLAMELEE/realtime/Inst_ROM_stub.v:6]
INFO: [Synth 8-6155] done synthesizing module 'Inst_ROM' (1#1) [D:/vivado/05_Inst/05_Inst.runs/synth_1/.Xil/Vivado-24836-BLUEFLAMELEE/realtime/Inst_ROM_stub.v:6]
INFO: [Synth 8-155] case statement is not full and has no default [D:/vivado/05_Inst/Inst.v:41]
INFO: [Synth 8-6155] done synthesizing module 'Inst' (2#1) [D:/vivado/05_Inst/Inst.v:3]
INFO: [Synth 8-6157] synthesizing module 'Display' [D:/vivado/05_Inst/Display.v:3]
INFO: [Synth 8-6155] done synthesizing module 'Display' (3#1) [D:/vivado/05_Inst/Display.v:3]
WARNING: [Synth 8-350] instance 'Display_Instance' of module 'Display' requires 6 connections, but only 4 given [D:/vivado/05_Inst/Inst_Board.v:38]
INFO: [Synth 8-6155] done synthesizing module 'Inst_Board' (4#1) [D:/vivado/05_Inst/Inst_Board.v:2]
WARNING: [Synth 8-3917] design Inst_Board has port enable driven by constant 1
WARNING: [Synth 8-3331] design Inst_Board has unconnected port led[2]
WARNING: [Synth 8-3331] design Inst_Board has unconnected port led[3]
WARNING: [Synth 8-3331] design Inst_Board has unconnected port led[4]
WARNING: [Synth 8-3331] design Inst_Board has unconnected port led[5]
WARNING: [Synth 8-3331] design Inst_Board has unconnected port led[6]
WARNING: [Synth 8-3331] design Inst_Board has unconnected port led[7]
WARNING: [Synth 8-3331] design Inst_Board has unconnected port led[8]
WARNING: [Synth 8-3331] design Inst_Board has unconnected port led[9]
WARNING: [Synth 8-3331] design Inst_Board has unconnected port led[10]
WARNING: [Synth 8-3331] design Inst_Board has unconnected port led[11]
WARNING: [Synth 8-3331] design Inst_Board has unconnected port led[12]
WARNING: [Synth 8-3331] design Inst_Board has unconnected port led[13]
WARNING: [Synth 8-3331] design Inst_Board has unconnected port led[14]
WARNING: [Synth 8-3331] design Inst_Board has unconnected port led[15]
WARNING: [Synth 8-3331] design Inst_Board has unconnected port led[16]
WARNING: [Synth 8-3331] design Inst_Board has unconnected port led[17]
WARNING: [Synth 8-3331] design Inst_Board has unconnected port led[18]
WARNING: [Synth 8-3331] design Inst_Board has unconnected port led[19]
WARNING: [Synth 8-3331] design Inst_Board has unconnected port led[20]
WARNING: [Synth 8-3331] design Inst_Board has unconnected port led[21]
WARNING: [Synth 8-3331] design Inst_Board has unconnected port led[22]
WARNING: [Synth 8-3331] design Inst_Board has unconnected port led[23]
WARNING: [Synth 8-3331] design Inst_Board has unconnected port led[24]
WARNING: [Synth 8-3331] design Inst_Board has unconnected port led[25]
WARNING: [Synth 8-3331] design Inst_Board has unconnected port led[26]
WARNING: [Synth 8-3331] design Inst_Board has unconnected port sw[5]
WARNING: [Synth 8-3331] design Inst_Board has unconnected port sw[6]
WARNING: [Synth 8-3331] design Inst_Board has unconnected port sw[7]
WARNING: [Synth 8-3331] design Inst_Board has unconnected port sw[8]
WARNING: [Synth 8-3331] design Inst_Board has unconnected port sw[9]
WARNING: [Synth 8-3331] design Inst_Board has unconnected port sw[10]
WARNING: [Synth 8-3331] design Inst_Board has unconnected port sw[11]
WARNING: [Synth 8-3331] design Inst_Board has unconnected port sw[12]
WARNING: [Synth 8-3331] design Inst_Board has unconnected port sw[13]
WARNING: [Synth 8-3331] design Inst_Board has unconnected port sw[14]
WARNING: [Synth 8-3331] design Inst_Board has unconnected port sw[15]
WARNING: [Synth 8-3331] design Inst_Board has unconnected port sw[16]
WARNING: [Synth 8-3331] design Inst_Board has unconnected port sw[17]
WARNING: [Synth 8-3331] design Inst_Board has unconnected port sw[18]
WARNING: [Synth 8-3331] design Inst_Board has unconnected port sw[19]
WARNING: [Synth 8-3331] design Inst_Board has unconnected port sw[20]
WARNING: [Synth 8-3331] design Inst_Board has unconnected port sw[21]
WARNING: [Synth 8-3331] design Inst_Board has unconnected port sw[22]
WARNING: [Synth 8-3331] design Inst_Board has unconnected port sw[23]
WARNING: [Synth 8-3331] design Inst_Board has unconnected port sw[24]
WARNING: [Synth 8-3331] design Inst_Board has unconnected port sw[25]
WARNING: [Synth 8-3331] design Inst_Board has unconnected port sw[26]
WARNING: [Synth 8-3331] design Inst_Board has unconnected port sw[27]
WARNING: [Synth 8-3331] design Inst_Board has unconnected port sw[28]
WARNING: [Synth 8-3331] design Inst_Board has unconnected port sw[29]
WARNING: [Synth 8-3331] design Inst_Board has unconnected port sw[30]
WARNING: [Synth 8-3331] design Inst_Board has unconnected port swb[3]
WARNING: [Synth 8-3331] design Inst_Board has unconnected port swb[4]
WARNING: [Synth 8-3331] design Inst_Board has unconnected port swb[5]
WARNING: [Synth 8-3331] design Inst_Board has unconnected port swb[6]
---------------------------------------------------------------------------------
Finished RTL Elaboration : Time (s): cpu = 00:00:03 ; elapsed = 00:00:03 . Memory (MB): peak = 423.715 ; gain = 155.070
---------------------------------------------------------------------------------

Report Check Netlist: 
+------+------------------+-------+---------+-------+------------------+
|      |Item              |Errors |Warnings |Status |Description       |
+------+------------------+-------+---------+-------+------------------+
|1     |multi_driven_nets |      0|        0|Passed |Multi driven nets |
+------+------------------+-------+---------+-------+------------------+
---------------------------------------------------------------------------------
Start Handling Custom Attributes
---------------------------------------------------------------------------------
---------------------------------------------------------------------------------
Finished Handling Custom Attributes : Time (s): cpu = 00:00:03 ; elapsed = 00:00:03 . Memory (MB): peak = 423.715 ; gain = 155.070
---------------------------------------------------------------------------------
---------------------------------------------------------------------------------
Finished RTL Optimization Phase 1 : Time (s): cpu = 00:00:03 ; elapsed = 00:00:03 . Memory (MB): peak = 423.715 ; gain = 155.070
---------------------------------------------------------------------------------
INFO: [Device 21-403] Loading part xc7a100tfgg484-2L
INFO: [Project 1-570] Preparing netlist for logic optimization

Processing XDC Constraints
Initializing timing engine
Parsing XDC File [d:/vivado/05_Inst/05_Inst.srcs/sources_1/ip/Inst_ROM/Inst_ROM/Inst_ROM_in_context.xdc] for cell 'I/Inst_ROM_Instance'
Finished Parsing XDC File [d:/vivado/05_Inst/05_Inst.srcs/sources_1/ip/Inst_ROM/Inst_ROM/Inst_ROM_in_context.xdc] for cell 'I/Inst_ROM_Instance'
Parsing XDC File [D:/vivado/05_Inst/Board.xdc]
WARNING: [Vivado 12-507] No nets matched 'clk_IBUF'. [D:/vivado/05_Inst/Board.xdc:105]
WARNING: [Vivado 12-507] No nets matched 'swb_IBUF[1]'. [D:/vivado/05_Inst/Board.xdc:106]
WARNING: [Vivado 12-507] No nets matched 'swb_IBUF[2]'. [D:/vivado/05_Inst/Board.xdc:107]
WARNING: [Vivado 12-507] No nets matched 'swb_IBUF[3]'. [D:/vivado/05_Inst/Board.xdc:108]
WARNING: [Vivado 12-507] No nets matched 'swb_IBUF[4]'. [D:/vivado/05_Inst/Board.xdc:109]
WARNING: [Vivado 12-507] No nets matched 'swb_IBUF[5]'. [D:/vivado/05_Inst/Board.xdc:110]
WARNING: [Vivado 12-507] No nets matched 'swb_IBUF[6]'. [D:/vivado/05_Inst/Board.xdc:111]
Finished Parsing XDC File [D:/vivado/05_Inst/Board.xdc]
WARNING: [Project 1-498] One or more constraints failed evaluation while reading constraint file [D:/vivado/05_Inst/Board.xdc] and the design contains unresolved black boxes. These constraints will be read post-synthesis (as long as their source constraint file is marked as used_in_implementation) and should be applied correctly then. You should review the constraints listed in the file [.Xil/Inst_Board_propImpl.xdc] and check the run log file to verify that these constraints were correctly applied.
INFO: [Project 1-236] Implementation specific constraints were found while reading constraint file [D:/vivado/05_Inst/Board.xdc]. These constraints will be ignored for synthesis but will be used in implementation. Impacted constraints are listed in the file [.Xil/Inst_Board_propImpl.xdc].
Resolution: To avoid this warning, move constraints listed in [.Xil/Inst_Board_propImpl.xdc] to another XDC file and exclude this new file from synthesis with the used_in_synthesis property (File Properties dialog in GUI) and re-run elaboration/synthesis.
Netlist sorting complete. Time (s): cpu = 00:00:00 ; elapsed = 00:00:00 . Memory (MB): peak = 756.094 ; gain = 0.000
Completed Processing XDC Constraints

Netlist sorting complete. Time (s): cpu = 00:00:00 ; elapsed = 00:00:00 . Memory (MB): peak = 756.094 ; gain = 0.000
INFO: [Project 1-111] Unisim Transformation Summary:
No Unisim elements were transformed.

Netlist sorting complete. Time (s): cpu = 00:00:00 ; elapsed = 00:00:00 . Memory (MB): peak = 756.094 ; gain = 0.000
Constraint Validation Runtime : Time (s): cpu = 00:00:00 ; elapsed = 00:00:00.002 . Memory (MB): peak = 756.094 ; gain = 0.000
---------------------------------------------------------------------------------
Finished Constraint Validation : Time (s): cpu = 00:00:09 ; elapsed = 00:00:09 . Memory (MB): peak = 756.094 ; gain = 487.449
---------------------------------------------------------------------------------
---------------------------------------------------------------------------------
Start Loading Part and Timing Information
---------------------------------------------------------------------------------
Loading part: xc7a100tfgg484-2L
---------------------------------------------------------------------------------
Finished Loading Part and Timing Information : Time (s): cpu = 00:00:09 ; elapsed = 00:00:09 . Memory (MB): peak = 756.094 ; gain = 487.449
---------------------------------------------------------------------------------
---------------------------------------------------------------------------------
Start Applying 'set_property' XDC Constraints
---------------------------------------------------------------------------------
Applied set_property DONT_TOUCH = true for I/Inst_ROM_Instance. (constraint file  auto generated constraint, line ).
---------------------------------------------------------------------------------
Finished applying 'set_property' XDC Constraints : Time (s): cpu = 00:00:09 ; elapsed = 00:00:09 . Memory (MB): peak = 756.094 ; gain = 487.449
---------------------------------------------------------------------------------
WARNING: [Synth 8-327] inferring latch for variable 'flag_reg' [D:/vivado/05_Inst/Inst.v:42]
---------------------------------------------------------------------------------
Finished RTL Optimization Phase 2 : Time (s): cpu = 00:00:09 ; elapsed = 00:00:10 . Memory (MB): peak = 756.094 ; gain = 487.449
---------------------------------------------------------------------------------

Report RTL Partitions: 
+-+--------------+------------+----------+
| |RTL Partition |Replication |Instances |
+-+--------------+------------+----------+
+-+--------------+------------+----------+
---------------------------------------------------------------------------------
Start RTL Component Statistics 
---------------------------------------------------------------------------------
Detailed RTL Component Info : 
+---Adders : 
	   2 Input     11 Bit       Adders := 1     
	   2 Input      3 Bit       Adders := 1     
+---Registers : 
	               32 Bit    Registers := 1     
	               28 Bit    Registers := 1     
	               11 Bit    Registers := 1     
	                3 Bit    Registers := 1     
+---Muxes : 
	  16 Input      1 Bit        Muxes := 1     
---------------------------------------------------------------------------------
Finished RTL Component Statistics 
---------------------------------------------------------------------------------
---------------------------------------------------------------------------------
Start RTL Hierarchical Component Statistics 
---------------------------------------------------------------------------------
Hierarchical RTL Component report 
Module Inst 
Detailed RTL Component Info : 
+---Registers : 
	               32 Bit    Registers := 1     
	               28 Bit    Registers := 1     
+---Muxes : 
	  16 Input      1 Bit        Muxes := 1     
Module Display 
Detailed RTL Component Info : 
+---Adders : 
	   2 Input     11 Bit       Adders := 1     
	   2 Input      3 Bit       Adders := 1     
+---Registers : 
	               11 Bit    Registers := 1     
	                3 Bit    Registers := 1     
---------------------------------------------------------------------------------
Finished RTL Hierarchical Component Statistics
---------------------------------------------------------------------------------
---------------------------------------------------------------------------------
Start Part Resource Summary
---------------------------------------------------------------------------------
Part Resources:
DSPs: 240 (col length:80)
BRAMs: 270 (col length: RAMB18 80 RAMB36 40)
---------------------------------------------------------------------------------
Finished Part Resource Summary
---------------------------------------------------------------------------------
---------------------------------------------------------------------------------
Start Cross Boundary and Area Optimization
---------------------------------------------------------------------------------
Warning: Parallel synthesis criteria is not met 
WARNING: [Synth 8-3917] design Inst_Board has port enable driven by constant 1
WARNING: [Synth 8-3331] design Inst_Board has unconnected port led[2]
WARNING: [Synth 8-3331] design Inst_Board has unconnected port led[3]
WARNING: [Synth 8-3331] design Inst_Board has unconnected port led[4]
WARNING: [Synth 8-3331] design Inst_Board has unconnected port led[5]
WARNING: [Synth 8-3331] design Inst_Board has unconnected port led[6]
WARNING: [Synth 8-3331] design Inst_Board has unconnected port led[7]
WARNING: [Synth 8-3331] design Inst_Board has unconnected port led[8]
WARNING: [Synth 8-3331] design Inst_Board has unconnected port led[9]
WARNING: [Synth 8-3331] design Inst_Board has unconnected port led[10]
WARNING: [Synth 8-3331] design Inst_Board has unconnected port led[11]
WARNING: [Synth 8-3331] design Inst_Board has unconnected port led[12]
WARNING: [Synth 8-3331] design Inst_Board has unconnected port led[13]
WARNING: [Synth 8-3331] design Inst_Board has unconnected port led[14]
WARNING: [Synth 8-3331] design Inst_Board has unconnected port led[15]
WARNING: [Synth 8-3331] design Inst_Board has unconnected port led[16]
WARNING: [Synth 8-3331] design Inst_Board has unconnected port led[17]
WARNING: [Synth 8-3331] design Inst_Board has unconnected port led[18]
WARNING: [Synth 8-3331] design Inst_Board has unconnected port led[19]
WARNING: [Synth 8-3331] design Inst_Board has unconnected port led[20]
WARNING: [Synth 8-3331] design Inst_Board has unconnected port led[21]
WARNING: [Synth 8-3331] design Inst_Board has unconnected port led[22]
WARNING: [Synth 8-3331] design Inst_Board has unconnected port led[23]
WARNING: [Synth 8-3331] design Inst_Board has unconnected port led[24]
WARNING: [Synth 8-3331] design Inst_Board has unconnected port led[25]
WARNING: [Synth 8-3331] design Inst_Board has unconnected port led[26]
WARNING: [Synth 8-3331] design Inst_Board has unconnected port sw[5]
WARNING: [Synth 8-3331] design Inst_Board has unconnected port sw[6]
WARNING: [Synth 8-3331] design Inst_Board has unconnected port sw[7]
WARNING: [Synth 8-3331] design Inst_Board has unconnected port sw[8]
WARNING: [Synth 8-3331] design Inst_Board has unconnected port sw[9]
WARNING: [Synth 8-3331] design Inst_Board has unconnected port sw[10]
WARNING: [Synth 8-3331] design Inst_Board has unconnected port sw[11]
WARNING: [Synth 8-3331] design Inst_Board has unconnected port sw[12]
WARNING: [Synth 8-3331] design Inst_Board has unconnected port sw[13]
WARNING: [Synth 8-3331] design Inst_Board has unconnected port sw[14]
WARNING: [Synth 8-3331] design Inst_Board has unconnected port sw[15]
WARNING: [Synth 8-3331] design Inst_Board has unconnected port sw[16]
WARNING: [Synth 8-3331] design Inst_Board has unconnected port sw[17]
WARNING: [Synth 8-3331] design Inst_Board has unconnected port sw[18]
WARNING: [Synth 8-3331] design Inst_Board has unconnected port sw[19]
WARNING: [Synth 8-3331] design Inst_Board has unconnected port sw[20]
WARNING: [Synth 8-3331] design Inst_Board has unconnected port sw[21]
WARNING: [Synth 8-3331] design Inst_Board has unconnected port sw[22]
WARNING: [Synth 8-3331] design Inst_Board has unconnected port sw[23]
WARNING: [Synth 8-3331] design Inst_Board has unconnected port sw[24]
INFO: [Common 17-14] Message 'Synth 8-3331' appears 100 times and further instances of the messages will be disabled. Use the Tcl command set_msg_config to change the current settings.
INFO: [Synth 8-3886] merging instance 'I/PC_reg[32]' (FDCE_1) to 'I/PC_reg[3]'
INFO: [Synth 8-3886] merging instance 'I/PC_reg[31]' (FDCE_1) to 'I/PC_reg[3]'
INFO: [Synth 8-3886] merging instance 'I/PC_reg[30]' (FDCE_1) to 'I/PC_reg[3]'
INFO: [Synth 8-3886] merging instance 'I/PC_reg[29]' (FDCE_1) to 'I/PC_reg[3]'
INFO: [Synth 8-3886] merging instance 'I/PC_reg[28]' (FDCE_1) to 'I/PC_reg[3]'
INFO: [Synth 8-3886] merging instance 'I/PC_reg[27]' (FDCE_1) to 'I/PC_reg[3]'
INFO: [Synth 8-3886] merging instance 'I/PC_reg[26]' (FDCE_1) to 'I/PC_reg[3]'
INFO: [Synth 8-3886] merging instance 'I/PC_reg[25]' (FDCE_1) to 'I/PC_reg[3]'
INFO: [Synth 8-3886] merging instance 'I/PC_reg[24]' (FDCE_1) to 'I/PC_reg[3]'
INFO: [Synth 8-3886] merging instance 'I/PC_reg[23]' (FDCE_1) to 'I/PC_reg[3]'
INFO: [Synth 8-3886] merging instance 'I/PC_reg[22]' (FDCE_1) to 'I/PC_reg[3]'
INFO: [Synth 8-3886] merging instance 'I/PC_reg[21]' (FDCE_1) to 'I/PC_reg[3]'
INFO: [Synth 8-3886] merging instance 'I/PC_reg[20]' (FDCE_1) to 'I/PC_reg[3]'
INFO: [Synth 8-3886] merging instance 'I/PC_reg[19]' (FDCE_1) to 'I/PC_reg[3]'
INFO: [Synth 8-3886] merging instance 'I/PC_reg[18]' (FDCE_1) to 'I/PC_reg[3]'
INFO: [Synth 8-3886] merging instance 'I/PC_reg[17]' (FDCE_1) to 'I/PC_reg[3]'
INFO: [Synth 8-3886] merging instance 'I/PC_reg[16]' (FDCE_1) to 'I/PC_reg[3]'
INFO: [Synth 8-3886] merging instance 'I/PC_reg[15]' (FDCE_1) to 'I/PC_reg[3]'
INFO: [Synth 8-3886] merging instance 'I/PC_reg[14]' (FDCE_1) to 'I/PC_reg[3]'
INFO: [Synth 8-3886] merging instance 'I/PC_reg[13]' (FDCE_1) to 'I/PC_reg[3]'
INFO: [Synth 8-3886] merging instance 'I/PC_reg[12]' (FDCE_1) to 'I/PC_reg[3]'
INFO: [Synth 8-3886] merging instance 'I/PC_reg[11]' (FDCE_1) to 'I/PC_reg[3]'
INFO: [Synth 8-3886] merging instance 'I/PC_reg[10]' (FDCE_1) to 'I/PC_reg[3]'
INFO: [Synth 8-3886] merging instance 'I/PC_reg[9]' (FDCE_1) to 'I/PC_reg[3]'
INFO: [Synth 8-3886] merging instance 'I/PC_reg[3]' (FDCE_1) to 'I/PC_reg[8]'
INFO: [Synth 8-3886] merging instance 'I/PC_reg[2]' (FDCE_1) to 'I/PC_reg[8]'
INFO: [Synth 8-3886] merging instance 'I/PC_reg[4]' (FDCE_1) to 'I/PC_reg[8]'
INFO: [Synth 8-3886] merging instance 'I/PC_reg[5]' (FDCE_1) to 'I/PC_reg[8]'
INFO: [Synth 8-3886] merging instance 'I/PC_reg[6]' (FDCE_1) to 'I/PC_reg[8]'
INFO: [Synth 8-3886] merging instance 'I/PC_reg[7]' (FDCE_1) to 'I/PC_reg[8]'
INFO: [Synth 8-3333] propagating constant 0 across sequential element (\I/PC_reg[8] )
---------------------------------------------------------------------------------
Finished Cross Boundary and Area Optimization : Time (s): cpu = 00:00:10 ; elapsed = 00:00:10 . Memory (MB): peak = 756.094 ; gain = 487.449
---------------------------------------------------------------------------------

Report RTL Partitions: 
+-+--------------+------------+----------+
| |RTL Partition |Replication |Instances |
+-+--------------+------------+----------+
+-+--------------+------------+----------+
---------------------------------------------------------------------------------
Start Applying XDC Timing Constraints
---------------------------------------------------------------------------------
---------------------------------------------------------------------------------
Finished Applying XDC Timing Constraints : Time (s): cpu = 00:00:16 ; elapsed = 00:00:17 . Memory (MB): peak = 758.871 ; gain = 490.227
---------------------------------------------------------------------------------
---------------------------------------------------------------------------------
Start Timing Optimization
---------------------------------------------------------------------------------
---------------------------------------------------------------------------------
Finished Timing Optimization : Time (s): cpu = 00:00:16 ; elapsed = 00:00:17 . Memory (MB): peak = 758.871 ; gain = 490.227
---------------------------------------------------------------------------------

Report RTL Partitions: 
+-+--------------+------------+----------+
| |RTL Partition |Replication |Instances |
+-+--------------+------------+----------+
+-+--------------+------------+----------+
---------------------------------------------------------------------------------
Start Technology Mapping
---------------------------------------------------------------------------------
---------------------------------------------------------------------------------
Finished Technology Mapping : Time (s): cpu = 00:00:16 ; elapsed = 00:00:17 . Memory (MB): peak = 768.965 ; gain = 500.320
---------------------------------------------------------------------------------

Report RTL Partitions: 
+-+--------------+------------+----------+
| |RTL Partition |Replication |Instances |
+-+--------------+------------+----------+
+-+--------------+------------+----------+
---------------------------------------------------------------------------------
Start IO Insertion
---------------------------------------------------------------------------------
---------------------------------------------------------------------------------
Start Flattening Before IO Insertion
---------------------------------------------------------------------------------
---------------------------------------------------------------------------------
Finished Flattening Before IO Insertion
---------------------------------------------------------------------------------
---------------------------------------------------------------------------------
Start Final Netlist Cleanup
---------------------------------------------------------------------------------
---------------------------------------------------------------------------------
Finished Final Netlist Cleanup
---------------------------------------------------------------------------------
---------------------------------------------------------------------------------
Finished IO Insertion : Time (s): cpu = 00:00:17 ; elapsed = 00:00:18 . Memory (MB): peak = 768.965 ; gain = 500.320
---------------------------------------------------------------------------------

Report Check Netlist: 
+------+------------------+-------+---------+-------+------------------+
|      |Item              |Errors |Warnings |Status |Description       |
+------+------------------+-------+---------+-------+------------------+
|1     |multi_driven_nets |      0|        0|Passed |Multi driven nets |
+------+------------------+-------+---------+-------+------------------+
---------------------------------------------------------------------------------
Start Renaming Generated Instances
---------------------------------------------------------------------------------
---------------------------------------------------------------------------------
Finished Renaming Generated Instances : Time (s): cpu = 00:00:17 ; elapsed = 00:00:18 . Memory (MB): peak = 768.965 ; gain = 500.320
---------------------------------------------------------------------------------

Report RTL Partitions: 
+-+--------------+------------+----------+
| |RTL Partition |Replication |Instances |
+-+--------------+------------+----------+
+-+--------------+------------+----------+
---------------------------------------------------------------------------------
Start Rebuilding User Hierarchy
---------------------------------------------------------------------------------
---------------------------------------------------------------------------------
Finished Rebuilding User Hierarchy : Time (s): cpu = 00:00:17 ; elapsed = 00:00:18 . Memory (MB): peak = 768.965 ; gain = 500.320
---------------------------------------------------------------------------------
---------------------------------------------------------------------------------
Start Renaming Generated Ports
---------------------------------------------------------------------------------
---------------------------------------------------------------------------------
Finished Renaming Generated Ports : Time (s): cpu = 00:00:17 ; elapsed = 00:00:18 . Memory (MB): peak = 768.965 ; gain = 500.320
---------------------------------------------------------------------------------
---------------------------------------------------------------------------------
Start Handling Custom Attributes
---------------------------------------------------------------------------------
---------------------------------------------------------------------------------
Finished Handling Custom Attributes : Time (s): cpu = 00:00:17 ; elapsed = 00:00:18 . Memory (MB): peak = 768.965 ; gain = 500.320
---------------------------------------------------------------------------------
---------------------------------------------------------------------------------
Start Renaming Generated Nets
---------------------------------------------------------------------------------
---------------------------------------------------------------------------------
Finished Renaming Generated Nets : Time (s): cpu = 00:00:17 ; elapsed = 00:00:18 . Memory (MB): peak = 768.965 ; gain = 500.320
---------------------------------------------------------------------------------
---------------------------------------------------------------------------------
Start Writing Synthesis Report
---------------------------------------------------------------------------------

Report BlackBoxes: 
+------+--------------+----------+
|      |BlackBox name |Instances |
+------+--------------+----------+
|1     |Inst_ROM      |         1|
+------+--------------+----------+

Report Cell Usage: 
+------+---------+------+
|      |Cell     |Count |
+------+---------+------+
|1     |Inst_ROM |     1|
|2     |BUFG     |     2|
|3     |LUT1     |     1|
|4     |LUT2     |     5|
|5     |LUT3     |     3|
|6     |LUT4     |    12|
|7     |LUT5     |     2|
|8     |LUT6     |    14|
|9     |MUXF7    |     5|
|10    |FDRE     |    42|
|11    |LD       |     1|
|12    |IBUF     |     7|
|13    |OBUF     |    19|
|14    |OBUFT    |    25|
+------+---------+------+

Report Instance Areas: 
+------+-------------------+--------+------+
|      |Instance           |Module  |Cells |
+------+-------------------+--------+------+
|1     |top                |        |   170|
|2     |  Display_Instance |Display |    30|
|3     |  I                |Inst    |    87|
+------+-------------------+--------+------+
---------------------------------------------------------------------------------
Finished Writing Synthesis Report : Time (s): cpu = 00:00:17 ; elapsed = 00:00:18 . Memory (MB): peak = 768.965 ; gain = 500.320
---------------------------------------------------------------------------------
Synthesis finished with 0 errors, 0 critical warnings and 57 warnings.
Synthesis Optimization Runtime : Time (s): cpu = 00:00:10 ; elapsed = 00:00:13 . Memory (MB): peak = 768.965 ; gain = 167.941
Synthesis Optimization Complete : Time (s): cpu = 00:00:17 ; elapsed = 00:00:18 . Memory (MB): peak = 768.965 ; gain = 500.320
INFO: [Project 1-571] Translating synthesized netlist
INFO: [Netlist 29-17] Analyzing 6 Unisim elements for replacement
INFO: [Netlist 29-28] Unisim Transformation completed in 0 CPU seconds
INFO: [Project 1-570] Preparing netlist for logic optimization
INFO: [Opt 31-138] Pushed 0 inverter(s) to 0 load pin(s).
Netlist sorting complete. Time (s): cpu = 00:00:00 ; elapsed = 00:00:00.001 . Memory (MB): peak = 779.695 ; gain = 0.000
INFO: [Project 1-111] Unisim Transformation Summary:
  A total of 1 instances were transformed.
  LD => LDCE: 1 instances

INFO: [Common 17-83] Releasing license: Synthesis
53 Infos, 112 Warnings, 0 Critical Warnings and 0 Errors encountered.
synth_design completed successfully
synth_design: Time (s): cpu = 00:00:18 ; elapsed = 00:00:20 . Memory (MB): peak = 779.695 ; gain = 511.051
Netlist sorting complete. Time (s): cpu = 00:00:00 ; elapsed = 00:00:00 . Memory (MB): peak = 779.695 ; gain = 0.000
WARNING: [Constraints 18-5210] No constraints selected for write.
Resolution: This message can indicate that there are no constraints for the design, or it can indicate that the used_in flags are set such that the constraints are ignored. This later case is used when running synth_design to not write synthesis constraints to the resulting checkpoint. Instead, project constraints are read when the synthesized design is opened.
INFO: [Common 17-1381] The checkpoint 'D:/vivado/05_Inst/05_Inst.runs/synth_1/Inst_Board.dcp' has been generated.
INFO: [runtcl-4] Executing : report_utilization -file Inst_Board_utilization_synth.rpt -pb Inst_Board_utilization_synth.pb
INFO: [Common 17-206] Exiting Vivado at Fri May  7 20:15:12 2021...
