Vivado Simulator 2018.3
Copyright 1986-1999, 2001-2018 Xilinx, Inc. All Rights Reserved.
Running: D:/Xilinx/Vivado/2018.3/bin/unwrapped/win64.o/xelab.exe -wto b8ba0a5705544aaabf22cee3946e07f6 --incr --debug typical --relax --mt 2 -L blk_mem_gen_v8_4_2 -L xil_defaultlib -L unisims_ver -L unimacro_ver -L secureip -L xpm --snapshot testcpu_behav xil_defaultlib.testcpu xil_defaultlib.glbl -log elaborate.log 
Using 2 slave threads.
Starting static elaboration
Completed static elaboration
Starting simulation data flow analysis
Completed simulation data flow analysis
Time Resolution for simulation is 1ps
Compiling module blk_mem_gen_v8_4_2.blk_mem_gen_v8_4_2_output_stage(...
Compiling module blk_mem_gen_v8_4_2.blk_mem_gen_v8_4_2_softecc_outpu...
Compiling module blk_mem_gen_v8_4_2.blk_mem_gen_v8_4_2_mem_module(C_...
Compiling module blk_mem_gen_v8_4_2.blk_mem_gen_v8_4_2(C_FAMILY="art...
Compiling module xil_defaultlib.Inst_ROM
Compiling module xil_defaultlib.Inst
Compiling module xil_defaultlib.RegFile_default
Compiling module xil_defaultlib.Shift
Compiling module xil_defaultlib.ALU
Compiling module xil_defaultlib.ALU_Shift
Compiling module xil_defaultlib.CPU
Compiling module xil_defaultlib.testcpu
Compiling module xil_defaultlib.glbl
Built simulation snapshot testcpu_behav
