
*** Running vivado
    with args -log CPU.vdi -applog -m64 -product Vivado -messageDb vivado.pb -mode batch -source CPU.tcl -notrace


****** Vivado v2018.3 (64-bit)
  **** SW Build 2405991 on Thu Dec  6 23:38:27 MST 2018
  **** IP Build 2404404 on Fri Dec  7 01:43:56 MST 2018
    ** Copyright 1986-2018 Xilinx, Inc. All Rights Reserved.

source CPU.tcl -notrace
Command: link_design -top CPU -part xc7a100tfgg484-2L
Design is defaulting to srcset: sources_1
Design is defaulting to constrset: constrs_1
INFO: [Project 1-454] Reading design checkpoint 'd:/vivado/08_CPU_memory_reference/08_CPU_memory_reference.srcs/sources_1/ip/Data_RAM/Data_RAM.dcp' for cell 'Dataram'
INFO: [Project 1-454] Reading design checkpoint 'd:/vivado/08_CPU_memory_reference/Inst_ROM/Inst_ROM.dcp' for cell 'Inst_Instance/Inst_ROM_Instance'
INFO: [Netlist 29-17] Analyzing 367 Unisim elements for replacement
INFO: [Netlist 29-28] Unisim Transformation completed in 0 CPU seconds
INFO: [Project 1-479] Netlist was created with Vivado 2018.3
INFO: [Device 21-403] Loading part xc7a100tfgg484-2L
INFO: [Project 1-570] Preparing netlist for logic optimization
Parsing XDC File [D:/vivado/08_CPU_memory_reference/Board.xdc]
WARNING: [Vivado 12-584] No ports matched 'sw'. [D:/vivado/08_CPU_memory_reference/Board.xdc:5]
CRITICAL WARNING: [Common 17-55] 'set_property' expects at least one object. [D:/vivado/08_CPU_memory_reference/Board.xdc:5]
Resolution: If [get_<value>] was used to populate the object, check to make sure this command returns at least one valid object.
WARNING: [Vivado 12-584] No ports matched 'sw'. [D:/vivado/08_CPU_memory_reference/Board.xdc:6]
CRITICAL WARNING: [Common 17-55] 'set_property' expects at least one object. [D:/vivado/08_CPU_memory_reference/Board.xdc:6]
Resolution: If [get_<value>] was used to populate the object, check to make sure this command returns at least one valid object.
WARNING: [Vivado 12-584] No ports matched 'sw[1]'. [D:/vivado/08_CPU_memory_reference/Board.xdc:7]
CRITICAL WARNING: [Common 17-55] 'set_property' expects at least one object. [D:/vivado/08_CPU_memory_reference/Board.xdc:7]
Resolution: If [get_<value>] was used to populate the object, check to make sure this command returns at least one valid object.
WARNING: [Vivado 12-584] No ports matched 'sw[2]'. [D:/vivado/08_CPU_memory_reference/Board.xdc:8]
CRITICAL WARNING: [Common 17-55] 'set_property' expects at least one object. [D:/vivado/08_CPU_memory_reference/Board.xdc:8]
Resolution: If [get_<value>] was used to populate the object, check to make sure this command returns at least one valid object.
WARNING: [Vivado 12-584] No ports matched 'sw[3]'. [D:/vivado/08_CPU_memory_reference/Board.xdc:9]
CRITICAL WARNING: [Common 17-55] 'set_property' expects at least one object. [D:/vivado/08_CPU_memory_reference/Board.xdc:9]
Resolution: If [get_<value>] was used to populate the object, check to make sure this command returns at least one valid object.
WARNING: [Vivado 12-584] No ports matched 'sw[4]'. [D:/vivado/08_CPU_memory_reference/Board.xdc:10]
CRITICAL WARNING: [Common 17-55] 'set_property' expects at least one object. [D:/vivado/08_CPU_memory_reference/Board.xdc:10]
Resolution: If [get_<value>] was used to populate the object, check to make sure this command returns at least one valid object.
WARNING: [Vivado 12-584] No ports matched 'sw[5]'. [D:/vivado/08_CPU_memory_reference/Board.xdc:11]
CRITICAL WARNING: [Common 17-55] 'set_property' expects at least one object. [D:/vivado/08_CPU_memory_reference/Board.xdc:11]
Resolution: If [get_<value>] was used to populate the object, check to make sure this command returns at least one valid object.
WARNING: [Vivado 12-584] No ports matched 'sw[6]'. [D:/vivado/08_CPU_memory_reference/Board.xdc:12]
CRITICAL WARNING: [Common 17-55] 'set_property' expects at least one object. [D:/vivado/08_CPU_memory_reference/Board.xdc:12]
Resolution: If [get_<value>] was used to populate the object, check to make sure this command returns at least one valid object.
WARNING: [Vivado 12-584] No ports matched 'sw[7]'. [D:/vivado/08_CPU_memory_reference/Board.xdc:13]
CRITICAL WARNING: [Common 17-55] 'set_property' expects at least one object. [D:/vivado/08_CPU_memory_reference/Board.xdc:13]
Resolution: If [get_<value>] was used to populate the object, check to make sure this command returns at least one valid object.
WARNING: [Vivado 12-584] No ports matched 'sw[8]'. [D:/vivado/08_CPU_memory_reference/Board.xdc:14]
CRITICAL WARNING: [Common 17-55] 'set_property' expects at least one object. [D:/vivado/08_CPU_memory_reference/Board.xdc:14]
Resolution: If [get_<value>] was used to populate the object, check to make sure this command returns at least one valid object.
WARNING: [Vivado 12-584] No ports matched 'sw[9]'. [D:/vivado/08_CPU_memory_reference/Board.xdc:15]
CRITICAL WARNING: [Common 17-55] 'set_property' expects at least one object. [D:/vivado/08_CPU_memory_reference/Board.xdc:15]
Resolution: If [get_<value>] was used to populate the object, check to make sure this command returns at least one valid object.
WARNING: [Vivado 12-584] No ports matched 'sw[10]'. [D:/vivado/08_CPU_memory_reference/Board.xdc:16]
CRITICAL WARNING: [Common 17-55] 'set_property' expects at least one object. [D:/vivado/08_CPU_memory_reference/Board.xdc:16]
Resolution: If [get_<value>] was used to populate the object, check to make sure this command returns at least one valid object.
WARNING: [Vivado 12-584] No ports matched 'sw[11]'. [D:/vivado/08_CPU_memory_reference/Board.xdc:17]
CRITICAL WARNING: [Common 17-55] 'set_property' expects at least one object. [D:/vivado/08_CPU_memory_reference/Board.xdc:17]
Resolution: If [get_<value>] was used to populate the object, check to make sure this command returns at least one valid object.
WARNING: [Vivado 12-584] No ports matched 'sw[12]'. [D:/vivado/08_CPU_memory_reference/Board.xdc:18]
CRITICAL WARNING: [Common 17-55] 'set_property' expects at least one object. [D:/vivado/08_CPU_memory_reference/Board.xdc:18]
Resolution: If [get_<value>] was used to populate the object, check to make sure this command returns at least one valid object.
WARNING: [Vivado 12-584] No ports matched 'sw[13]'. [D:/vivado/08_CPU_memory_reference/Board.xdc:19]
CRITICAL WARNING: [Common 17-55] 'set_property' expects at least one object. [D:/vivado/08_CPU_memory_reference/Board.xdc:19]
Resolution: If [get_<value>] was used to populate the object, check to make sure this command returns at least one valid object.
WARNING: [Vivado 12-584] No ports matched 'sw[14]'. [D:/vivado/08_CPU_memory_reference/Board.xdc:20]
CRITICAL WARNING: [Common 17-55] 'set_property' expects at least one object. [D:/vivado/08_CPU_memory_reference/Board.xdc:20]
Resolution: If [get_<value>] was used to populate the object, check to make sure this command returns at least one valid object.
WARNING: [Vivado 12-584] No ports matched 'sw[15]'. [D:/vivado/08_CPU_memory_reference/Board.xdc:21]
CRITICAL WARNING: [Common 17-55] 'set_property' expects at least one object. [D:/vivado/08_CPU_memory_reference/Board.xdc:21]
Resolution: If [get_<value>] was used to populate the object, check to make sure this command returns at least one valid object.
WARNING: [Vivado 12-584] No ports matched 'sw[16]'. [D:/vivado/08_CPU_memory_reference/Board.xdc:22]
CRITICAL WARNING: [Common 17-55] 'set_property' expects at least one object. [D:/vivado/08_CPU_memory_reference/Board.xdc:22]
Resolution: If [get_<value>] was used to populate the object, check to make sure this command returns at least one valid object.
WARNING: [Vivado 12-584] No ports matched 'sw[17]'. [D:/vivado/08_CPU_memory_reference/Board.xdc:23]
CRITICAL WARNING: [Common 17-55] 'set_property' expects at least one object. [D:/vivado/08_CPU_memory_reference/Board.xdc:23]
Resolution: If [get_<value>] was used to populate the object, check to make sure this command returns at least one valid object.
WARNING: [Vivado 12-584] No ports matched 'sw[18]'. [D:/vivado/08_CPU_memory_reference/Board.xdc:24]
CRITICAL WARNING: [Common 17-55] 'set_property' expects at least one object. [D:/vivado/08_CPU_memory_reference/Board.xdc:24]
Resolution: If [get_<value>] was used to populate the object, check to make sure this command returns at least one valid object.
WARNING: [Vivado 12-584] No ports matched 'sw[19]'. [D:/vivado/08_CPU_memory_reference/Board.xdc:25]
CRITICAL WARNING: [Common 17-55] 'set_property' expects at least one object. [D:/vivado/08_CPU_memory_reference/Board.xdc:25]
Resolution: If [get_<value>] was used to populate the object, check to make sure this command returns at least one valid object.
WARNING: [Vivado 12-584] No ports matched 'sw[20]'. [D:/vivado/08_CPU_memory_reference/Board.xdc:26]
CRITICAL WARNING: [Common 17-55] 'set_property' expects at least one object. [D:/vivado/08_CPU_memory_reference/Board.xdc:26]
Resolution: If [get_<value>] was used to populate the object, check to make sure this command returns at least one valid object.
WARNING: [Vivado 12-584] No ports matched 'sw[21]'. [D:/vivado/08_CPU_memory_reference/Board.xdc:27]
CRITICAL WARNING: [Common 17-55] 'set_property' expects at least one object. [D:/vivado/08_CPU_memory_reference/Board.xdc:27]
Resolution: If [get_<value>] was used to populate the object, check to make sure this command returns at least one valid object.
WARNING: [Vivado 12-584] No ports matched 'sw[22]'. [D:/vivado/08_CPU_memory_reference/Board.xdc:28]
CRITICAL WARNING: [Common 17-55] 'set_property' expects at least one object. [D:/vivado/08_CPU_memory_reference/Board.xdc:28]
Resolution: If [get_<value>] was used to populate the object, check to make sure this command returns at least one valid object.
WARNING: [Vivado 12-584] No ports matched 'sw[23]'. [D:/vivado/08_CPU_memory_reference/Board.xdc:29]
CRITICAL WARNING: [Common 17-55] 'set_property' expects at least one object. [D:/vivado/08_CPU_memory_reference/Board.xdc:29]
Resolution: If [get_<value>] was used to populate the object, check to make sure this command returns at least one valid object.
WARNING: [Vivado 12-584] No ports matched 'sw[24]'. [D:/vivado/08_CPU_memory_reference/Board.xdc:30]
CRITICAL WARNING: [Common 17-55] 'set_property' expects at least one object. [D:/vivado/08_CPU_memory_reference/Board.xdc:30]
Resolution: If [get_<value>] was used to populate the object, check to make sure this command returns at least one valid object.
WARNING: [Vivado 12-584] No ports matched 'sw[25]'. [D:/vivado/08_CPU_memory_reference/Board.xdc:31]
CRITICAL WARNING: [Common 17-55] 'set_property' expects at least one object. [D:/vivado/08_CPU_memory_reference/Board.xdc:31]
Resolution: If [get_<value>] was used to populate the object, check to make sure this command returns at least one valid object.
WARNING: [Vivado 12-584] No ports matched 'sw[26]'. [D:/vivado/08_CPU_memory_reference/Board.xdc:32]
CRITICAL WARNING: [Common 17-55] 'set_property' expects at least one object. [D:/vivado/08_CPU_memory_reference/Board.xdc:32]
Resolution: If [get_<value>] was used to populate the object, check to make sure this command returns at least one valid object.
WARNING: [Vivado 12-584] No ports matched 'sw[27]'. [D:/vivado/08_CPU_memory_reference/Board.xdc:33]
CRITICAL WARNING: [Common 17-55] 'set_property' expects at least one object. [D:/vivado/08_CPU_memory_reference/Board.xdc:33]
Resolution: If [get_<value>] was used to populate the object, check to make sure this command returns at least one valid object.
WARNING: [Vivado 12-584] No ports matched 'sw[28]'. [D:/vivado/08_CPU_memory_reference/Board.xdc:34]
CRITICAL WARNING: [Common 17-55] 'set_property' expects at least one object. [D:/vivado/08_CPU_memory_reference/Board.xdc:34]
Resolution: If [get_<value>] was used to populate the object, check to make sure this command returns at least one valid object.
WARNING: [Vivado 12-584] No ports matched 'sw[29]'. [D:/vivado/08_CPU_memory_reference/Board.xdc:35]
CRITICAL WARNING: [Common 17-55] 'set_property' expects at least one object. [D:/vivado/08_CPU_memory_reference/Board.xdc:35]
Resolution: If [get_<value>] was used to populate the object, check to make sure this command returns at least one valid object.
WARNING: [Vivado 12-584] No ports matched 'sw[30]'. [D:/vivado/08_CPU_memory_reference/Board.xdc:36]
CRITICAL WARNING: [Common 17-55] 'set_property' expects at least one object. [D:/vivado/08_CPU_memory_reference/Board.xdc:36]
Resolution: If [get_<value>] was used to populate the object, check to make sure this command returns at least one valid object.
WARNING: [Vivado 12-584] No ports matched 'sw[31]'. [D:/vivado/08_CPU_memory_reference/Board.xdc:37]
CRITICAL WARNING: [Common 17-55] 'set_property' expects at least one object. [D:/vivado/08_CPU_memory_reference/Board.xdc:37]
Resolution: If [get_<value>] was used to populate the object, check to make sure this command returns at least one valid object.
WARNING: [Vivado 12-584] No ports matched 'sw[32]'. [D:/vivado/08_CPU_memory_reference/Board.xdc:38]
CRITICAL WARNING: [Common 17-55] 'set_property' expects at least one object. [D:/vivado/08_CPU_memory_reference/Board.xdc:38]
Resolution: If [get_<value>] was used to populate the object, check to make sure this command returns at least one valid object.
WARNING: [Vivado 12-584] No ports matched 'swb'. [D:/vivado/08_CPU_memory_reference/Board.xdc:41]
CRITICAL WARNING: [Common 17-55] 'set_property' expects at least one object. [D:/vivado/08_CPU_memory_reference/Board.xdc:41]
Resolution: If [get_<value>] was used to populate the object, check to make sure this command returns at least one valid object.
WARNING: [Vivado 12-584] No ports matched 'swb[1]'. [D:/vivado/08_CPU_memory_reference/Board.xdc:42]
CRITICAL WARNING: [Common 17-55] 'set_property' expects at least one object. [D:/vivado/08_CPU_memory_reference/Board.xdc:42]
Resolution: If [get_<value>] was used to populate the object, check to make sure this command returns at least one valid object.
WARNING: [Vivado 12-584] No ports matched 'swb[2]'. [D:/vivado/08_CPU_memory_reference/Board.xdc:43]
CRITICAL WARNING: [Common 17-55] 'set_property' expects at least one object. [D:/vivado/08_CPU_memory_reference/Board.xdc:43]
Resolution: If [get_<value>] was used to populate the object, check to make sure this command returns at least one valid object.
WARNING: [Vivado 12-584] No ports matched 'swb[3]'. [D:/vivado/08_CPU_memory_reference/Board.xdc:44]
CRITICAL WARNING: [Common 17-55] 'set_property' expects at least one object. [D:/vivado/08_CPU_memory_reference/Board.xdc:44]
Resolution: If [get_<value>] was used to populate the object, check to make sure this command returns at least one valid object.
WARNING: [Vivado 12-584] No ports matched 'swb[4]'. [D:/vivado/08_CPU_memory_reference/Board.xdc:45]
CRITICAL WARNING: [Common 17-55] 'set_property' expects at least one object. [D:/vivado/08_CPU_memory_reference/Board.xdc:45]
Resolution: If [get_<value>] was used to populate the object, check to make sure this command returns at least one valid object.
WARNING: [Vivado 12-584] No ports matched 'swb[5]'. [D:/vivado/08_CPU_memory_reference/Board.xdc:46]
CRITICAL WARNING: [Common 17-55] 'set_property' expects at least one object. [D:/vivado/08_CPU_memory_reference/Board.xdc:46]
Resolution: If [get_<value>] was used to populate the object, check to make sure this command returns at least one valid object.
WARNING: [Vivado 12-584] No ports matched 'swb[6]'. [D:/vivado/08_CPU_memory_reference/Board.xdc:47]
CRITICAL WARNING: [Common 17-55] 'set_property' expects at least one object. [D:/vivado/08_CPU_memory_reference/Board.xdc:47]
Resolution: If [get_<value>] was used to populate the object, check to make sure this command returns at least one valid object.
WARNING: [Vivado 12-584] No ports matched 'led'. [D:/vivado/08_CPU_memory_reference/Board.xdc:50]
CRITICAL WARNING: [Common 17-55] 'set_property' expects at least one object. [D:/vivado/08_CPU_memory_reference/Board.xdc:50]
Resolution: If [get_<value>] was used to populate the object, check to make sure this command returns at least one valid object.
WARNING: [Vivado 12-584] No ports matched 'led'. [D:/vivado/08_CPU_memory_reference/Board.xdc:51]
CRITICAL WARNING: [Common 17-55] 'set_property' expects at least one object. [D:/vivado/08_CPU_memory_reference/Board.xdc:51]
Resolution: If [get_<value>] was used to populate the object, check to make sure this command returns at least one valid object.
WARNING: [Vivado 12-584] No ports matched 'led[1]'. [D:/vivado/08_CPU_memory_reference/Board.xdc:52]
CRITICAL WARNING: [Common 17-55] 'set_property' expects at least one object. [D:/vivado/08_CPU_memory_reference/Board.xdc:52]
Resolution: If [get_<value>] was used to populate the object, check to make sure this command returns at least one valid object.
WARNING: [Vivado 12-584] No ports matched 'led[2]'. [D:/vivado/08_CPU_memory_reference/Board.xdc:53]
CRITICAL WARNING: [Common 17-55] 'set_property' expects at least one object. [D:/vivado/08_CPU_memory_reference/Board.xdc:53]
Resolution: If [get_<value>] was used to populate the object, check to make sure this command returns at least one valid object.
WARNING: [Vivado 12-584] No ports matched 'led[3]'. [D:/vivado/08_CPU_memory_reference/Board.xdc:54]
CRITICAL WARNING: [Common 17-55] 'set_property' expects at least one object. [D:/vivado/08_CPU_memory_reference/Board.xdc:54]
Resolution: If [get_<value>] was used to populate the object, check to make sure this command returns at least one valid object.
WARNING: [Vivado 12-584] No ports matched 'led[4]'. [D:/vivado/08_CPU_memory_reference/Board.xdc:55]
CRITICAL WARNING: [Common 17-55] 'set_property' expects at least one object. [D:/vivado/08_CPU_memory_reference/Board.xdc:55]
Resolution: If [get_<value>] was used to populate the object, check to make sure this command returns at least one valid object.
WARNING: [Vivado 12-584] No ports matched 'led[5]'. [D:/vivado/08_CPU_memory_reference/Board.xdc:56]
CRITICAL WARNING: [Common 17-55] 'set_property' expects at least one object. [D:/vivado/08_CPU_memory_reference/Board.xdc:56]
Resolution: If [get_<value>] was used to populate the object, check to make sure this command returns at least one valid object.
WARNING: [Vivado 12-584] No ports matched 'led[6]'. [D:/vivado/08_CPU_memory_reference/Board.xdc:57]
CRITICAL WARNING: [Common 17-55] 'set_property' expects at least one object. [D:/vivado/08_CPU_memory_reference/Board.xdc:57]
Resolution: If [get_<value>] was used to populate the object, check to make sure this command returns at least one valid object.
WARNING: [Vivado 12-584] No ports matched 'led[7]'. [D:/vivado/08_CPU_memory_reference/Board.xdc:58]
CRITICAL WARNING: [Common 17-55] 'set_property' expects at least one object. [D:/vivado/08_CPU_memory_reference/Board.xdc:58]
Resolution: If [get_<value>] was used to populate the object, check to make sure this command returns at least one valid object.
WARNING: [Vivado 12-584] No ports matched 'led[8]'. [D:/vivado/08_CPU_memory_reference/Board.xdc:59]
CRITICAL WARNING: [Common 17-55] 'set_property' expects at least one object. [D:/vivado/08_CPU_memory_reference/Board.xdc:59]
Resolution: If [get_<value>] was used to populate the object, check to make sure this command returns at least one valid object.
WARNING: [Vivado 12-584] No ports matched 'led[9]'. [D:/vivado/08_CPU_memory_reference/Board.xdc:60]
CRITICAL WARNING: [Common 17-55] 'set_property' expects at least one object. [D:/vivado/08_CPU_memory_reference/Board.xdc:60]
Resolution: If [get_<value>] was used to populate the object, check to make sure this command returns at least one valid object.
WARNING: [Vivado 12-584] No ports matched 'led[10]'. [D:/vivado/08_CPU_memory_reference/Board.xdc:61]
CRITICAL WARNING: [Common 17-55] 'set_property' expects at least one object. [D:/vivado/08_CPU_memory_reference/Board.xdc:61]
Resolution: If [get_<value>] was used to populate the object, check to make sure this command returns at least one valid object.
WARNING: [Vivado 12-584] No ports matched 'led[11]'. [D:/vivado/08_CPU_memory_reference/Board.xdc:62]
CRITICAL WARNING: [Common 17-55] 'set_property' expects at least one object. [D:/vivado/08_CPU_memory_reference/Board.xdc:62]
Resolution: If [get_<value>] was used to populate the object, check to make sure this command returns at least one valid object.
WARNING: [Vivado 12-584] No ports matched 'led[12]'. [D:/vivado/08_CPU_memory_reference/Board.xdc:63]
CRITICAL WARNING: [Common 17-55] 'set_property' expects at least one object. [D:/vivado/08_CPU_memory_reference/Board.xdc:63]
Resolution: If [get_<value>] was used to populate the object, check to make sure this command returns at least one valid object.
WARNING: [Vivado 12-584] No ports matched 'led[13]'. [D:/vivado/08_CPU_memory_reference/Board.xdc:64]
CRITICAL WARNING: [Common 17-55] 'set_property' expects at least one object. [D:/vivado/08_CPU_memory_reference/Board.xdc:64]
Resolution: If [get_<value>] was used to populate the object, check to make sure this command returns at least one valid object.
WARNING: [Vivado 12-584] No ports matched 'led[14]'. [D:/vivado/08_CPU_memory_reference/Board.xdc:65]
CRITICAL WARNING: [Common 17-55] 'set_property' expects at least one object. [D:/vivado/08_CPU_memory_reference/Board.xdc:65]
Resolution: If [get_<value>] was used to populate the object, check to make sure this command returns at least one valid object.
WARNING: [Vivado 12-584] No ports matched 'led[15]'. [D:/vivado/08_CPU_memory_reference/Board.xdc:66]
CRITICAL WARNING: [Common 17-55] 'set_property' expects at least one object. [D:/vivado/08_CPU_memory_reference/Board.xdc:66]
Resolution: If [get_<value>] was used to populate the object, check to make sure this command returns at least one valid object.
WARNING: [Vivado 12-584] No ports matched 'led[16]'. [D:/vivado/08_CPU_memory_reference/Board.xdc:67]
CRITICAL WARNING: [Common 17-55] 'set_property' expects at least one object. [D:/vivado/08_CPU_memory_reference/Board.xdc:67]
Resolution: If [get_<value>] was used to populate the object, check to make sure this command returns at least one valid object.
WARNING: [Vivado 12-584] No ports matched 'led[17]'. [D:/vivado/08_CPU_memory_reference/Board.xdc:68]
CRITICAL WARNING: [Common 17-55] 'set_property' expects at least one object. [D:/vivado/08_CPU_memory_reference/Board.xdc:68]
Resolution: If [get_<value>] was used to populate the object, check to make sure this command returns at least one valid object.
WARNING: [Vivado 12-584] No ports matched 'led[18]'. [D:/vivado/08_CPU_memory_reference/Board.xdc:69]
CRITICAL WARNING: [Common 17-55] 'set_property' expects at least one object. [D:/vivado/08_CPU_memory_reference/Board.xdc:69]
Resolution: If [get_<value>] was used to populate the object, check to make sure this command returns at least one valid object.
WARNING: [Vivado 12-584] No ports matched 'led[19]'. [D:/vivado/08_CPU_memory_reference/Board.xdc:70]
CRITICAL WARNING: [Common 17-55] 'set_property' expects at least one object. [D:/vivado/08_CPU_memory_reference/Board.xdc:70]
Resolution: If [get_<value>] was used to populate the object, check to make sure this command returns at least one valid object.
WARNING: [Vivado 12-584] No ports matched 'led[20]'. [D:/vivado/08_CPU_memory_reference/Board.xdc:71]
CRITICAL WARNING: [Common 17-55] 'set_property' expects at least one object. [D:/vivado/08_CPU_memory_reference/Board.xdc:71]
Resolution: If [get_<value>] was used to populate the object, check to make sure this command returns at least one valid object.
WARNING: [Vivado 12-584] No ports matched 'led[21]'. [D:/vivado/08_CPU_memory_reference/Board.xdc:72]
CRITICAL WARNING: [Common 17-55] 'set_property' expects at least one object. [D:/vivado/08_CPU_memory_reference/Board.xdc:72]
Resolution: If [get_<value>] was used to populate the object, check to make sure this command returns at least one valid object.
WARNING: [Vivado 12-584] No ports matched 'led[22]'. [D:/vivado/08_CPU_memory_reference/Board.xdc:73]
CRITICAL WARNING: [Common 17-55] 'set_property' expects at least one object. [D:/vivado/08_CPU_memory_reference/Board.xdc:73]
Resolution: If [get_<value>] was used to populate the object, check to make sure this command returns at least one valid object.
WARNING: [Vivado 12-584] No ports matched 'led[23]'. [D:/vivado/08_CPU_memory_reference/Board.xdc:74]
CRITICAL WARNING: [Common 17-55] 'set_property' expects at least one object. [D:/vivado/08_CPU_memory_reference/Board.xdc:74]
Resolution: If [get_<value>] was used to populate the object, check to make sure this command returns at least one valid object.
WARNING: [Vivado 12-584] No ports matched 'led[24]'. [D:/vivado/08_CPU_memory_reference/Board.xdc:75]
CRITICAL WARNING: [Common 17-55] 'set_property' expects at least one object. [D:/vivado/08_CPU_memory_reference/Board.xdc:75]
Resolution: If [get_<value>] was used to populate the object, check to make sure this command returns at least one valid object.
WARNING: [Vivado 12-584] No ports matched 'led[25]'. [D:/vivado/08_CPU_memory_reference/Board.xdc:76]
CRITICAL WARNING: [Common 17-55] 'set_property' expects at least one object. [D:/vivado/08_CPU_memory_reference/Board.xdc:76]
Resolution: If [get_<value>] was used to populate the object, check to make sure this command returns at least one valid object.
WARNING: [Vivado 12-584] No ports matched 'led[26]'. [D:/vivado/08_CPU_memory_reference/Board.xdc:77]
CRITICAL WARNING: [Common 17-55] 'set_property' expects at least one object. [D:/vivado/08_CPU_memory_reference/Board.xdc:77]
Resolution: If [get_<value>] was used to populate the object, check to make sure this command returns at least one valid object.
WARNING: [Vivado 12-584] No ports matched 'led[27]'. [D:/vivado/08_CPU_memory_reference/Board.xdc:78]
CRITICAL WARNING: [Common 17-55] 'set_property' expects at least one object. [D:/vivado/08_CPU_memory_reference/Board.xdc:78]
Resolution: If [get_<value>] was used to populate the object, check to make sure this command returns at least one valid object.
WARNING: [Vivado 12-584] No ports matched 'led[28]'. [D:/vivado/08_CPU_memory_reference/Board.xdc:79]
CRITICAL WARNING: [Common 17-55] 'set_property' expects at least one object. [D:/vivado/08_CPU_memory_reference/Board.xdc:79]
Resolution: If [get_<value>] was used to populate the object, check to make sure this command returns at least one valid object.
WARNING: [Vivado 12-584] No ports matched 'led[29]'. [D:/vivado/08_CPU_memory_reference/Board.xdc:80]
CRITICAL WARNING: [Common 17-55] 'set_property' expects at least one object. [D:/vivado/08_CPU_memory_reference/Board.xdc:80]
Resolution: If [get_<value>] was used to populate the object, check to make sure this command returns at least one valid object.
WARNING: [Vivado 12-584] No ports matched 'led[30]'. [D:/vivado/08_CPU_memory_reference/Board.xdc:81]
CRITICAL WARNING: [Common 17-55] 'set_property' expects at least one object. [D:/vivado/08_CPU_memory_reference/Board.xdc:81]
Resolution: If [get_<value>] was used to populate the object, check to make sure this command returns at least one valid object.
WARNING: [Vivado 12-584] No ports matched 'led[31]'. [D:/vivado/08_CPU_memory_reference/Board.xdc:82]
CRITICAL WARNING: [Common 17-55] 'set_property' expects at least one object. [D:/vivado/08_CPU_memory_reference/Board.xdc:82]
Resolution: If [get_<value>] was used to populate the object, check to make sure this command returns at least one valid object.
WARNING: [Vivado 12-584] No ports matched 'led[32]'. [D:/vivado/08_CPU_memory_reference/Board.xdc:83]
CRITICAL WARNING: [Common 17-55] 'set_property' expects at least one object. [D:/vivado/08_CPU_memory_reference/Board.xdc:83]
Resolution: If [get_<value>] was used to populate the object, check to make sure this command returns at least one valid object.
WARNING: [Vivado 12-584] No ports matched 'seg'. [D:/vivado/08_CPU_memory_reference/Board.xdc:86]
CRITICAL WARNING: [Common 17-55] 'set_property' expects at least one object. [D:/vivado/08_CPU_memory_reference/Board.xdc:86]
Resolution: If [get_<value>] was used to populate the object, check to make sure this command returns at least one valid object.
WARNING: [Vivado 12-584] No ports matched 'seg[7]'. [D:/vivado/08_CPU_memory_reference/Board.xdc:87]
CRITICAL WARNING: [Common 17-55] 'set_property' expects at least one object. [D:/vivado/08_CPU_memory_reference/Board.xdc:87]
Resolution: If [get_<value>] was used to populate the object, check to make sure this command returns at least one valid object.
WARNING: [Vivado 12-584] No ports matched 'seg[6]'. [D:/vivado/08_CPU_memory_reference/Board.xdc:88]
CRITICAL WARNING: [Common 17-55] 'set_property' expects at least one object. [D:/vivado/08_CPU_memory_reference/Board.xdc:88]
Resolution: If [get_<value>] was used to populate the object, check to make sure this command returns at least one valid object.
WARNING: [Vivado 12-584] No ports matched 'seg[5]'. [D:/vivado/08_CPU_memory_reference/Board.xdc:89]
CRITICAL WARNING: [Common 17-55] 'set_property' expects at least one object. [D:/vivado/08_CPU_memory_reference/Board.xdc:89]
Resolution: If [get_<value>] was used to populate the object, check to make sure this command returns at least one valid object.
WARNING: [Vivado 12-584] No ports matched 'seg[4]'. [D:/vivado/08_CPU_memory_reference/Board.xdc:90]
CRITICAL WARNING: [Common 17-55] 'set_property' expects at least one object. [D:/vivado/08_CPU_memory_reference/Board.xdc:90]
Resolution: If [get_<value>] was used to populate the object, check to make sure this command returns at least one valid object.
WARNING: [Vivado 12-584] No ports matched 'seg[3]'. [D:/vivado/08_CPU_memory_reference/Board.xdc:91]
CRITICAL WARNING: [Common 17-55] 'set_property' expects at least one object. [D:/vivado/08_CPU_memory_reference/Board.xdc:91]
Resolution: If [get_<value>] was used to populate the object, check to make sure this command returns at least one valid object.
WARNING: [Vivado 12-584] No ports matched 'seg[2]'. [D:/vivado/08_CPU_memory_reference/Board.xdc:92]
CRITICAL WARNING: [Common 17-55] 'set_property' expects at least one object. [D:/vivado/08_CPU_memory_reference/Board.xdc:92]
Resolution: If [get_<value>] was used to populate the object, check to make sure this command returns at least one valid object.
WARNING: [Vivado 12-584] No ports matched 'seg[1]'. [D:/vivado/08_CPU_memory_reference/Board.xdc:93]
CRITICAL WARNING: [Common 17-55] 'set_property' expects at least one object. [D:/vivado/08_CPU_memory_reference/Board.xdc:93]
Resolution: If [get_<value>] was used to populate the object, check to make sure this command returns at least one valid object.
WARNING: [Vivado 12-584] No ports matched 'seg[0]'. [D:/vivado/08_CPU_memory_reference/Board.xdc:94]
CRITICAL WARNING: [Common 17-55] 'set_property' expects at least one object. [D:/vivado/08_CPU_memory_reference/Board.xdc:94]
Resolution: If [get_<value>] was used to populate the object, check to make sure this command returns at least one valid object.
WARNING: [Vivado 12-584] No ports matched 'which'. [D:/vivado/08_CPU_memory_reference/Board.xdc:95]
CRITICAL WARNING: [Common 17-55] 'set_property' expects at least one object. [D:/vivado/08_CPU_memory_reference/Board.xdc:95]
Resolution: If [get_<value>] was used to populate the object, check to make sure this command returns at least one valid object.
WARNING: [Vivado 12-584] No ports matched 'which[0]'. [D:/vivado/08_CPU_memory_reference/Board.xdc:96]
CRITICAL WARNING: [Common 17-55] 'set_property' expects at least one object. [D:/vivado/08_CPU_memory_reference/Board.xdc:96]
Resolution: If [get_<value>] was used to populate the object, check to make sure this command returns at least one valid object.
WARNING: [Vivado 12-584] No ports matched 'which[1]'. [D:/vivado/08_CPU_memory_reference/Board.xdc:97]
CRITICAL WARNING: [Common 17-55] 'set_property' expects at least one object. [D:/vivado/08_CPU_memory_reference/Board.xdc:97]
Resolution: If [get_<value>] was used to populate the object, check to make sure this command returns at least one valid object.
WARNING: [Vivado 12-584] No ports matched 'which[2]'. [D:/vivado/08_CPU_memory_reference/Board.xdc:98]
CRITICAL WARNING: [Common 17-55] 'set_property' expects at least one object. [D:/vivado/08_CPU_memory_reference/Board.xdc:98]
Resolution: If [get_<value>] was used to populate the object, check to make sure this command returns at least one valid object.
WARNING: [Vivado 12-584] No ports matched 'enable'. [D:/vivado/08_CPU_memory_reference/Board.xdc:99]
CRITICAL WARNING: [Common 17-55] 'set_property' expects at least one object. [D:/vivado/08_CPU_memory_reference/Board.xdc:99]
Resolution: If [get_<value>] was used to populate the object, check to make sure this command returns at least one valid object.
WARNING: [Vivado 12-507] No nets matched 'swb_IBUF[1]'. [D:/vivado/08_CPU_memory_reference/Board.xdc:107]
CRITICAL WARNING: [Common 17-55] 'set_property' expects at least one object. [D:/vivado/08_CPU_memory_reference/Board.xdc:107]
Resolution: If [get_<value>] was used to populate the object, check to make sure this command returns at least one valid object.
WARNING: [Vivado 12-507] No nets matched 'swb_IBUF[2]'. [D:/vivado/08_CPU_memory_reference/Board.xdc:108]
CRITICAL WARNING: [Common 17-55] 'set_property' expects at least one object. [D:/vivado/08_CPU_memory_reference/Board.xdc:108]
Resolution: If [get_<value>] was used to populate the object, check to make sure this command returns at least one valid object.
WARNING: [Vivado 12-507] No nets matched 'swb_IBUF[3]'. [D:/vivado/08_CPU_memory_reference/Board.xdc:109]
CRITICAL WARNING: [Common 17-55] 'set_property' expects at least one object. [D:/vivado/08_CPU_memory_reference/Board.xdc:109]
Resolution: If [get_<value>] was used to populate the object, check to make sure this command returns at least one valid object.
WARNING: [Vivado 12-507] No nets matched 'swb_IBUF[4]'. [D:/vivado/08_CPU_memory_reference/Board.xdc:110]
CRITICAL WARNING: [Common 17-55] 'set_property' expects at least one object. [D:/vivado/08_CPU_memory_reference/Board.xdc:110]
Resolution: If [get_<value>] was used to populate the object, check to make sure this command returns at least one valid object.
WARNING: [Vivado 12-507] No nets matched 'swb_IBUF[5]'. [D:/vivado/08_CPU_memory_reference/Board.xdc:111]
CRITICAL WARNING: [Common 17-55] 'set_property' expects at least one object. [D:/vivado/08_CPU_memory_reference/Board.xdc:111]
Resolution: If [get_<value>] was used to populate the object, check to make sure this command returns at least one valid object.
WARNING: [Vivado 12-507] No nets matched 'swb_IBUF[6]'. [D:/vivado/08_CPU_memory_reference/Board.xdc:112]
CRITICAL WARNING: [Common 17-55] 'set_property' expects at least one object. [D:/vivado/08_CPU_memory_reference/Board.xdc:112]
Resolution: If [get_<value>] was used to populate the object, check to make sure this command returns at least one valid object.
Finished Parsing XDC File [D:/vivado/08_CPU_memory_reference/Board.xdc]
INFO: [Opt 31-138] Pushed 0 inverter(s) to 0 load pin(s).
Netlist sorting complete. Time (s): cpu = 00:00:00 ; elapsed = 00:00:00.001 . Memory (MB): peak = 600.359 ; gain = 0.000
INFO: [Project 1-111] Unisim Transformation Summary:
No Unisim elements were transformed.

9 Infos, 95 Warnings, 95 Critical Warnings and 0 Errors encountered.
link_design completed successfully
link_design: Time (s): cpu = 00:00:05 ; elapsed = 00:00:06 . Memory (MB): peak = 600.359 ; gain = 331.844
Command: opt_design
Attempting to get a license for feature 'Implementation' and/or device 'xc7a100t'
INFO: [Common 17-349] Got license for feature 'Implementation' and/or device 'xc7a100t'
Running DRC as a precondition to command opt_design

Starting DRC Task
INFO: [DRC 23-27] Running DRC with 2 threads
INFO: [Project 1-461] DRC finished with 0 Errors
INFO: [Project 1-462] Please refer to the DRC report (report_drc) for more information.

Time (s): cpu = 00:00:01 ; elapsed = 00:00:00.529 . Memory (MB): peak = 613.707 ; gain = 13.348

Starting Cache Timing Information Task
INFO: [Timing 38-35] Done setting XDC timing constraints.
Ending Cache Timing Information Task | Checksum: 1b1097e31

Time (s): cpu = 00:00:08 ; elapsed = 00:00:08 . Memory (MB): peak = 1174.191 ; gain = 560.484

Starting Logic Optimization Task

Phase 1 Retarget
INFO: [Opt 31-138] Pushed 0 inverter(s) to 0 load pin(s).
INFO: [Opt 31-49] Retargeted 0 cell(s).
Phase 1 Retarget | Checksum: 170eef3e3

Time (s): cpu = 00:00:00 ; elapsed = 00:00:00.158 . Memory (MB): peak = 1270.309 ; gain = 0.000
INFO: [Opt 31-389] Phase Retarget created 0 cells and removed 55 cells

Phase 2 Constant propagation
INFO: [Opt 31-138] Pushed 0 inverter(s) to 0 load pin(s).
Phase 2 Constant propagation | Checksum: 1f84ab25d

Time (s): cpu = 00:00:00 ; elapsed = 00:00:00.207 . Memory (MB): peak = 1270.309 ; gain = 0.000
INFO: [Opt 31-389] Phase Constant propagation created 0 cells and removed 0 cells

Phase 3 Sweep
Phase 3 Sweep | Checksum: 221f6ea46

Time (s): cpu = 00:00:00 ; elapsed = 00:00:00.437 . Memory (MB): peak = 1270.309 ; gain = 0.000
INFO: [Opt 31-389] Phase Sweep created 163 cells and removed 0 cells

Phase 4 BUFG optimization
Phase 4 BUFG optimization | Checksum: 221f6ea46

Time (s): cpu = 00:00:00 ; elapsed = 00:00:00.500 . Memory (MB): peak = 1270.309 ; gain = 0.000
INFO: [Opt 31-662] Phase BUFG optimization created 0 cells of which 0 are BUFGs and removed 0 cells.

Phase 5 Shift Register Optimization
Phase 5 Shift Register Optimization | Checksum: 1af633d18

Time (s): cpu = 00:00:00 ; elapsed = 00:00:00.743 . Memory (MB): peak = 1270.309 ; gain = 0.000
INFO: [Opt 31-389] Phase Shift Register Optimization created 0 cells and removed 0 cells

Phase 6 Post Processing Netlist
Phase 6 Post Processing Netlist | Checksum: 240134fc7

Time (s): cpu = 00:00:00 ; elapsed = 00:00:00.760 . Memory (MB): peak = 1270.309 ; gain = 0.000
INFO: [Opt 31-389] Phase Post Processing Netlist created 0 cells and removed 0 cells
Opt_design Change Summary
=========================


-------------------------------------------------------------------------------------------------------------------------
|  Phase                        |  #Cells created  |  #Cells Removed  |  #Constrained objects preventing optimizations  |
-------------------------------------------------------------------------------------------------------------------------
|  Retarget                     |               0  |              55  |                                              0  |
|  Constant propagation         |               0  |               0  |                                              0  |
|  Sweep                        |             163  |               0  |                                              0  |
|  BUFG optimization            |               0  |               0  |                                              0  |
|  Shift Register Optimization  |               0  |               0  |                                              0  |
|  Post Processing Netlist      |               0  |               0  |                                              0  |
-------------------------------------------------------------------------------------------------------------------------



Starting Connectivity Check Task

Time (s): cpu = 00:00:00 ; elapsed = 00:00:00.006 . Memory (MB): peak = 1270.309 ; gain = 0.000
Ending Logic Optimization Task | Checksum: 240134fc7

Time (s): cpu = 00:00:00 ; elapsed = 00:00:00.772 . Memory (MB): peak = 1270.309 ; gain = 0.000

Starting Power Optimization Task
INFO: [Pwropt 34-132] Skipping clock gating for clocks with a period < 2.00 ns.
INFO: [Pwropt 34-9] Applying IDT optimizations ...
INFO: [Pwropt 34-10] Applying ODC optimizations ...
INFO: [Timing 38-35] Done setting XDC timing constraints.
INFO: [Physopt 32-619] Estimated Timing Summary | WNS=0.000 | TNS=0.000 |
WARNING: [Power 33-232] No user defined clocks were found in the design!
Resolution: Please specify clocks using create_clock/create_generated_clock for sequential elements. For pure combinatorial circuits, please specify a virtual clock, otherwise the vectorless estimation might be inaccurate
Running Vector-less Activity Propagation...

Finished Running Vector-less Activity Propagation


Starting PowerOpt Patch Enables Task
INFO: [Pwropt 34-162] WRITE_MODE attribute of 0 BRAM(s) out of a total of 2 has been updated to save power. Run report_power_opt to get a complete listing of the BRAMs updated.
INFO: [Pwropt 34-201] Structural ODC has moved 0 WE to EN ports
Number of BRAM Ports augmented: 0 newly gated: 0 Total Ports: 4
Ending PowerOpt Patch Enables Task | Checksum: 240134fc7

Time (s): cpu = 00:00:00 ; elapsed = 00:00:00.015 . Memory (MB): peak = 1400.391 ; gain = 0.000
Ending Power Optimization Task | Checksum: 240134fc7

Time (s): cpu = 00:00:03 ; elapsed = 00:00:02 . Memory (MB): peak = 1400.391 ; gain = 130.082

Starting Final Cleanup Task
Ending Final Cleanup Task | Checksum: 240134fc7

Time (s): cpu = 00:00:00 ; elapsed = 00:00:00 . Memory (MB): peak = 1400.391 ; gain = 0.000

Starting Netlist Obfuscation Task
Netlist sorting complete. Time (s): cpu = 00:00:00 ; elapsed = 00:00:00.001 . Memory (MB): peak = 1400.391 ; gain = 0.000
Ending Netlist Obfuscation Task | Checksum: 240134fc7

Time (s): cpu = 00:00:00 ; elapsed = 00:00:00.001 . Memory (MB): peak = 1400.391 ; gain = 0.000
INFO: [Common 17-83] Releasing license: Implementation
31 Infos, 96 Warnings, 95 Critical Warnings and 0 Errors encountered.
opt_design completed successfully
opt_design: Time (s): cpu = 00:00:13 ; elapsed = 00:00:12 . Memory (MB): peak = 1400.391 ; gain = 800.031
Netlist sorting complete. Time (s): cpu = 00:00:00 ; elapsed = 00:00:00.001 . Memory (MB): peak = 1400.391 ; gain = 0.000
INFO: [Timing 38-480] Writing timing data to binary archive.
Writing placer database...
Writing XDEF routing.
Writing XDEF routing logical nets.
Writing XDEF routing special nets.
Write XDEF Complete: Time (s): cpu = 00:00:00 ; elapsed = 00:00:00.033 . Memory (MB): peak = 1400.391 ; gain = 0.000
Netlist sorting complete. Time (s): cpu = 00:00:00 ; elapsed = 00:00:00.001 . Memory (MB): peak = 1400.391 ; gain = 0.000
INFO: [Common 17-1381] The checkpoint 'D:/vivado/08_CPU_memory_reference/08_CPU_memory_reference.runs/impl_1/CPU_opt.dcp' has been generated.
INFO: [runtcl-4] Executing : report_drc -file CPU_drc_opted.rpt -pb CPU_drc_opted.pb -rpx CPU_drc_opted.rpx
Command: report_drc -file CPU_drc_opted.rpt -pb CPU_drc_opted.pb -rpx CPU_drc_opted.rpx
INFO: [IP_Flow 19-1839] IP Catalog is up to date.
INFO: [DRC 23-27] Running DRC with 2 threads
INFO: [Coretcl 2-168] The results of DRC are in file D:/vivado/08_CPU_memory_reference/08_CPU_memory_reference.runs/impl_1/CPU_drc_opted.rpt.
report_drc completed successfully
Command: place_design
Attempting to get a license for feature 'Implementation' and/or device 'xc7a100t'
INFO: [Common 17-349] Got license for feature 'Implementation' and/or device 'xc7a100t'
INFO: [DRC 23-27] Running DRC with 2 threads
INFO: [Vivado_Tcl 4-198] DRC finished with 0 Errors
INFO: [Vivado_Tcl 4-199] Please refer to the DRC report (report_drc) for more information.
Running DRC as a precondition to command place_design
INFO: [DRC 23-27] Running DRC with 2 threads
WARNING: [DRC CHECK-3] Report rule limit reached: REQP-1840 rule limit reached: 20 violations have been found.
WARNING: [DRC REQP-1840] RAMB18 async control check: The RAMB18E1 Dataram/U0/inst_blk_mem_gen/gnbram.gnativebmg.native_blk_mem_gen/valid.cstr/ramloop[0].ram.r/prim_init.ram/DEVICE_7SERIES.NO_BMM_INFO.SP.WIDE_PRIM18.ram has an input control pin Dataram/U0/inst_blk_mem_gen/gnbram.gnativebmg.native_blk_mem_gen/valid.cstr/ramloop[0].ram.r/prim_init.ram/DEVICE_7SERIES.NO_BMM_INFO.SP.WIDE_PRIM18.ram/ADDRARDADDR[10] (net: Dataram/U0/inst_blk_mem_gen/gnbram.gnativebmg.native_blk_mem_gen/valid.cstr/ramloop[0].ram.r/prim_init.ram/addra[5]) which is driven by a register (ALU_Shift_Instance/F_reg[5]) that has an active asychronous set or reset. This may cause corruption of the memory contents and/or read values when the set/reset is asserted and is not analyzed by the default static timing analysis. It is suggested to eliminate the use of a set/reset to registers driving this RAMB pin or else use a synchronous reset in which the assertion of the reset is timed by default.
WARNING: [DRC REQP-1840] RAMB18 async control check: The RAMB18E1 Dataram/U0/inst_blk_mem_gen/gnbram.gnativebmg.native_blk_mem_gen/valid.cstr/ramloop[0].ram.r/prim_init.ram/DEVICE_7SERIES.NO_BMM_INFO.SP.WIDE_PRIM18.ram has an input control pin Dataram/U0/inst_blk_mem_gen/gnbram.gnativebmg.native_blk_mem_gen/valid.cstr/ramloop[0].ram.r/prim_init.ram/DEVICE_7SERIES.NO_BMM_INFO.SP.WIDE_PRIM18.ram/ADDRARDADDR[11] (net: Dataram/U0/inst_blk_mem_gen/gnbram.gnativebmg.native_blk_mem_gen/valid.cstr/ramloop[0].ram.r/prim_init.ram/addra[6]) which is driven by a register (ALU_Shift_Instance/F_reg[6]) that has an active asychronous set or reset. This may cause corruption of the memory contents and/or read values when the set/reset is asserted and is not analyzed by the default static timing analysis. It is suggested to eliminate the use of a set/reset to registers driving this RAMB pin or else use a synchronous reset in which the assertion of the reset is timed by default.
WARNING: [DRC REQP-1840] RAMB18 async control check: The RAMB18E1 Dataram/U0/inst_blk_mem_gen/gnbram.gnativebmg.native_blk_mem_gen/valid.cstr/ramloop[0].ram.r/prim_init.ram/DEVICE_7SERIES.NO_BMM_INFO.SP.WIDE_PRIM18.ram has an input control pin Dataram/U0/inst_blk_mem_gen/gnbram.gnativebmg.native_blk_mem_gen/valid.cstr/ramloop[0].ram.r/prim_init.ram/DEVICE_7SERIES.NO_BMM_INFO.SP.WIDE_PRIM18.ram/ADDRARDADDR[5] (net: Dataram/U0/inst_blk_mem_gen/gnbram.gnativebmg.native_blk_mem_gen/valid.cstr/ramloop[0].ram.r/prim_init.ram/addra[0]) which is driven by a register (ALU_Shift_Instance/F_reg[0]) that has an active asychronous set or reset. This may cause corruption of the memory contents and/or read values when the set/reset is asserted and is not analyzed by the default static timing analysis. It is suggested to eliminate the use of a set/reset to registers driving this RAMB pin or else use a synchronous reset in which the assertion of the reset is timed by default.
WARNING: [DRC REQP-1840] RAMB18 async control check: The RAMB18E1 Dataram/U0/inst_blk_mem_gen/gnbram.gnativebmg.native_blk_mem_gen/valid.cstr/ramloop[0].ram.r/prim_init.ram/DEVICE_7SERIES.NO_BMM_INFO.SP.WIDE_PRIM18.ram has an input control pin Dataram/U0/inst_blk_mem_gen/gnbram.gnativebmg.native_blk_mem_gen/valid.cstr/ramloop[0].ram.r/prim_init.ram/DEVICE_7SERIES.NO_BMM_INFO.SP.WIDE_PRIM18.ram/ADDRARDADDR[6] (net: Dataram/U0/inst_blk_mem_gen/gnbram.gnativebmg.native_blk_mem_gen/valid.cstr/ramloop[0].ram.r/prim_init.ram/addra[1]) which is driven by a register (ALU_Shift_Instance/F_reg[1]) that has an active asychronous set or reset. This may cause corruption of the memory contents and/or read values when the set/reset is asserted and is not analyzed by the default static timing analysis. It is suggested to eliminate the use of a set/reset to registers driving this RAMB pin or else use a synchronous reset in which the assertion of the reset is timed by default.
WARNING: [DRC REQP-1840] RAMB18 async control check: The RAMB18E1 Dataram/U0/inst_blk_mem_gen/gnbram.gnativebmg.native_blk_mem_gen/valid.cstr/ramloop[0].ram.r/prim_init.ram/DEVICE_7SERIES.NO_BMM_INFO.SP.WIDE_PRIM18.ram has an input control pin Dataram/U0/inst_blk_mem_gen/gnbram.gnativebmg.native_blk_mem_gen/valid.cstr/ramloop[0].ram.r/prim_init.ram/DEVICE_7SERIES.NO_BMM_INFO.SP.WIDE_PRIM18.ram/ADDRARDADDR[7] (net: Dataram/U0/inst_blk_mem_gen/gnbram.gnativebmg.native_blk_mem_gen/valid.cstr/ramloop[0].ram.r/prim_init.ram/addra[2]) which is driven by a register (ALU_Shift_Instance/F_reg[2]) that has an active asychronous set or reset. This may cause corruption of the memory contents and/or read values when the set/reset is asserted and is not analyzed by the default static timing analysis. It is suggested to eliminate the use of a set/reset to registers driving this RAMB pin or else use a synchronous reset in which the assertion of the reset is timed by default.
WARNING: [DRC REQP-1840] RAMB18 async control check: The RAMB18E1 Dataram/U0/inst_blk_mem_gen/gnbram.gnativebmg.native_blk_mem_gen/valid.cstr/ramloop[0].ram.r/prim_init.ram/DEVICE_7SERIES.NO_BMM_INFO.SP.WIDE_PRIM18.ram has an input control pin Dataram/U0/inst_blk_mem_gen/gnbram.gnativebmg.native_blk_mem_gen/valid.cstr/ramloop[0].ram.r/prim_init.ram/DEVICE_7SERIES.NO_BMM_INFO.SP.WIDE_PRIM18.ram/ADDRARDADDR[8] (net: Dataram/U0/inst_blk_mem_gen/gnbram.gnativebmg.native_blk_mem_gen/valid.cstr/ramloop[0].ram.r/prim_init.ram/addra[3]) which is driven by a register (ALU_Shift_Instance/F_reg[3]) that has an active asychronous set or reset. This may cause corruption of the memory contents and/or read values when the set/reset is asserted and is not analyzed by the default static timing analysis. It is suggested to eliminate the use of a set/reset to registers driving this RAMB pin or else use a synchronous reset in which the assertion of the reset is timed by default.
WARNING: [DRC REQP-1840] RAMB18 async control check: The RAMB18E1 Dataram/U0/inst_blk_mem_gen/gnbram.gnativebmg.native_blk_mem_gen/valid.cstr/ramloop[0].ram.r/prim_init.ram/DEVICE_7SERIES.NO_BMM_INFO.SP.WIDE_PRIM18.ram has an input control pin Dataram/U0/inst_blk_mem_gen/gnbram.gnativebmg.native_blk_mem_gen/valid.cstr/ramloop[0].ram.r/prim_init.ram/DEVICE_7SERIES.NO_BMM_INFO.SP.WIDE_PRIM18.ram/ADDRARDADDR[9] (net: Dataram/U0/inst_blk_mem_gen/gnbram.gnativebmg.native_blk_mem_gen/valid.cstr/ramloop[0].ram.r/prim_init.ram/addra[4]) which is driven by a register (ALU_Shift_Instance/F_reg[4]) that has an active asychronous set or reset. This may cause corruption of the memory contents and/or read values when the set/reset is asserted and is not analyzed by the default static timing analysis. It is suggested to eliminate the use of a set/reset to registers driving this RAMB pin or else use a synchronous reset in which the assertion of the reset is timed by default.
WARNING: [DRC REQP-1840] RAMB18 async control check: The RAMB18E1 Dataram/U0/inst_blk_mem_gen/gnbram.gnativebmg.native_blk_mem_gen/valid.cstr/ramloop[0].ram.r/prim_init.ram/DEVICE_7SERIES.NO_BMM_INFO.SP.WIDE_PRIM18.ram has an input control pin Dataram/U0/inst_blk_mem_gen/gnbram.gnativebmg.native_blk_mem_gen/valid.cstr/ramloop[0].ram.r/prim_init.ram/DEVICE_7SERIES.NO_BMM_INFO.SP.WIDE_PRIM18.ram/ADDRBWRADDR[10] (net: Dataram/U0/inst_blk_mem_gen/gnbram.gnativebmg.native_blk_mem_gen/valid.cstr/ramloop[0].ram.r/prim_init.ram/addra[5]) which is driven by a register (ALU_Shift_Instance/F_reg[5]) that has an active asychronous set or reset. This may cause corruption of the memory contents and/or read values when the set/reset is asserted and is not analyzed by the default static timing analysis. It is suggested to eliminate the use of a set/reset to registers driving this RAMB pin or else use a synchronous reset in which the assertion of the reset is timed by default.
WARNING: [DRC REQP-1840] RAMB18 async control check: The RAMB18E1 Dataram/U0/inst_blk_mem_gen/gnbram.gnativebmg.native_blk_mem_gen/valid.cstr/ramloop[0].ram.r/prim_init.ram/DEVICE_7SERIES.NO_BMM_INFO.SP.WIDE_PRIM18.ram has an input control pin Dataram/U0/inst_blk_mem_gen/gnbram.gnativebmg.native_blk_mem_gen/valid.cstr/ramloop[0].ram.r/prim_init.ram/DEVICE_7SERIES.NO_BMM_INFO.SP.WIDE_PRIM18.ram/ADDRBWRADDR[11] (net: Dataram/U0/inst_blk_mem_gen/gnbram.gnativebmg.native_blk_mem_gen/valid.cstr/ramloop[0].ram.r/prim_init.ram/addra[6]) which is driven by a register (ALU_Shift_Instance/F_reg[6]) that has an active asychronous set or reset. This may cause corruption of the memory contents and/or read values when the set/reset is asserted and is not analyzed by the default static timing analysis. It is suggested to eliminate the use of a set/reset to registers driving this RAMB pin or else use a synchronous reset in which the assertion of the reset is timed by default.
WARNING: [DRC REQP-1840] RAMB18 async control check: The RAMB18E1 Dataram/U0/inst_blk_mem_gen/gnbram.gnativebmg.native_blk_mem_gen/valid.cstr/ramloop[0].ram.r/prim_init.ram/DEVICE_7SERIES.NO_BMM_INFO.SP.WIDE_PRIM18.ram has an input control pin Dataram/U0/inst_blk_mem_gen/gnbram.gnativebmg.native_blk_mem_gen/valid.cstr/ramloop[0].ram.r/prim_init.ram/DEVICE_7SERIES.NO_BMM_INFO.SP.WIDE_PRIM18.ram/ADDRBWRADDR[5] (net: Dataram/U0/inst_blk_mem_gen/gnbram.gnativebmg.native_blk_mem_gen/valid.cstr/ramloop[0].ram.r/prim_init.ram/addra[0]) which is driven by a register (ALU_Shift_Instance/F_reg[0]) that has an active asychronous set or reset. This may cause corruption of the memory contents and/or read values when the set/reset is asserted and is not analyzed by the default static timing analysis. It is suggested to eliminate the use of a set/reset to registers driving this RAMB pin or else use a synchronous reset in which the assertion of the reset is timed by default.
WARNING: [DRC REQP-1840] RAMB18 async control check: The RAMB18E1 Dataram/U0/inst_blk_mem_gen/gnbram.gnativebmg.native_blk_mem_gen/valid.cstr/ramloop[0].ram.r/prim_init.ram/DEVICE_7SERIES.NO_BMM_INFO.SP.WIDE_PRIM18.ram has an input control pin Dataram/U0/inst_blk_mem_gen/gnbram.gnativebmg.native_blk_mem_gen/valid.cstr/ramloop[0].ram.r/prim_init.ram/DEVICE_7SERIES.NO_BMM_INFO.SP.WIDE_PRIM18.ram/ADDRBWRADDR[6] (net: Dataram/U0/inst_blk_mem_gen/gnbram.gnativebmg.native_blk_mem_gen/valid.cstr/ramloop[0].ram.r/prim_init.ram/addra[1]) which is driven by a register (ALU_Shift_Instance/F_reg[1]) that has an active asychronous set or reset. This may cause corruption of the memory contents and/or read values when the set/reset is asserted and is not analyzed by the default static timing analysis. It is suggested to eliminate the use of a set/reset to registers driving this RAMB pin or else use a synchronous reset in which the assertion of the reset is timed by default.
WARNING: [DRC REQP-1840] RAMB18 async control check: The RAMB18E1 Dataram/U0/inst_blk_mem_gen/gnbram.gnativebmg.native_blk_mem_gen/valid.cstr/ramloop[0].ram.r/prim_init.ram/DEVICE_7SERIES.NO_BMM_INFO.SP.WIDE_PRIM18.ram has an input control pin Dataram/U0/inst_blk_mem_gen/gnbram.gnativebmg.native_blk_mem_gen/valid.cstr/ramloop[0].ram.r/prim_init.ram/DEVICE_7SERIES.NO_BMM_INFO.SP.WIDE_PRIM18.ram/ADDRBWRADDR[7] (net: Dataram/U0/inst_blk_mem_gen/gnbram.gnativebmg.native_blk_mem_gen/valid.cstr/ramloop[0].ram.r/prim_init.ram/addra[2]) which is driven by a register (ALU_Shift_Instance/F_reg[2]) that has an active asychronous set or reset. This may cause corruption of the memory contents and/or read values when the set/reset is asserted and is not analyzed by the default static timing analysis. It is suggested to eliminate the use of a set/reset to registers driving this RAMB pin or else use a synchronous reset in which the assertion of the reset is timed by default.
WARNING: [DRC REQP-1840] RAMB18 async control check: The RAMB18E1 Dataram/U0/inst_blk_mem_gen/gnbram.gnativebmg.native_blk_mem_gen/valid.cstr/ramloop[0].ram.r/prim_init.ram/DEVICE_7SERIES.NO_BMM_INFO.SP.WIDE_PRIM18.ram has an input control pin Dataram/U0/inst_blk_mem_gen/gnbram.gnativebmg.native_blk_mem_gen/valid.cstr/ramloop[0].ram.r/prim_init.ram/DEVICE_7SERIES.NO_BMM_INFO.SP.WIDE_PRIM18.ram/ADDRBWRADDR[8] (net: Dataram/U0/inst_blk_mem_gen/gnbram.gnativebmg.native_blk_mem_gen/valid.cstr/ramloop[0].ram.r/prim_init.ram/addra[3]) which is driven by a register (ALU_Shift_Instance/F_reg[3]) that has an active asychronous set or reset. This may cause corruption of the memory contents and/or read values when the set/reset is asserted and is not analyzed by the default static timing analysis. It is suggested to eliminate the use of a set/reset to registers driving this RAMB pin or else use a synchronous reset in which the assertion of the reset is timed by default.
WARNING: [DRC REQP-1840] RAMB18 async control check: The RAMB18E1 Dataram/U0/inst_blk_mem_gen/gnbram.gnativebmg.native_blk_mem_gen/valid.cstr/ramloop[0].ram.r/prim_init.ram/DEVICE_7SERIES.NO_BMM_INFO.SP.WIDE_PRIM18.ram has an input control pin Dataram/U0/inst_blk_mem_gen/gnbram.gnativebmg.native_blk_mem_gen/valid.cstr/ramloop[0].ram.r/prim_init.ram/DEVICE_7SERIES.NO_BMM_INFO.SP.WIDE_PRIM18.ram/ADDRBWRADDR[9] (net: Dataram/U0/inst_blk_mem_gen/gnbram.gnativebmg.native_blk_mem_gen/valid.cstr/ramloop[0].ram.r/prim_init.ram/addra[4]) which is driven by a register (ALU_Shift_Instance/F_reg[4]) that has an active asychronous set or reset. This may cause corruption of the memory contents and/or read values when the set/reset is asserted and is not analyzed by the default static timing analysis. It is suggested to eliminate the use of a set/reset to registers driving this RAMB pin or else use a synchronous reset in which the assertion of the reset is timed by default.
WARNING: [DRC REQP-1840] RAMB18 async control check: The RAMB18E1 Inst_Instance/Inst_ROM_Instance/U0/inst_blk_mem_gen/gnbram.gnativebmg.native_blk_mem_gen/valid.cstr/ramloop[0].ram.r/prim_init.ram/DEVICE_7SERIES.NO_BMM_INFO.SP.WIDE_PRIM18.ram has an input control pin Inst_Instance/Inst_ROM_Instance/U0/inst_blk_mem_gen/gnbram.gnativebmg.native_blk_mem_gen/valid.cstr/ramloop[0].ram.r/prim_init.ram/DEVICE_7SERIES.NO_BMM_INFO.SP.WIDE_PRIM18.ram/ADDRARDADDR[10] (net: Inst_Instance/Inst_ROM_Instance/U0/inst_blk_mem_gen/gnbram.gnativebmg.native_blk_mem_gen/valid.cstr/ramloop[0].ram.r/prim_init.ram/addra[5]) which is driven by a register (Inst_Instance/PC_reg[7]) that has an active asychronous set or reset. This may cause corruption of the memory contents and/or read values when the set/reset is asserted and is not analyzed by the default static timing analysis. It is suggested to eliminate the use of a set/reset to registers driving this RAMB pin or else use a synchronous reset in which the assertion of the reset is timed by default.
WARNING: [DRC REQP-1840] RAMB18 async control check: The RAMB18E1 Inst_Instance/Inst_ROM_Instance/U0/inst_blk_mem_gen/gnbram.gnativebmg.native_blk_mem_gen/valid.cstr/ramloop[0].ram.r/prim_init.ram/DEVICE_7SERIES.NO_BMM_INFO.SP.WIDE_PRIM18.ram has an input control pin Inst_Instance/Inst_ROM_Instance/U0/inst_blk_mem_gen/gnbram.gnativebmg.native_blk_mem_gen/valid.cstr/ramloop[0].ram.r/prim_init.ram/DEVICE_7SERIES.NO_BMM_INFO.SP.WIDE_PRIM18.ram/ADDRARDADDR[5] (net: Inst_Instance/Inst_ROM_Instance/U0/inst_blk_mem_gen/gnbram.gnativebmg.native_blk_mem_gen/valid.cstr/ramloop[0].ram.r/prim_init.ram/addra[0]) which is driven by a register (Inst_Instance/PC_reg[2]) that has an active asychronous set or reset. This may cause corruption of the memory contents and/or read values when the set/reset is asserted and is not analyzed by the default static timing analysis. It is suggested to eliminate the use of a set/reset to registers driving this RAMB pin or else use a synchronous reset in which the assertion of the reset is timed by default.
WARNING: [DRC REQP-1840] RAMB18 async control check: The RAMB18E1 Inst_Instance/Inst_ROM_Instance/U0/inst_blk_mem_gen/gnbram.gnativebmg.native_blk_mem_gen/valid.cstr/ramloop[0].ram.r/prim_init.ram/DEVICE_7SERIES.NO_BMM_INFO.SP.WIDE_PRIM18.ram has an input control pin Inst_Instance/Inst_ROM_Instance/U0/inst_blk_mem_gen/gnbram.gnativebmg.native_blk_mem_gen/valid.cstr/ramloop[0].ram.r/prim_init.ram/DEVICE_7SERIES.NO_BMM_INFO.SP.WIDE_PRIM18.ram/ADDRARDADDR[6] (net: Inst_Instance/Inst_ROM_Instance/U0/inst_blk_mem_gen/gnbram.gnativebmg.native_blk_mem_gen/valid.cstr/ramloop[0].ram.r/prim_init.ram/addra[1]) which is driven by a register (Inst_Instance/PC_reg[3]) that has an active asychronous set or reset. This may cause corruption of the memory contents and/or read values when the set/reset is asserted and is not analyzed by the default static timing analysis. It is suggested to eliminate the use of a set/reset to registers driving this RAMB pin or else use a synchronous reset in which the assertion of the reset is timed by default.
WARNING: [DRC REQP-1840] RAMB18 async control check: The RAMB18E1 Inst_Instance/Inst_ROM_Instance/U0/inst_blk_mem_gen/gnbram.gnativebmg.native_blk_mem_gen/valid.cstr/ramloop[0].ram.r/prim_init.ram/DEVICE_7SERIES.NO_BMM_INFO.SP.WIDE_PRIM18.ram has an input control pin Inst_Instance/Inst_ROM_Instance/U0/inst_blk_mem_gen/gnbram.gnativebmg.native_blk_mem_gen/valid.cstr/ramloop[0].ram.r/prim_init.ram/DEVICE_7SERIES.NO_BMM_INFO.SP.WIDE_PRIM18.ram/ADDRARDADDR[7] (net: Inst_Instance/Inst_ROM_Instance/U0/inst_blk_mem_gen/gnbram.gnativebmg.native_blk_mem_gen/valid.cstr/ramloop[0].ram.r/prim_init.ram/addra[2]) which is driven by a register (Inst_Instance/PC_reg[4]) that has an active asychronous set or reset. This may cause corruption of the memory contents and/or read values when the set/reset is asserted and is not analyzed by the default static timing analysis. It is suggested to eliminate the use of a set/reset to registers driving this RAMB pin or else use a synchronous reset in which the assertion of the reset is timed by default.
WARNING: [DRC REQP-1840] RAMB18 async control check: The RAMB18E1 Inst_Instance/Inst_ROM_Instance/U0/inst_blk_mem_gen/gnbram.gnativebmg.native_blk_mem_gen/valid.cstr/ramloop[0].ram.r/prim_init.ram/DEVICE_7SERIES.NO_BMM_INFO.SP.WIDE_PRIM18.ram has an input control pin Inst_Instance/Inst_ROM_Instance/U0/inst_blk_mem_gen/gnbram.gnativebmg.native_blk_mem_gen/valid.cstr/ramloop[0].ram.r/prim_init.ram/DEVICE_7SERIES.NO_BMM_INFO.SP.WIDE_PRIM18.ram/ADDRARDADDR[8] (net: Inst_Instance/Inst_ROM_Instance/U0/inst_blk_mem_gen/gnbram.gnativebmg.native_blk_mem_gen/valid.cstr/ramloop[0].ram.r/prim_init.ram/addra[3]) which is driven by a register (Inst_Instance/PC_reg[5]) that has an active asychronous set or reset. This may cause corruption of the memory contents and/or read values when the set/reset is asserted and is not analyzed by the default static timing analysis. It is suggested to eliminate the use of a set/reset to registers driving this RAMB pin or else use a synchronous reset in which the assertion of the reset is timed by default.
WARNING: [DRC REQP-1840] RAMB18 async control check: The RAMB18E1 Inst_Instance/Inst_ROM_Instance/U0/inst_blk_mem_gen/gnbram.gnativebmg.native_blk_mem_gen/valid.cstr/ramloop[0].ram.r/prim_init.ram/DEVICE_7SERIES.NO_BMM_INFO.SP.WIDE_PRIM18.ram has an input control pin Inst_Instance/Inst_ROM_Instance/U0/inst_blk_mem_gen/gnbram.gnativebmg.native_blk_mem_gen/valid.cstr/ramloop[0].ram.r/prim_init.ram/DEVICE_7SERIES.NO_BMM_INFO.SP.WIDE_PRIM18.ram/ADDRARDADDR[9] (net: Inst_Instance/Inst_ROM_Instance/U0/inst_blk_mem_gen/gnbram.gnativebmg.native_blk_mem_gen/valid.cstr/ramloop[0].ram.r/prim_init.ram/addra[4]) which is driven by a register (Inst_Instance/PC_reg[6]) that has an active asychronous set or reset. This may cause corruption of the memory contents and/or read values when the set/reset is asserted and is not analyzed by the default static timing analysis. It is suggested to eliminate the use of a set/reset to registers driving this RAMB pin or else use a synchronous reset in which the assertion of the reset is timed by default.
INFO: [Vivado_Tcl 4-198] DRC finished with 0 Errors, 21 Warnings
INFO: [Vivado_Tcl 4-199] Please refer to the DRC report (report_drc) for more information.

Starting Placer Task
INFO: [Place 30-611] Multithreading enabled for place_design using a maximum of 2 CPUs

Phase 1 Placer Initialization

Phase 1.1 Placer Initialization Netlist Sorting
Netlist sorting complete. Time (s): cpu = 00:00:00 ; elapsed = 00:00:00.001 . Memory (MB): peak = 1400.391 ; gain = 0.000
Phase 1.1 Placer Initialization Netlist Sorting | Checksum: 1741e0e03

Time (s): cpu = 00:00:00 ; elapsed = 00:00:00.005 . Memory (MB): peak = 1400.391 ; gain = 0.000
Netlist sorting complete. Time (s): cpu = 00:00:00 ; elapsed = 00:00:00 . Memory (MB): peak = 1400.391 ; gain = 0.000

Phase 1.2 IO Placement/ Clock Placement/ Build Placer Device
ERROR: [Place 30-415] IO Placement failed due to overutilization. This design contains 328 I/O ports
 while the target  device: 7a100t package: fgg484, contains only 284 available user I/O. The target device has 285 usable I/O pins of which 1 are already occupied by user-locked I/Os.
 To rectify this issue:
 1. Ensure you are targeting the correct device and package.  Select a larger device or different package if necessary.
 2. Check the top-level ports of the design to ensure the correct number of ports are specified.
 3. Consider design changes to reduce the number of I/Os necessary.
INFO: [Timing 38-35] Done setting XDC timing constraints.
ERROR: [Place 30-68] Instance ALU_A_s_OBUF_inst (OBUF) is not placed
ERROR: [Place 30-68] Instance ALU_B_s_OBUF[0]_inst (OBUF) is not placed
ERROR: [Place 30-68] Instance ALU_B_s_OBUF[1]_inst (OBUF) is not placed
ERROR: [Place 30-68] Instance ALU_OP_OBUF[0]_inst (OBUF) is not placed
ERROR: [Place 30-68] Instance ALU_OP_OBUF[1]_inst (OBUF) is not placed
ERROR: [Place 30-68] Instance ALU_OP_OBUF[2]_inst (OBUF) is not placed
ERROR: [Place 30-68] Instance ALU_OP_OBUF[3]_inst (OBUF) is not placed
ERROR: [Place 30-68] Instance A_OBUF[0]_inst (OBUF) is not placed
ERROR: [Place 30-68] Instance A_OBUF[10]_inst (OBUF) is not placed
ERROR: [Place 30-68] Instance A_OBUF[11]_inst (OBUF) is not placed
ERROR: [Place 30-68] Instance A_OBUF[12]_inst (OBUF) is not placed
ERROR: [Place 30-68] Instance A_OBUF[13]_inst (OBUF) is not placed
ERROR: [Place 30-68] Instance A_OBUF[14]_inst (OBUF) is not placed
ERROR: [Place 30-68] Instance A_OBUF[15]_inst (OBUF) is not placed
ERROR: [Place 30-68] Instance A_OBUF[16]_inst (OBUF) is not placed
ERROR: [Place 30-68] Instance A_OBUF[17]_inst (OBUF) is not placed
ERROR: [Place 30-68] Instance A_OBUF[18]_inst (OBUF) is not placed
ERROR: [Place 30-68] Instance A_OBUF[19]_inst (OBUF) is not placed
ERROR: [Place 30-68] Instance A_OBUF[1]_inst (OBUF) is not placed
ERROR: [Place 30-68] Instance A_OBUF[20]_inst (OBUF) is not placed
ERROR: [Place 30-68] Instance A_OBUF[21]_inst (OBUF) is not placed
ERROR: [Place 30-68] Instance A_OBUF[22]_inst (OBUF) is not placed
ERROR: [Place 30-68] Instance A_OBUF[23]_inst (OBUF) is not placed
ERROR: [Place 30-68] Instance A_OBUF[24]_inst (OBUF) is not placed
ERROR: [Place 30-68] Instance A_OBUF[25]_inst (OBUF) is not placed
ERROR: [Place 30-68] Instance A_OBUF[26]_inst (OBUF) is not placed
ERROR: [Place 30-68] Instance A_OBUF[27]_inst (OBUF) is not placed
ERROR: [Place 30-68] Instance A_OBUF[28]_inst (OBUF) is not placed
ERROR: [Place 30-68] Instance A_OBUF[29]_inst (OBUF) is not placed
ERROR: [Place 30-68] Instance A_OBUF[2]_inst (OBUF) is not placed
ERROR: [Place 30-68] Instance A_OBUF[30]_inst (OBUF) is not placed
ERROR: [Place 30-68] Instance A_OBUF[31]_inst (OBUF) is not placed
ERROR: [Place 30-68] Instance A_OBUF[3]_inst (OBUF) is not placed
ERROR: [Place 30-68] Instance A_OBUF[4]_inst (OBUF) is not placed
ERROR: [Place 30-68] Instance A_OBUF[5]_inst (OBUF) is not placed
ERROR: [Place 30-68] Instance A_OBUF[6]_inst (OBUF) is not placed
ERROR: [Place 30-68] Instance A_OBUF[7]_inst (OBUF) is not placed
ERROR: [Place 30-68] Instance A_OBUF[8]_inst (OBUF) is not placed
ERROR: [Place 30-68] Instance A_OBUF[9]_inst (OBUF) is not placed
ERROR: [Place 30-68] Instance B_OBUF[0]_inst (OBUF) is not placed
ERROR: [Place 30-68] Instance B_OBUF[10]_inst (OBUF) is not placed
ERROR: [Place 30-68] Instance B_OBUF[11]_inst (OBUF) is not placed
ERROR: [Place 30-68] Instance B_OBUF[12]_inst (OBUF) is not placed
ERROR: [Place 30-68] Instance B_OBUF[13]_inst (OBUF) is not placed
ERROR: [Place 30-68] Instance B_OBUF[14]_inst (OBUF) is not placed
ERROR: [Place 30-68] Instance B_OBUF[15]_inst (OBUF) is not placed
ERROR: [Place 30-68] Instance B_OBUF[16]_inst (OBUF) is not placed
ERROR: [Place 30-68] Instance B_OBUF[17]_inst (OBUF) is not placed
ERROR: [Place 30-68] Instance B_OBUF[18]_inst (OBUF) is not placed
ERROR: [Place 30-68] Instance B_OBUF[19]_inst (OBUF) is not placed
ERROR: [Place 30-68] Instance B_OBUF[1]_inst (OBUF) is not placed
ERROR: [Place 30-68] Instance B_OBUF[20]_inst (OBUF) is not placed
ERROR: [Place 30-68] Instance B_OBUF[21]_inst (OBUF) is not placed
ERROR: [Place 30-68] Instance B_OBUF[22]_inst (OBUF) is not placed
ERROR: [Place 30-68] Instance B_OBUF[23]_inst (OBUF) is not placed
ERROR: [Place 30-68] Instance B_OBUF[24]_inst (OBUF) is not placed
ERROR: [Place 30-68] Instance B_OBUF[25]_inst (OBUF) is not placed
ERROR: [Place 30-68] Instance B_OBUF[26]_inst (OBUF) is not placed
ERROR: [Place 30-68] Instance B_OBUF[27]_inst (OBUF) is not placed
ERROR: [Place 30-68] Instance B_OBUF[28]_inst (OBUF) is not placed
ERROR: [Place 30-68] Instance B_OBUF[29]_inst (OBUF) is not placed
ERROR: [Place 30-68] Instance B_OBUF[2]_inst (OBUF) is not placed
ERROR: [Place 30-68] Instance B_OBUF[30]_inst (OBUF) is not placed
ERROR: [Place 30-68] Instance B_OBUF[31]_inst (OBUF) is not placed
ERROR: [Place 30-68] Instance B_OBUF[3]_inst (OBUF) is not placed
ERROR: [Place 30-68] Instance B_OBUF[4]_inst (OBUF) is not placed
ERROR: [Place 30-68] Instance B_OBUF[5]_inst (OBUF) is not placed
ERROR: [Place 30-68] Instance B_OBUF[6]_inst (OBUF) is not placed
ERROR: [Place 30-68] Instance B_OBUF[7]_inst (OBUF) is not placed
ERROR: [Place 30-68] Instance B_OBUF[8]_inst (OBUF) is not placed
ERROR: [Place 30-68] Instance B_OBUF[9]_inst (OBUF) is not placed
ERROR: [Place 30-68] Instance C_OBUF[0]_inst (OBUF) is not placed
ERROR: [Place 30-68] Instance C_OBUF[10]_inst (OBUF) is not placed
ERROR: [Place 30-68] Instance C_OBUF[11]_inst (OBUF) is not placed
ERROR: [Place 30-68] Instance C_OBUF[12]_inst (OBUF) is not placed
ERROR: [Place 30-68] Instance C_OBUF[13]_inst (OBUF) is not placed
ERROR: [Place 30-68] Instance C_OBUF[14]_inst (OBUF) is not placed
ERROR: [Place 30-68] Instance C_OBUF[15]_inst (OBUF) is not placed
ERROR: [Place 30-68] Instance C_OBUF[16]_inst (OBUF) is not placed
ERROR: [Place 30-68] Instance C_OBUF[17]_inst (OBUF) is not placed
ERROR: [Place 30-68] Instance C_OBUF[18]_inst (OBUF) is not placed
ERROR: [Place 30-68] Instance C_OBUF[19]_inst (OBUF) is not placed
ERROR: [Place 30-68] Instance C_OBUF[1]_inst (OBUF) is not placed
ERROR: [Place 30-68] Instance C_OBUF[20]_inst (OBUF) is not placed
ERROR: [Place 30-68] Instance C_OBUF[21]_inst (OBUF) is not placed
ERROR: [Place 30-68] Instance C_OBUF[22]_inst (OBUF) is not placed
ERROR: [Place 30-68] Instance C_OBUF[23]_inst (OBUF) is not placed
ERROR: [Place 30-68] Instance C_OBUF[24]_inst (OBUF) is not placed
ERROR: [Place 30-68] Instance C_OBUF[25]_inst (OBUF) is not placed
ERROR: [Place 30-68] Instance C_OBUF[26]_inst (OBUF) is not placed
ERROR: [Place 30-68] Instance C_OBUF[27]_inst (OBUF) is not placed
ERROR: [Place 30-68] Instance C_OBUF[28]_inst (OBUF) is not placed
ERROR: [Place 30-68] Instance C_OBUF[29]_inst (OBUF) is not placed
ERROR: [Place 30-68] Instance C_OBUF[2]_inst (OBUF) is not placed
ERROR: [Place 30-68] Instance C_OBUF[30]_inst (OBUF) is not placed
ERROR: [Place 30-68] Instance C_OBUF[31]_inst (OBUF) is not placed
ERROR: [Place 30-68] Instance C_OBUF[3]_inst (OBUF) is not placed
ERROR: [Place 30-68] Instance C_OBUF[4]_inst (OBUF) is not placed
ERROR: [Place 30-68] Instance C_OBUF[5]_inst (OBUF) is not placed
ERROR: [Place 30-68] Instance C_OBUF[6]_inst (OBUF) is not placed
INFO: [Common 17-14] Message 'Place 30-68' appears 100 times and further instances of the messages will be disabled. Use the Tcl command set_msg_config to change the current settings.
Phase 1.2 IO Placement/ Clock Placement/ Build Placer Device | Checksum: 1062ac6a3

Time (s): cpu = 00:00:02 ; elapsed = 00:00:00.995 . Memory (MB): peak = 1400.391 ; gain = 0.000
Phase 1 Placer Initialization | Checksum: 1062ac6a3

Time (s): cpu = 00:00:02 ; elapsed = 00:00:00.996 . Memory (MB): peak = 1400.391 ; gain = 0.000
ERROR: [Place 30-99] Placer failed with error: 'IO Clock Placer failed'
Please review all ERROR, CRITICAL WARNING, and WARNING messages during placement to understand the cause for failure.
Ending Placer Task | Checksum: 1062ac6a3

Time (s): cpu = 00:00:02 ; elapsed = 00:00:00.998 . Memory (MB): peak = 1400.391 ; gain = 0.000
INFO: [Common 17-83] Releasing license: Implementation
48 Infos, 117 Warnings, 95 Critical Warnings and 103 Errors encountered.
place_design failed
ERROR: [Common 17-69] Command failed: Placer could not place all instances
INFO: [Common 17-206] Exiting Vivado at Sun Jun  6 23:41:31 2021...
