Copyright 1986-2018 Xilinx, Inc. All Rights Reserved.
-----------------------------------------------------------------------------------------------------------------------------------------------------------------
| Tool Version : Vivado v.2018.3 (win64) Build 2405991 Thu Dec  6 23:38:27 MST 2018
| Date         : Fri Jul  2 22:21:41 2021
| Host         : BLUEFLAMELEE running 64-bit major release  (build 9200)
| Command      : report_methodology -file board_cpu_methodology_drc_routed.rpt -pb board_cpu_methodology_drc_routed.pb -rpx board_cpu_methodology_drc_routed.rpx
| Design       : board_cpu
| Device       : xc7a100tfgg484-2L
| Speed File   : -2L
| Design State : Fully Routed
-----------------------------------------------------------------------------------------------------------------------------------------------------------------

Report Methodology

Table of Contents
-----------------
1. REPORT SUMMARY
2. REPORT DETAILS

1. REPORT SUMMARY
-----------------
            Netlist: netlist
          Floorplan: design_1
      Design limits: <entire design considered>
             Max violations: <unlimited>
             Violations found: 308
+-----------+----------+------------------------------+------------+
| Rule      | Severity | Description                  | Violations |
+-----------+----------+------------------------------+------------+
| LUTAR-1   | Warning  | LUT drives async reset alert | 2          |
| TIMING-17 | Warning  | Non-clocked sequential cell  | 262        |
| TIMING-20 | Warning  | Non-clocked latch            | 44         |
+-----------+----------+------------------------------+------------+

2. REPORT DETAILS
-----------------
LUTAR-1#1 Warning
LUT drives async reset alert  
LUT cell cpu/request_Instance/D2/q_i_1, with 2 or more inputs, drives asynchronous preset/clear pin(s) cpu/request_Instance/D2/q_reg/CLR. The LUT may glitch and trigger an unexpected reset, even if it is a properly timed path.
Related violations: <none>

LUTAR-1#2 Warning
LUT drives async reset alert  
LUT cell cpu/request_Instance/D4/q_i_1__0, with 2 or more inputs, drives asynchronous preset/clear pin(s) cpu/request_Instance/D4/q_reg/CLR. The LUT may glitch and trigger an unexpected reset, even if it is a properly timed path.
Related violations: <none>

TIMING-17#1 Warning
Non-clocked sequential cell  
The clock pin Display_Instance/count_reg[0]/C is not reached by a timing clock
Related violations: <none>

TIMING-17#2 Warning
Non-clocked sequential cell  
The clock pin Display_Instance/count_reg[10]/C is not reached by a timing clock
Related violations: <none>

TIMING-17#3 Warning
Non-clocked sequential cell  
The clock pin Display_Instance/count_reg[1]/C is not reached by a timing clock
Related violations: <none>

TIMING-17#4 Warning
Non-clocked sequential cell  
The clock pin Display_Instance/count_reg[2]/C is not reached by a timing clock
Related violations: <none>

TIMING-17#5 Warning
Non-clocked sequential cell  
The clock pin Display_Instance/count_reg[3]/C is not reached by a timing clock
Related violations: <none>

TIMING-17#6 Warning
Non-clocked sequential cell  
The clock pin Display_Instance/count_reg[4]/C is not reached by a timing clock
Related violations: <none>

TIMING-17#7 Warning
Non-clocked sequential cell  
The clock pin Display_Instance/count_reg[5]/C is not reached by a timing clock
Related violations: <none>

TIMING-17#8 Warning
Non-clocked sequential cell  
The clock pin Display_Instance/count_reg[6]/C is not reached by a timing clock
Related violations: <none>

TIMING-17#9 Warning
Non-clocked sequential cell  
The clock pin Display_Instance/count_reg[7]/C is not reached by a timing clock
Related violations: <none>

TIMING-17#10 Warning
Non-clocked sequential cell  
The clock pin Display_Instance/count_reg[8]/C is not reached by a timing clock
Related violations: <none>

TIMING-17#11 Warning
Non-clocked sequential cell  
The clock pin Display_Instance/count_reg[9]/C is not reached by a timing clock
Related violations: <none>

TIMING-17#12 Warning
Non-clocked sequential cell  
The clock pin Display_Instance/which_reg[0]/C is not reached by a timing clock
Related violations: <none>

TIMING-17#13 Warning
Non-clocked sequential cell  
The clock pin Display_Instance/which_reg[1]/C is not reached by a timing clock
Related violations: <none>

TIMING-17#14 Warning
Non-clocked sequential cell  
The clock pin Display_Instance/which_reg[2]/C is not reached by a timing clock
Related violations: <none>

TIMING-17#15 Warning
Non-clocked sequential cell  
The clock pin cnt_reg[0]/C is not reached by a timing clock
Related violations: <none>

TIMING-17#16 Warning
Non-clocked sequential cell  
The clock pin cnt_reg[1]/C is not reached by a timing clock
Related violations: <none>

TIMING-17#17 Warning
Non-clocked sequential cell  
The clock pin cnt_reg[2]/C is not reached by a timing clock
Related violations: <none>

TIMING-17#18 Warning
Non-clocked sequential cell  
The clock pin cpu/ALU_A_s_reg/C is not reached by a timing clock
Related violations: <none>

TIMING-17#19 Warning
Non-clocked sequential cell  
The clock pin cpu/ALU_A_s_reg_rep/C is not reached by a timing clock
Related violations: <none>

TIMING-17#20 Warning
Non-clocked sequential cell  
The clock pin cpu/ALU_A_s_reg_rep__0/C is not reached by a timing clock
Related violations: <none>

TIMING-17#21 Warning
Non-clocked sequential cell  
The clock pin cpu/ALU_A_s_reg_rep__1/C is not reached by a timing clock
Related violations: <none>

TIMING-17#22 Warning
Non-clocked sequential cell  
The clock pin cpu/ALU_B_s_reg[0]/C is not reached by a timing clock
Related violations: <none>

TIMING-17#23 Warning
Non-clocked sequential cell  
The clock pin cpu/ALU_B_s_reg[1]/C is not reached by a timing clock
Related violations: <none>

TIMING-17#24 Warning
Non-clocked sequential cell  
The clock pin cpu/ALU_OP_reg[0]/C is not reached by a timing clock
Related violations: <none>

TIMING-17#25 Warning
Non-clocked sequential cell  
The clock pin cpu/ALU_OP_reg[0]_lopt_replica/C is not reached by a timing clock
Related violations: <none>

TIMING-17#26 Warning
Non-clocked sequential cell  
The clock pin cpu/ALU_OP_reg[1]/C is not reached by a timing clock
Related violations: <none>

TIMING-17#27 Warning
Non-clocked sequential cell  
The clock pin cpu/ALU_OP_reg[1]_lopt_replica/C is not reached by a timing clock
Related violations: <none>

TIMING-17#28 Warning
Non-clocked sequential cell  
The clock pin cpu/ALU_OP_reg[2]/C is not reached by a timing clock
Related violations: <none>

TIMING-17#29 Warning
Non-clocked sequential cell  
The clock pin cpu/ALU_OP_reg[2]_lopt_replica/C is not reached by a timing clock
Related violations: <none>

TIMING-17#30 Warning
Non-clocked sequential cell  
The clock pin cpu/ALU_OP_reg[3]/C is not reached by a timing clock
Related violations: <none>

TIMING-17#31 Warning
Non-clocked sequential cell  
The clock pin cpu/ALU_OP_reg[3]_lopt_replica/C is not reached by a timing clock
Related violations: <none>

TIMING-17#32 Warning
Non-clocked sequential cell  
The clock pin cpu/ALU_Shift_Instance/F_reg[0]/C is not reached by a timing clock
Related violations: <none>

TIMING-17#33 Warning
Non-clocked sequential cell  
The clock pin cpu/ALU_Shift_Instance/F_reg[10]/C is not reached by a timing clock
Related violations: <none>

TIMING-17#34 Warning
Non-clocked sequential cell  
The clock pin cpu/ALU_Shift_Instance/F_reg[11]/C is not reached by a timing clock
Related violations: <none>

TIMING-17#35 Warning
Non-clocked sequential cell  
The clock pin cpu/ALU_Shift_Instance/F_reg[12]/C is not reached by a timing clock
Related violations: <none>

TIMING-17#36 Warning
Non-clocked sequential cell  
The clock pin cpu/ALU_Shift_Instance/F_reg[13]/C is not reached by a timing clock
Related violations: <none>

TIMING-17#37 Warning
Non-clocked sequential cell  
The clock pin cpu/ALU_Shift_Instance/F_reg[14]/C is not reached by a timing clock
Related violations: <none>

TIMING-17#38 Warning
Non-clocked sequential cell  
The clock pin cpu/ALU_Shift_Instance/F_reg[15]/C is not reached by a timing clock
Related violations: <none>

TIMING-17#39 Warning
Non-clocked sequential cell  
The clock pin cpu/ALU_Shift_Instance/F_reg[16]/C is not reached by a timing clock
Related violations: <none>

TIMING-17#40 Warning
Non-clocked sequential cell  
The clock pin cpu/ALU_Shift_Instance/F_reg[17]/C is not reached by a timing clock
Related violations: <none>

TIMING-17#41 Warning
Non-clocked sequential cell  
The clock pin cpu/ALU_Shift_Instance/F_reg[18]/C is not reached by a timing clock
Related violations: <none>

TIMING-17#42 Warning
Non-clocked sequential cell  
The clock pin cpu/ALU_Shift_Instance/F_reg[19]/C is not reached by a timing clock
Related violations: <none>

TIMING-17#43 Warning
Non-clocked sequential cell  
The clock pin cpu/ALU_Shift_Instance/F_reg[1]/C is not reached by a timing clock
Related violations: <none>

TIMING-17#44 Warning
Non-clocked sequential cell  
The clock pin cpu/ALU_Shift_Instance/F_reg[20]/C is not reached by a timing clock
Related violations: <none>

TIMING-17#45 Warning
Non-clocked sequential cell  
The clock pin cpu/ALU_Shift_Instance/F_reg[21]/C is not reached by a timing clock
Related violations: <none>

TIMING-17#46 Warning
Non-clocked sequential cell  
The clock pin cpu/ALU_Shift_Instance/F_reg[22]/C is not reached by a timing clock
Related violations: <none>

TIMING-17#47 Warning
Non-clocked sequential cell  
The clock pin cpu/ALU_Shift_Instance/F_reg[23]/C is not reached by a timing clock
Related violations: <none>

TIMING-17#48 Warning
Non-clocked sequential cell  
The clock pin cpu/ALU_Shift_Instance/F_reg[24]/C is not reached by a timing clock
Related violations: <none>

TIMING-17#49 Warning
Non-clocked sequential cell  
The clock pin cpu/ALU_Shift_Instance/F_reg[25]/C is not reached by a timing clock
Related violations: <none>

TIMING-17#50 Warning
Non-clocked sequential cell  
The clock pin cpu/ALU_Shift_Instance/F_reg[26]/C is not reached by a timing clock
Related violations: <none>

TIMING-17#51 Warning
Non-clocked sequential cell  
The clock pin cpu/ALU_Shift_Instance/F_reg[27]/C is not reached by a timing clock
Related violations: <none>

TIMING-17#52 Warning
Non-clocked sequential cell  
The clock pin cpu/ALU_Shift_Instance/F_reg[28]/C is not reached by a timing clock
Related violations: <none>

TIMING-17#53 Warning
Non-clocked sequential cell  
The clock pin cpu/ALU_Shift_Instance/F_reg[29]/C is not reached by a timing clock
Related violations: <none>

TIMING-17#54 Warning
Non-clocked sequential cell  
The clock pin cpu/ALU_Shift_Instance/F_reg[2]/C is not reached by a timing clock
Related violations: <none>

TIMING-17#55 Warning
Non-clocked sequential cell  
The clock pin cpu/ALU_Shift_Instance/F_reg[30]/C is not reached by a timing clock
Related violations: <none>

TIMING-17#56 Warning
Non-clocked sequential cell  
The clock pin cpu/ALU_Shift_Instance/F_reg[31]/C is not reached by a timing clock
Related violations: <none>

TIMING-17#57 Warning
Non-clocked sequential cell  
The clock pin cpu/ALU_Shift_Instance/F_reg[3]/C is not reached by a timing clock
Related violations: <none>

TIMING-17#58 Warning
Non-clocked sequential cell  
The clock pin cpu/ALU_Shift_Instance/F_reg[4]/C is not reached by a timing clock
Related violations: <none>

TIMING-17#59 Warning
Non-clocked sequential cell  
The clock pin cpu/ALU_Shift_Instance/F_reg[5]/C is not reached by a timing clock
Related violations: <none>

TIMING-17#60 Warning
Non-clocked sequential cell  
The clock pin cpu/ALU_Shift_Instance/F_reg[6]/C is not reached by a timing clock
Related violations: <none>

TIMING-17#61 Warning
Non-clocked sequential cell  
The clock pin cpu/ALU_Shift_Instance/F_reg[7]/C is not reached by a timing clock
Related violations: <none>

TIMING-17#62 Warning
Non-clocked sequential cell  
The clock pin cpu/ALU_Shift_Instance/F_reg[8]/C is not reached by a timing clock
Related violations: <none>

TIMING-17#63 Warning
Non-clocked sequential cell  
The clock pin cpu/ALU_Shift_Instance/F_reg[9]/C is not reached by a timing clock
Related violations: <none>

TIMING-17#64 Warning
Non-clocked sequential cell  
The clock pin cpu/CPSR_Instance/D_CPSR_31_28/q_reg[0]/C is not reached by a timing clock
Related violations: <none>

TIMING-17#65 Warning
Non-clocked sequential cell  
The clock pin cpu/CPSR_Instance/D_CPSR_31_28/q_reg[1]/C is not reached by a timing clock
Related violations: <none>

TIMING-17#66 Warning
Non-clocked sequential cell  
The clock pin cpu/CPSR_Instance/D_CPSR_31_28/q_reg[2]/C is not reached by a timing clock
Related violations: <none>

TIMING-17#67 Warning
Non-clocked sequential cell  
The clock pin cpu/CPSR_Instance/D_CPSR_31_28/q_reg[3]/C is not reached by a timing clock
Related violations: <none>

TIMING-17#68 Warning
Non-clocked sequential cell  
The clock pin cpu/CPSR_Instance/D_CPSR_7_0/q_reg[0]/C is not reached by a timing clock
Related violations: <none>

TIMING-17#69 Warning
Non-clocked sequential cell  
The clock pin cpu/CPSR_Instance/D_CPSR_7_0/q_reg[1]/C is not reached by a timing clock
Related violations: <none>

TIMING-17#70 Warning
Non-clocked sequential cell  
The clock pin cpu/CPSR_Instance/D_CPSR_7_0/q_reg[4]/C is not reached by a timing clock
Related violations: <none>

TIMING-17#71 Warning
Non-clocked sequential cell  
The clock pin cpu/CPSR_Instance/D_CPSR_7_0/q_reg[6]/C is not reached by a timing clock
Related violations: <none>

TIMING-17#72 Warning
Non-clocked sequential cell  
The clock pin cpu/CPSR_Instance/D_CPSR_7_0/q_reg[7]/C is not reached by a timing clock
Related violations: <none>

TIMING-17#73 Warning
Non-clocked sequential cell  
The clock pin cpu/CPSR_Instance/D_SPSR_fiq/q_reg[0]/C is not reached by a timing clock
Related violations: <none>

TIMING-17#74 Warning
Non-clocked sequential cell  
The clock pin cpu/CPSR_Instance/D_SPSR_fiq/q_reg[1]/C is not reached by a timing clock
Related violations: <none>

TIMING-17#75 Warning
Non-clocked sequential cell  
The clock pin cpu/CPSR_Instance/D_SPSR_fiq/q_reg[28]/C is not reached by a timing clock
Related violations: <none>

TIMING-17#76 Warning
Non-clocked sequential cell  
The clock pin cpu/CPSR_Instance/D_SPSR_fiq/q_reg[29]/C is not reached by a timing clock
Related violations: <none>

TIMING-17#77 Warning
Non-clocked sequential cell  
The clock pin cpu/CPSR_Instance/D_SPSR_fiq/q_reg[30]/C is not reached by a timing clock
Related violations: <none>

TIMING-17#78 Warning
Non-clocked sequential cell  
The clock pin cpu/CPSR_Instance/D_SPSR_fiq/q_reg[31]/C is not reached by a timing clock
Related violations: <none>

TIMING-17#79 Warning
Non-clocked sequential cell  
The clock pin cpu/CPSR_Instance/D_SPSR_fiq/q_reg[4]/C is not reached by a timing clock
Related violations: <none>

TIMING-17#80 Warning
Non-clocked sequential cell  
The clock pin cpu/CPSR_Instance/D_SPSR_fiq/q_reg[6]/C is not reached by a timing clock
Related violations: <none>

TIMING-17#81 Warning
Non-clocked sequential cell  
The clock pin cpu/CPSR_Instance/D_SPSR_fiq/q_reg[7]/C is not reached by a timing clock
Related violations: <none>

TIMING-17#82 Warning
Non-clocked sequential cell  
The clock pin cpu/CPSR_Instance/D_SPSR_irq/q_reg[0]/C is not reached by a timing clock
Related violations: <none>

TIMING-17#83 Warning
Non-clocked sequential cell  
The clock pin cpu/CPSR_Instance/D_SPSR_irq/q_reg[1]/C is not reached by a timing clock
Related violations: <none>

TIMING-17#84 Warning
Non-clocked sequential cell  
The clock pin cpu/CPSR_Instance/D_SPSR_irq/q_reg[28]/C is not reached by a timing clock
Related violations: <none>

TIMING-17#85 Warning
Non-clocked sequential cell  
The clock pin cpu/CPSR_Instance/D_SPSR_irq/q_reg[29]/C is not reached by a timing clock
Related violations: <none>

TIMING-17#86 Warning
Non-clocked sequential cell  
The clock pin cpu/CPSR_Instance/D_SPSR_irq/q_reg[30]/C is not reached by a timing clock
Related violations: <none>

TIMING-17#87 Warning
Non-clocked sequential cell  
The clock pin cpu/CPSR_Instance/D_SPSR_irq/q_reg[31]/C is not reached by a timing clock
Related violations: <none>

TIMING-17#88 Warning
Non-clocked sequential cell  
The clock pin cpu/CPSR_Instance/D_SPSR_irq/q_reg[4]/C is not reached by a timing clock
Related violations: <none>

TIMING-17#89 Warning
Non-clocked sequential cell  
The clock pin cpu/CPSR_Instance/D_SPSR_irq/q_reg[6]/C is not reached by a timing clock
Related violations: <none>

TIMING-17#90 Warning
Non-clocked sequential cell  
The clock pin cpu/CPSR_Instance/D_SPSR_irq/q_reg[7]/C is not reached by a timing clock
Related violations: <none>

TIMING-17#91 Warning
Non-clocked sequential cell  
The clock pin cpu/CPSR_Instance/D_SPSR_svc/q_reg[0]/C is not reached by a timing clock
Related violations: <none>

TIMING-17#92 Warning
Non-clocked sequential cell  
The clock pin cpu/CPSR_Instance/D_SPSR_svc/q_reg[1]/C is not reached by a timing clock
Related violations: <none>

TIMING-17#93 Warning
Non-clocked sequential cell  
The clock pin cpu/CPSR_Instance/D_SPSR_svc/q_reg[28]/C is not reached by a timing clock
Related violations: <none>

TIMING-17#94 Warning
Non-clocked sequential cell  
The clock pin cpu/CPSR_Instance/D_SPSR_svc/q_reg[29]/C is not reached by a timing clock
Related violations: <none>

TIMING-17#95 Warning
Non-clocked sequential cell  
The clock pin cpu/CPSR_Instance/D_SPSR_svc/q_reg[30]/C is not reached by a timing clock
Related violations: <none>

TIMING-17#96 Warning
Non-clocked sequential cell  
The clock pin cpu/CPSR_Instance/D_SPSR_svc/q_reg[31]/C is not reached by a timing clock
Related violations: <none>

TIMING-17#97 Warning
Non-clocked sequential cell  
The clock pin cpu/CPSR_Instance/D_SPSR_svc/q_reg[4]/C is not reached by a timing clock
Related violations: <none>

TIMING-17#98 Warning
Non-clocked sequential cell  
The clock pin cpu/CPSR_Instance/D_SPSR_svc/q_reg[6]/C is not reached by a timing clock
Related violations: <none>

TIMING-17#99 Warning
Non-clocked sequential cell  
The clock pin cpu/CPSR_Instance/D_SPSR_svc/q_reg[7]/C is not reached by a timing clock
Related violations: <none>

TIMING-17#100 Warning
Non-clocked sequential cell  
The clock pin cpu/Change_M_reg[0]/C is not reached by a timing clock
Related violations: <none>

TIMING-17#101 Warning
Non-clocked sequential cell  
The clock pin cpu/Change_M_reg[1]/C is not reached by a timing clock
Related violations: <none>

TIMING-17#102 Warning
Non-clocked sequential cell  
The clock pin cpu/Dataram/U0/inst_blk_mem_gen/gnbram.gnativebmg.native_blk_mem_gen/valid.cstr/ramloop[0].ram.r/prim_init.ram/DEVICE_7SERIES.NO_BMM_INFO.SP.WIDE_PRIM18.ram/CLKARDCLK is not reached by a timing clock
Related violations: <none>

TIMING-17#103 Warning
Non-clocked sequential cell  
The clock pin cpu/Dataram/U0/inst_blk_mem_gen/gnbram.gnativebmg.native_blk_mem_gen/valid.cstr/ramloop[0].ram.r/prim_init.ram/DEVICE_7SERIES.NO_BMM_INFO.SP.WIDE_PRIM18.ram/CLKBWRCLK is not reached by a timing clock
Related violations: <none>

TIMING-17#104 Warning
Non-clocked sequential cell  
The clock pin cpu/FSM_sequential_ST_reg[0]/C is not reached by a timing clock
Related violations: <none>

TIMING-17#105 Warning
Non-clocked sequential cell  
The clock pin cpu/FSM_sequential_ST_reg[1]/C is not reached by a timing clock
Related violations: <none>

TIMING-17#106 Warning
Non-clocked sequential cell  
The clock pin cpu/FSM_sequential_ST_reg[2]/C is not reached by a timing clock
Related violations: <none>

TIMING-17#107 Warning
Non-clocked sequential cell  
The clock pin cpu/FSM_sequential_ST_reg[3]/C is not reached by a timing clock
Related violations: <none>

TIMING-17#108 Warning
Non-clocked sequential cell  
The clock pin cpu/FSM_sequential_ST_reg[4]/C is not reached by a timing clock
Related violations: <none>

TIMING-17#109 Warning
Non-clocked sequential cell  
The clock pin cpu/INTA_fiq_reg/C is not reached by a timing clock
Related violations: <none>

TIMING-17#110 Warning
Non-clocked sequential cell  
The clock pin cpu/INTA_irq_reg/C is not reached by a timing clock
Related violations: <none>

TIMING-17#111 Warning
Non-clocked sequential cell  
The clock pin cpu/INT_Data_reg[0]/C is not reached by a timing clock
Related violations: <none>

TIMING-17#112 Warning
Non-clocked sequential cell  
The clock pin cpu/INT_Data_reg[10]/C is not reached by a timing clock
Related violations: <none>

TIMING-17#113 Warning
Non-clocked sequential cell  
The clock pin cpu/INT_Data_reg[11]/C is not reached by a timing clock
Related violations: <none>

TIMING-17#114 Warning
Non-clocked sequential cell  
The clock pin cpu/INT_Data_reg[12]/C is not reached by a timing clock
Related violations: <none>

TIMING-17#115 Warning
Non-clocked sequential cell  
The clock pin cpu/INT_Data_reg[13]/C is not reached by a timing clock
Related violations: <none>

TIMING-17#116 Warning
Non-clocked sequential cell  
The clock pin cpu/INT_Data_reg[14]/C is not reached by a timing clock
Related violations: <none>

TIMING-17#117 Warning
Non-clocked sequential cell  
The clock pin cpu/INT_Data_reg[15]/C is not reached by a timing clock
Related violations: <none>

TIMING-17#118 Warning
Non-clocked sequential cell  
The clock pin cpu/INT_Data_reg[16]/C is not reached by a timing clock
Related violations: <none>

TIMING-17#119 Warning
Non-clocked sequential cell  
The clock pin cpu/INT_Data_reg[17]/C is not reached by a timing clock
Related violations: <none>

TIMING-17#120 Warning
Non-clocked sequential cell  
The clock pin cpu/INT_Data_reg[18]/C is not reached by a timing clock
Related violations: <none>

TIMING-17#121 Warning
Non-clocked sequential cell  
The clock pin cpu/INT_Data_reg[19]/C is not reached by a timing clock
Related violations: <none>

TIMING-17#122 Warning
Non-clocked sequential cell  
The clock pin cpu/INT_Data_reg[1]/C is not reached by a timing clock
Related violations: <none>

TIMING-17#123 Warning
Non-clocked sequential cell  
The clock pin cpu/INT_Data_reg[20]/C is not reached by a timing clock
Related violations: <none>

TIMING-17#124 Warning
Non-clocked sequential cell  
The clock pin cpu/INT_Data_reg[21]/C is not reached by a timing clock
Related violations: <none>

TIMING-17#125 Warning
Non-clocked sequential cell  
The clock pin cpu/INT_Data_reg[22]/C is not reached by a timing clock
Related violations: <none>

TIMING-17#126 Warning
Non-clocked sequential cell  
The clock pin cpu/INT_Data_reg[23]/C is not reached by a timing clock
Related violations: <none>

TIMING-17#127 Warning
Non-clocked sequential cell  
The clock pin cpu/INT_Data_reg[24]/C is not reached by a timing clock
Related violations: <none>

TIMING-17#128 Warning
Non-clocked sequential cell  
The clock pin cpu/INT_Data_reg[25]/C is not reached by a timing clock
Related violations: <none>

TIMING-17#129 Warning
Non-clocked sequential cell  
The clock pin cpu/INT_Data_reg[26]/C is not reached by a timing clock
Related violations: <none>

TIMING-17#130 Warning
Non-clocked sequential cell  
The clock pin cpu/INT_Data_reg[27]/C is not reached by a timing clock
Related violations: <none>

TIMING-17#131 Warning
Non-clocked sequential cell  
The clock pin cpu/INT_Data_reg[28]/C is not reached by a timing clock
Related violations: <none>

TIMING-17#132 Warning
Non-clocked sequential cell  
The clock pin cpu/INT_Data_reg[29]/C is not reached by a timing clock
Related violations: <none>

TIMING-17#133 Warning
Non-clocked sequential cell  
The clock pin cpu/INT_Data_reg[2]/C is not reached by a timing clock
Related violations: <none>

TIMING-17#134 Warning
Non-clocked sequential cell  
The clock pin cpu/INT_Data_reg[30]/C is not reached by a timing clock
Related violations: <none>

TIMING-17#135 Warning
Non-clocked sequential cell  
The clock pin cpu/INT_Data_reg[31]/C is not reached by a timing clock
Related violations: <none>

TIMING-17#136 Warning
Non-clocked sequential cell  
The clock pin cpu/INT_Data_reg[3]/C is not reached by a timing clock
Related violations: <none>

TIMING-17#137 Warning
Non-clocked sequential cell  
The clock pin cpu/INT_Data_reg[4]/C is not reached by a timing clock
Related violations: <none>

TIMING-17#138 Warning
Non-clocked sequential cell  
The clock pin cpu/INT_Data_reg[5]/C is not reached by a timing clock
Related violations: <none>

TIMING-17#139 Warning
Non-clocked sequential cell  
The clock pin cpu/INT_Data_reg[6]/C is not reached by a timing clock
Related violations: <none>

TIMING-17#140 Warning
Non-clocked sequential cell  
The clock pin cpu/INT_Data_reg[7]/C is not reached by a timing clock
Related violations: <none>

TIMING-17#141 Warning
Non-clocked sequential cell  
The clock pin cpu/INT_Data_reg[8]/C is not reached by a timing clock
Related violations: <none>

TIMING-17#142 Warning
Non-clocked sequential cell  
The clock pin cpu/INT_Data_reg[9]/C is not reached by a timing clock
Related violations: <none>

TIMING-17#143 Warning
Non-clocked sequential cell  
The clock pin cpu/Inst_Instance/IR_reg[10]/C is not reached by a timing clock
Related violations: <none>

TIMING-17#144 Warning
Non-clocked sequential cell  
The clock pin cpu/Inst_Instance/IR_reg[11]/C is not reached by a timing clock
Related violations: <none>

TIMING-17#145 Warning
Non-clocked sequential cell  
The clock pin cpu/Inst_Instance/IR_reg[12]/C is not reached by a timing clock
Related violations: <none>

TIMING-17#146 Warning
Non-clocked sequential cell  
The clock pin cpu/Inst_Instance/IR_reg[13]/C is not reached by a timing clock
Related violations: <none>

TIMING-17#147 Warning
Non-clocked sequential cell  
The clock pin cpu/Inst_Instance/IR_reg[14]/C is not reached by a timing clock
Related violations: <none>

TIMING-17#148 Warning
Non-clocked sequential cell  
The clock pin cpu/Inst_Instance/IR_reg[15]/C is not reached by a timing clock
Related violations: <none>

TIMING-17#149 Warning
Non-clocked sequential cell  
The clock pin cpu/Inst_Instance/IR_reg[16]/C is not reached by a timing clock
Related violations: <none>

TIMING-17#150 Warning
Non-clocked sequential cell  
The clock pin cpu/Inst_Instance/IR_reg[17]/C is not reached by a timing clock
Related violations: <none>

TIMING-17#151 Warning
Non-clocked sequential cell  
The clock pin cpu/Inst_Instance/IR_reg[18]/C is not reached by a timing clock
Related violations: <none>

TIMING-17#152 Warning
Non-clocked sequential cell  
The clock pin cpu/Inst_Instance/IR_reg[19]/C is not reached by a timing clock
Related violations: <none>

TIMING-17#153 Warning
Non-clocked sequential cell  
The clock pin cpu/Inst_Instance/IR_reg[1]/C is not reached by a timing clock
Related violations: <none>

TIMING-17#154 Warning
Non-clocked sequential cell  
The clock pin cpu/Inst_Instance/IR_reg[20]/C is not reached by a timing clock
Related violations: <none>

TIMING-17#155 Warning
Non-clocked sequential cell  
The clock pin cpu/Inst_Instance/IR_reg[21]/C is not reached by a timing clock
Related violations: <none>

TIMING-17#156 Warning
Non-clocked sequential cell  
The clock pin cpu/Inst_Instance/IR_reg[22]/C is not reached by a timing clock
Related violations: <none>

TIMING-17#157 Warning
Non-clocked sequential cell  
The clock pin cpu/Inst_Instance/IR_reg[23]/C is not reached by a timing clock
Related violations: <none>

TIMING-17#158 Warning
Non-clocked sequential cell  
The clock pin cpu/Inst_Instance/IR_reg[24]/C is not reached by a timing clock
Related violations: <none>

TIMING-17#159 Warning
Non-clocked sequential cell  
The clock pin cpu/Inst_Instance/IR_reg[25]/C is not reached by a timing clock
Related violations: <none>

TIMING-17#160 Warning
Non-clocked sequential cell  
The clock pin cpu/Inst_Instance/IR_reg[26]/C is not reached by a timing clock
Related violations: <none>

TIMING-17#161 Warning
Non-clocked sequential cell  
The clock pin cpu/Inst_Instance/IR_reg[27]/C is not reached by a timing clock
Related violations: <none>

TIMING-17#162 Warning
Non-clocked sequential cell  
The clock pin cpu/Inst_Instance/IR_reg[28]/C is not reached by a timing clock
Related violations: <none>

TIMING-17#163 Warning
Non-clocked sequential cell  
The clock pin cpu/Inst_Instance/IR_reg[2]/C is not reached by a timing clock
Related violations: <none>

TIMING-17#164 Warning
Non-clocked sequential cell  
The clock pin cpu/Inst_Instance/IR_reg[3]/C is not reached by a timing clock
Related violations: <none>

TIMING-17#165 Warning
Non-clocked sequential cell  
The clock pin cpu/Inst_Instance/IR_reg[4]/C is not reached by a timing clock
Related violations: <none>

TIMING-17#166 Warning
Non-clocked sequential cell  
The clock pin cpu/Inst_Instance/IR_reg[5]/C is not reached by a timing clock
Related violations: <none>

TIMING-17#167 Warning
Non-clocked sequential cell  
The clock pin cpu/Inst_Instance/IR_reg[6]/C is not reached by a timing clock
Related violations: <none>

TIMING-17#168 Warning
Non-clocked sequential cell  
The clock pin cpu/Inst_Instance/IR_reg[7]/C is not reached by a timing clock
Related violations: <none>

TIMING-17#169 Warning
Non-clocked sequential cell  
The clock pin cpu/Inst_Instance/IR_reg[8]/C is not reached by a timing clock
Related violations: <none>

TIMING-17#170 Warning
Non-clocked sequential cell  
The clock pin cpu/Inst_Instance/IR_reg[9]/C is not reached by a timing clock
Related violations: <none>

TIMING-17#171 Warning
Non-clocked sequential cell  
The clock pin cpu/Inst_Instance/Inst_ROM_Instance/U0/inst_blk_mem_gen/gnbram.gnativebmg.native_blk_mem_gen/valid.cstr/ramloop[0].ram.r/prim_init.ram/DEVICE_7SERIES.NO_BMM_INFO.SP.WIDE_PRIM18.ram/CLKARDCLK is not reached by a timing clock
Related violations: <none>

TIMING-17#172 Warning
Non-clocked sequential cell  
The clock pin cpu/Inst_Instance/Inst_ROM_Instance/U0/inst_blk_mem_gen/gnbram.gnativebmg.native_blk_mem_gen/valid.cstr/ramloop[0].ram.r/prim_init.ram/DEVICE_7SERIES.NO_BMM_INFO.SP.WIDE_PRIM18.ram/CLKBWRCLK is not reached by a timing clock
Related violations: <none>

TIMING-17#173 Warning
Non-clocked sequential cell  
The clock pin cpu/Inst_Instance/PC_reg[0]/C is not reached by a timing clock
Related violations: <none>

TIMING-17#174 Warning
Non-clocked sequential cell  
The clock pin cpu/Inst_Instance/PC_reg[10]/C is not reached by a timing clock
Related violations: <none>

TIMING-17#175 Warning
Non-clocked sequential cell  
The clock pin cpu/Inst_Instance/PC_reg[11]/C is not reached by a timing clock
Related violations: <none>

TIMING-17#176 Warning
Non-clocked sequential cell  
The clock pin cpu/Inst_Instance/PC_reg[12]/C is not reached by a timing clock
Related violations: <none>

TIMING-17#177 Warning
Non-clocked sequential cell  
The clock pin cpu/Inst_Instance/PC_reg[13]/C is not reached by a timing clock
Related violations: <none>

TIMING-17#178 Warning
Non-clocked sequential cell  
The clock pin cpu/Inst_Instance/PC_reg[14]/C is not reached by a timing clock
Related violations: <none>

TIMING-17#179 Warning
Non-clocked sequential cell  
The clock pin cpu/Inst_Instance/PC_reg[15]/C is not reached by a timing clock
Related violations: <none>

TIMING-17#180 Warning
Non-clocked sequential cell  
The clock pin cpu/Inst_Instance/PC_reg[16]/C is not reached by a timing clock
Related violations: <none>

TIMING-17#181 Warning
Non-clocked sequential cell  
The clock pin cpu/Inst_Instance/PC_reg[17]/C is not reached by a timing clock
Related violations: <none>

TIMING-17#182 Warning
Non-clocked sequential cell  
The clock pin cpu/Inst_Instance/PC_reg[18]/C is not reached by a timing clock
Related violations: <none>

TIMING-17#183 Warning
Non-clocked sequential cell  
The clock pin cpu/Inst_Instance/PC_reg[19]/C is not reached by a timing clock
Related violations: <none>

TIMING-17#184 Warning
Non-clocked sequential cell  
The clock pin cpu/Inst_Instance/PC_reg[1]/C is not reached by a timing clock
Related violations: <none>

TIMING-17#185 Warning
Non-clocked sequential cell  
The clock pin cpu/Inst_Instance/PC_reg[20]/C is not reached by a timing clock
Related violations: <none>

TIMING-17#186 Warning
Non-clocked sequential cell  
The clock pin cpu/Inst_Instance/PC_reg[21]/C is not reached by a timing clock
Related violations: <none>

TIMING-17#187 Warning
Non-clocked sequential cell  
The clock pin cpu/Inst_Instance/PC_reg[22]/C is not reached by a timing clock
Related violations: <none>

TIMING-17#188 Warning
Non-clocked sequential cell  
The clock pin cpu/Inst_Instance/PC_reg[23]/C is not reached by a timing clock
Related violations: <none>

TIMING-17#189 Warning
Non-clocked sequential cell  
The clock pin cpu/Inst_Instance/PC_reg[24]/C is not reached by a timing clock
Related violations: <none>

TIMING-17#190 Warning
Non-clocked sequential cell  
The clock pin cpu/Inst_Instance/PC_reg[25]/C is not reached by a timing clock
Related violations: <none>

TIMING-17#191 Warning
Non-clocked sequential cell  
The clock pin cpu/Inst_Instance/PC_reg[26]/C is not reached by a timing clock
Related violations: <none>

TIMING-17#192 Warning
Non-clocked sequential cell  
The clock pin cpu/Inst_Instance/PC_reg[27]/C is not reached by a timing clock
Related violations: <none>

TIMING-17#193 Warning
Non-clocked sequential cell  
The clock pin cpu/Inst_Instance/PC_reg[28]/C is not reached by a timing clock
Related violations: <none>

TIMING-17#194 Warning
Non-clocked sequential cell  
The clock pin cpu/Inst_Instance/PC_reg[29]/C is not reached by a timing clock
Related violations: <none>

TIMING-17#195 Warning
Non-clocked sequential cell  
The clock pin cpu/Inst_Instance/PC_reg[2]/C is not reached by a timing clock
Related violations: <none>

TIMING-17#196 Warning
Non-clocked sequential cell  
The clock pin cpu/Inst_Instance/PC_reg[30]/C is not reached by a timing clock
Related violations: <none>

TIMING-17#197 Warning
Non-clocked sequential cell  
The clock pin cpu/Inst_Instance/PC_reg[31]/C is not reached by a timing clock
Related violations: <none>

TIMING-17#198 Warning
Non-clocked sequential cell  
The clock pin cpu/Inst_Instance/PC_reg[3]/C is not reached by a timing clock
Related violations: <none>

TIMING-17#199 Warning
Non-clocked sequential cell  
The clock pin cpu/Inst_Instance/PC_reg[4]/C is not reached by a timing clock
Related violations: <none>

TIMING-17#200 Warning
Non-clocked sequential cell  
The clock pin cpu/Inst_Instance/PC_reg[5]/C is not reached by a timing clock
Related violations: <none>

TIMING-17#201 Warning
Non-clocked sequential cell  
The clock pin cpu/Inst_Instance/PC_reg[6]/C is not reached by a timing clock
Related violations: <none>

TIMING-17#202 Warning
Non-clocked sequential cell  
The clock pin cpu/Inst_Instance/PC_reg[7]/C is not reached by a timing clock
Related violations: <none>

TIMING-17#203 Warning
Non-clocked sequential cell  
The clock pin cpu/Inst_Instance/PC_reg[8]/C is not reached by a timing clock
Related violations: <none>

TIMING-17#204 Warning
Non-clocked sequential cell  
The clock pin cpu/Inst_Instance/PC_reg[9]/C is not reached by a timing clock
Related violations: <none>

TIMING-17#205 Warning
Non-clocked sequential cell  
The clock pin cpu/LF_reg/C is not reached by a timing clock
Related violations: <none>

TIMING-17#206 Warning
Non-clocked sequential cell  
The clock pin cpu/Mem_Write_reg/C is not reached by a timing clock
Related violations: <none>

TIMING-17#207 Warning
Non-clocked sequential cell  
The clock pin cpu/PC_s_reg[0]/C is not reached by a timing clock
Related violations: <none>

TIMING-17#208 Warning
Non-clocked sequential cell  
The clock pin cpu/PC_s_reg[1]/C is not reached by a timing clock
Related violations: <none>

TIMING-17#209 Warning
Non-clocked sequential cell  
The clock pin cpu/Reg_C_s_reg/C is not reached by a timing clock
Related violations: <none>

TIMING-17#210 Warning
Non-clocked sequential cell  
The clock pin cpu/SHIFT_OP_reg[0]/C is not reached by a timing clock
Related violations: <none>

TIMING-17#211 Warning
Non-clocked sequential cell  
The clock pin cpu/SHIFT_OP_reg[1]/C is not reached by a timing clock
Related violations: <none>

TIMING-17#212 Warning
Non-clocked sequential cell  
The clock pin cpu/SHIFT_OP_reg[2]/C is not reached by a timing clock
Related violations: <none>

TIMING-17#213 Warning
Non-clocked sequential cell  
The clock pin cpu/S_reg/C is not reached by a timing clock
Related violations: <none>

TIMING-17#214 Warning
Non-clocked sequential cell  
The clock pin cpu/W_CPSR_s_reg[0]/C is not reached by a timing clock
Related violations: <none>

TIMING-17#215 Warning
Non-clocked sequential cell  
The clock pin cpu/W_CPSR_s_reg[1]/C is not reached by a timing clock
Related violations: <none>

TIMING-17#216 Warning
Non-clocked sequential cell  
The clock pin cpu/W_Rdata_s_reg/C is not reached by a timing clock
Related violations: <none>

TIMING-17#217 Warning
Non-clocked sequential cell  
The clock pin cpu/Write_CPSR_reg/C is not reached by a timing clock
Related violations: <none>

TIMING-17#218 Warning
Non-clocked sequential cell  
The clock pin cpu/Write_IR_reg/C is not reached by a timing clock
Related violations: <none>

TIMING-17#219 Warning
Non-clocked sequential cell  
The clock pin cpu/Write_PC_reg/C is not reached by a timing clock
Related violations: <none>

TIMING-17#220 Warning
Non-clocked sequential cell  
The clock pin cpu/Write_Reg_reg/C is not reached by a timing clock
Related violations: <none>

TIMING-17#221 Warning
Non-clocked sequential cell  
The clock pin cpu/Write_SPSR_reg/C is not reached by a timing clock
Related violations: <none>

TIMING-17#222 Warning
Non-clocked sequential cell  
The clock pin cpu/d_out_reg/C is not reached by a timing clock
Related violations: <none>

TIMING-17#223 Warning
Non-clocked sequential cell  
The clock pin cpu/request_Instance/D1/q_reg/C is not reached by a timing clock
Related violations: <none>

TIMING-17#224 Warning
Non-clocked sequential cell  
The clock pin cpu/request_Instance/D2/q_reg/C is not reached by a timing clock
Related violations: <none>

TIMING-17#225 Warning
Non-clocked sequential cell  
The clock pin cpu/request_Instance/D3/q_reg/C is not reached by a timing clock
Related violations: <none>

TIMING-17#226 Warning
Non-clocked sequential cell  
The clock pin cpu/request_Instance/D4/q_reg/C is not reached by a timing clock
Related violations: <none>

TIMING-17#227 Warning
Non-clocked sequential cell  
The clock pin cpu/rm_imm_s_reg/C is not reached by a timing clock
Related violations: <none>

TIMING-17#228 Warning
Non-clocked sequential cell  
The clock pin cpu/rs_imm_s_reg[0]/C is not reached by a timing clock
Related violations: <none>

TIMING-17#229 Warning
Non-clocked sequential cell  
The clock pin cpu/rs_imm_s_reg[1]/C is not reached by a timing clock
Related violations: <none>

TIMING-17#230 Warning
Non-clocked sequential cell  
The clock pin data_reg[0]/C is not reached by a timing clock
Related violations: <none>

TIMING-17#231 Warning
Non-clocked sequential cell  
The clock pin data_reg[10]/C is not reached by a timing clock
Related violations: <none>

TIMING-17#232 Warning
Non-clocked sequential cell  
The clock pin data_reg[11]/C is not reached by a timing clock
Related violations: <none>

TIMING-17#233 Warning
Non-clocked sequential cell  
The clock pin data_reg[12]/C is not reached by a timing clock
Related violations: <none>

TIMING-17#234 Warning
Non-clocked sequential cell  
The clock pin data_reg[13]/C is not reached by a timing clock
Related violations: <none>

TIMING-17#235 Warning
Non-clocked sequential cell  
The clock pin data_reg[14]/C is not reached by a timing clock
Related violations: <none>

TIMING-17#236 Warning
Non-clocked sequential cell  
The clock pin data_reg[15]/C is not reached by a timing clock
Related violations: <none>

TIMING-17#237 Warning
Non-clocked sequential cell  
The clock pin data_reg[16]/C is not reached by a timing clock
Related violations: <none>

TIMING-17#238 Warning
Non-clocked sequential cell  
The clock pin data_reg[17]/C is not reached by a timing clock
Related violations: <none>

TIMING-17#239 Warning
Non-clocked sequential cell  
The clock pin data_reg[18]/C is not reached by a timing clock
Related violations: <none>

TIMING-17#240 Warning
Non-clocked sequential cell  
The clock pin data_reg[19]/C is not reached by a timing clock
Related violations: <none>

TIMING-17#241 Warning
Non-clocked sequential cell  
The clock pin data_reg[1]/C is not reached by a timing clock
Related violations: <none>

TIMING-17#242 Warning
Non-clocked sequential cell  
The clock pin data_reg[20]/C is not reached by a timing clock
Related violations: <none>

TIMING-17#243 Warning
Non-clocked sequential cell  
The clock pin data_reg[21]/C is not reached by a timing clock
Related violations: <none>

TIMING-17#244 Warning
Non-clocked sequential cell  
The clock pin data_reg[22]/C is not reached by a timing clock
Related violations: <none>

TIMING-17#245 Warning
Non-clocked sequential cell  
The clock pin data_reg[23]/C is not reached by a timing clock
Related violations: <none>

TIMING-17#246 Warning
Non-clocked sequential cell  
The clock pin data_reg[24]/C is not reached by a timing clock
Related violations: <none>

TIMING-17#247 Warning
Non-clocked sequential cell  
The clock pin data_reg[25]/C is not reached by a timing clock
Related violations: <none>

TIMING-17#248 Warning
Non-clocked sequential cell  
The clock pin data_reg[26]/C is not reached by a timing clock
Related violations: <none>

TIMING-17#249 Warning
Non-clocked sequential cell  
The clock pin data_reg[27]/C is not reached by a timing clock
Related violations: <none>

TIMING-17#250 Warning
Non-clocked sequential cell  
The clock pin data_reg[28]/C is not reached by a timing clock
Related violations: <none>

TIMING-17#251 Warning
Non-clocked sequential cell  
The clock pin data_reg[29]/C is not reached by a timing clock
Related violations: <none>

TIMING-17#252 Warning
Non-clocked sequential cell  
The clock pin data_reg[2]/C is not reached by a timing clock
Related violations: <none>

TIMING-17#253 Warning
Non-clocked sequential cell  
The clock pin data_reg[30]/C is not reached by a timing clock
Related violations: <none>

TIMING-17#254 Warning
Non-clocked sequential cell  
The clock pin data_reg[31]/C is not reached by a timing clock
Related violations: <none>

TIMING-17#255 Warning
Non-clocked sequential cell  
The clock pin data_reg[32]/C is not reached by a timing clock
Related violations: <none>

TIMING-17#256 Warning
Non-clocked sequential cell  
The clock pin data_reg[3]/C is not reached by a timing clock
Related violations: <none>

TIMING-17#257 Warning
Non-clocked sequential cell  
The clock pin data_reg[4]/C is not reached by a timing clock
Related violations: <none>

TIMING-17#258 Warning
Non-clocked sequential cell  
The clock pin data_reg[5]/C is not reached by a timing clock
Related violations: <none>

TIMING-17#259 Warning
Non-clocked sequential cell  
The clock pin data_reg[6]/C is not reached by a timing clock
Related violations: <none>

TIMING-17#260 Warning
Non-clocked sequential cell  
The clock pin data_reg[7]/C is not reached by a timing clock
Related violations: <none>

TIMING-17#261 Warning
Non-clocked sequential cell  
The clock pin data_reg[8]/C is not reached by a timing clock
Related violations: <none>

TIMING-17#262 Warning
Non-clocked sequential cell  
The clock pin data_reg[9]/C is not reached by a timing clock
Related violations: <none>

TIMING-20#1 Warning
Non-clocked latch  
The latch cpu/ALU_Shift_Instance/ALU_Instance/F_reg[10] cannot be properly analyzed as its control pin cpu/ALU_Shift_Instance/ALU_Instance/F_reg[10]/G is not reached by a timing clock
Related violations: <none>

TIMING-20#2 Warning
Non-clocked latch  
The latch cpu/ALU_Shift_Instance/ALU_Instance/F_reg[11] cannot be properly analyzed as its control pin cpu/ALU_Shift_Instance/ALU_Instance/F_reg[11]/G is not reached by a timing clock
Related violations: <none>

TIMING-20#3 Warning
Non-clocked latch  
The latch cpu/ALU_Shift_Instance/ALU_Instance/F_reg[12] cannot be properly analyzed as its control pin cpu/ALU_Shift_Instance/ALU_Instance/F_reg[12]/G is not reached by a timing clock
Related violations: <none>

TIMING-20#4 Warning
Non-clocked latch  
The latch cpu/ALU_Shift_Instance/ALU_Instance/F_reg[13] cannot be properly analyzed as its control pin cpu/ALU_Shift_Instance/ALU_Instance/F_reg[13]/G is not reached by a timing clock
Related violations: <none>

TIMING-20#5 Warning
Non-clocked latch  
The latch cpu/ALU_Shift_Instance/ALU_Instance/F_reg[14] cannot be properly analyzed as its control pin cpu/ALU_Shift_Instance/ALU_Instance/F_reg[14]/G is not reached by a timing clock
Related violations: <none>

TIMING-20#6 Warning
Non-clocked latch  
The latch cpu/ALU_Shift_Instance/ALU_Instance/F_reg[15] cannot be properly analyzed as its control pin cpu/ALU_Shift_Instance/ALU_Instance/F_reg[15]/G is not reached by a timing clock
Related violations: <none>

TIMING-20#7 Warning
Non-clocked latch  
The latch cpu/ALU_Shift_Instance/ALU_Instance/F_reg[16] cannot be properly analyzed as its control pin cpu/ALU_Shift_Instance/ALU_Instance/F_reg[16]/G is not reached by a timing clock
Related violations: <none>

TIMING-20#8 Warning
Non-clocked latch  
The latch cpu/ALU_Shift_Instance/ALU_Instance/F_reg[17] cannot be properly analyzed as its control pin cpu/ALU_Shift_Instance/ALU_Instance/F_reg[17]/G is not reached by a timing clock
Related violations: <none>

TIMING-20#9 Warning
Non-clocked latch  
The latch cpu/ALU_Shift_Instance/ALU_Instance/F_reg[18] cannot be properly analyzed as its control pin cpu/ALU_Shift_Instance/ALU_Instance/F_reg[18]/G is not reached by a timing clock
Related violations: <none>

TIMING-20#10 Warning
Non-clocked latch  
The latch cpu/ALU_Shift_Instance/ALU_Instance/F_reg[19] cannot be properly analyzed as its control pin cpu/ALU_Shift_Instance/ALU_Instance/F_reg[19]/G is not reached by a timing clock
Related violations: <none>

TIMING-20#11 Warning
Non-clocked latch  
The latch cpu/ALU_Shift_Instance/ALU_Instance/F_reg[1] cannot be properly analyzed as its control pin cpu/ALU_Shift_Instance/ALU_Instance/F_reg[1]/G is not reached by a timing clock
Related violations: <none>

TIMING-20#12 Warning
Non-clocked latch  
The latch cpu/ALU_Shift_Instance/ALU_Instance/F_reg[20] cannot be properly analyzed as its control pin cpu/ALU_Shift_Instance/ALU_Instance/F_reg[20]/G is not reached by a timing clock
Related violations: <none>

TIMING-20#13 Warning
Non-clocked latch  
The latch cpu/ALU_Shift_Instance/ALU_Instance/F_reg[21] cannot be properly analyzed as its control pin cpu/ALU_Shift_Instance/ALU_Instance/F_reg[21]/G is not reached by a timing clock
Related violations: <none>

TIMING-20#14 Warning
Non-clocked latch  
The latch cpu/ALU_Shift_Instance/ALU_Instance/F_reg[22] cannot be properly analyzed as its control pin cpu/ALU_Shift_Instance/ALU_Instance/F_reg[22]/G is not reached by a timing clock
Related violations: <none>

TIMING-20#15 Warning
Non-clocked latch  
The latch cpu/ALU_Shift_Instance/ALU_Instance/F_reg[23] cannot be properly analyzed as its control pin cpu/ALU_Shift_Instance/ALU_Instance/F_reg[23]/G is not reached by a timing clock
Related violations: <none>

TIMING-20#16 Warning
Non-clocked latch  
The latch cpu/ALU_Shift_Instance/ALU_Instance/F_reg[24] cannot be properly analyzed as its control pin cpu/ALU_Shift_Instance/ALU_Instance/F_reg[24]/G is not reached by a timing clock
Related violations: <none>

TIMING-20#17 Warning
Non-clocked latch  
The latch cpu/ALU_Shift_Instance/ALU_Instance/F_reg[25] cannot be properly analyzed as its control pin cpu/ALU_Shift_Instance/ALU_Instance/F_reg[25]/G is not reached by a timing clock
Related violations: <none>

TIMING-20#18 Warning
Non-clocked latch  
The latch cpu/ALU_Shift_Instance/ALU_Instance/F_reg[26] cannot be properly analyzed as its control pin cpu/ALU_Shift_Instance/ALU_Instance/F_reg[26]/G is not reached by a timing clock
Related violations: <none>

TIMING-20#19 Warning
Non-clocked latch  
The latch cpu/ALU_Shift_Instance/ALU_Instance/F_reg[27] cannot be properly analyzed as its control pin cpu/ALU_Shift_Instance/ALU_Instance/F_reg[27]/G is not reached by a timing clock
Related violations: <none>

TIMING-20#20 Warning
Non-clocked latch  
The latch cpu/ALU_Shift_Instance/ALU_Instance/F_reg[28] cannot be properly analyzed as its control pin cpu/ALU_Shift_Instance/ALU_Instance/F_reg[28]/G is not reached by a timing clock
Related violations: <none>

TIMING-20#21 Warning
Non-clocked latch  
The latch cpu/ALU_Shift_Instance/ALU_Instance/F_reg[29] cannot be properly analyzed as its control pin cpu/ALU_Shift_Instance/ALU_Instance/F_reg[29]/G is not reached by a timing clock
Related violations: <none>

TIMING-20#22 Warning
Non-clocked latch  
The latch cpu/ALU_Shift_Instance/ALU_Instance/F_reg[2] cannot be properly analyzed as its control pin cpu/ALU_Shift_Instance/ALU_Instance/F_reg[2]/G is not reached by a timing clock
Related violations: <none>

TIMING-20#23 Warning
Non-clocked latch  
The latch cpu/ALU_Shift_Instance/ALU_Instance/F_reg[30] cannot be properly analyzed as its control pin cpu/ALU_Shift_Instance/ALU_Instance/F_reg[30]/G is not reached by a timing clock
Related violations: <none>

TIMING-20#24 Warning
Non-clocked latch  
The latch cpu/ALU_Shift_Instance/ALU_Instance/F_reg[31] cannot be properly analyzed as its control pin cpu/ALU_Shift_Instance/ALU_Instance/F_reg[31]/G is not reached by a timing clock
Related violations: <none>

TIMING-20#25 Warning
Non-clocked latch  
The latch cpu/ALU_Shift_Instance/ALU_Instance/F_reg[32] cannot be properly analyzed as its control pin cpu/ALU_Shift_Instance/ALU_Instance/F_reg[32]/G is not reached by a timing clock
Related violations: <none>

TIMING-20#26 Warning
Non-clocked latch  
The latch cpu/ALU_Shift_Instance/ALU_Instance/F_reg[3] cannot be properly analyzed as its control pin cpu/ALU_Shift_Instance/ALU_Instance/F_reg[3]/G is not reached by a timing clock
Related violations: <none>

TIMING-20#27 Warning
Non-clocked latch  
The latch cpu/ALU_Shift_Instance/ALU_Instance/F_reg[4] cannot be properly analyzed as its control pin cpu/ALU_Shift_Instance/ALU_Instance/F_reg[4]/G is not reached by a timing clock
Related violations: <none>

TIMING-20#28 Warning
Non-clocked latch  
The latch cpu/ALU_Shift_Instance/ALU_Instance/F_reg[5] cannot be properly analyzed as its control pin cpu/ALU_Shift_Instance/ALU_Instance/F_reg[5]/G is not reached by a timing clock
Related violations: <none>

TIMING-20#29 Warning
Non-clocked latch  
The latch cpu/ALU_Shift_Instance/ALU_Instance/F_reg[6] cannot be properly analyzed as its control pin cpu/ALU_Shift_Instance/ALU_Instance/F_reg[6]/G is not reached by a timing clock
Related violations: <none>

TIMING-20#30 Warning
Non-clocked latch  
The latch cpu/ALU_Shift_Instance/ALU_Instance/F_reg[7] cannot be properly analyzed as its control pin cpu/ALU_Shift_Instance/ALU_Instance/F_reg[7]/G is not reached by a timing clock
Related violations: <none>

TIMING-20#31 Warning
Non-clocked latch  
The latch cpu/ALU_Shift_Instance/ALU_Instance/F_reg[8] cannot be properly analyzed as its control pin cpu/ALU_Shift_Instance/ALU_Instance/F_reg[8]/G is not reached by a timing clock
Related violations: <none>

TIMING-20#32 Warning
Non-clocked latch  
The latch cpu/ALU_Shift_Instance/ALU_Instance/F_reg[9] cannot be properly analyzed as its control pin cpu/ALU_Shift_Instance/ALU_Instance/F_reg[9]/G is not reached by a timing clock
Related violations: <none>

TIMING-20#33 Warning
Non-clocked latch  
The latch cpu/CPSR_Instance/Curr_SPSR_reg[0] cannot be properly analyzed as its control pin cpu/CPSR_Instance/Curr_SPSR_reg[0]/G is not reached by a timing clock
Related violations: <none>

TIMING-20#34 Warning
Non-clocked latch  
The latch cpu/CPSR_Instance/Curr_SPSR_reg[1] cannot be properly analyzed as its control pin cpu/CPSR_Instance/Curr_SPSR_reg[1]/G is not reached by a timing clock
Related violations: <none>

TIMING-20#35 Warning
Non-clocked latch  
The latch cpu/CPSR_Instance/Curr_SPSR_reg[28] cannot be properly analyzed as its control pin cpu/CPSR_Instance/Curr_SPSR_reg[28]/G is not reached by a timing clock
Related violations: <none>

TIMING-20#36 Warning
Non-clocked latch  
The latch cpu/CPSR_Instance/Curr_SPSR_reg[29] cannot be properly analyzed as its control pin cpu/CPSR_Instance/Curr_SPSR_reg[29]/G is not reached by a timing clock
Related violations: <none>

TIMING-20#37 Warning
Non-clocked latch  
The latch cpu/CPSR_Instance/Curr_SPSR_reg[30] cannot be properly analyzed as its control pin cpu/CPSR_Instance/Curr_SPSR_reg[30]/G is not reached by a timing clock
Related violations: <none>

TIMING-20#38 Warning
Non-clocked latch  
The latch cpu/CPSR_Instance/Curr_SPSR_reg[31] cannot be properly analyzed as its control pin cpu/CPSR_Instance/Curr_SPSR_reg[31]/G is not reached by a timing clock
Related violations: <none>

TIMING-20#39 Warning
Non-clocked latch  
The latch cpu/CPSR_Instance/Curr_SPSR_reg[4] cannot be properly analyzed as its control pin cpu/CPSR_Instance/Curr_SPSR_reg[4]/G is not reached by a timing clock
Related violations: <none>

TIMING-20#40 Warning
Non-clocked latch  
The latch cpu/CPSR_Instance/Curr_SPSR_reg[6] cannot be properly analyzed as its control pin cpu/CPSR_Instance/Curr_SPSR_reg[6]/G is not reached by a timing clock
Related violations: <none>

TIMING-20#41 Warning
Non-clocked latch  
The latch cpu/CPSR_Instance/Curr_SPSR_reg[7] cannot be properly analyzed as its control pin cpu/CPSR_Instance/Curr_SPSR_reg[7]/G is not reached by a timing clock
Related violations: <none>

TIMING-20#42 Warning
Non-clocked latch  
The latch cpu/CPSR_Instance/clk_m_reg[0] cannot be properly analyzed as its control pin cpu/CPSR_Instance/clk_m_reg[0]/G is not reached by a timing clock
Related violations: <none>

TIMING-20#43 Warning
Non-clocked latch  
The latch cpu/CPSR_Instance/clk_m_reg[1] cannot be properly analyzed as its control pin cpu/CPSR_Instance/clk_m_reg[1]/G is not reached by a timing clock
Related violations: <none>

TIMING-20#44 Warning
Non-clocked latch  
The latch cpu/CPSR_Instance/clk_m_reg[2] cannot be properly analyzed as its control pin cpu/CPSR_Instance/clk_m_reg[2]/G is not reached by a timing clock
Related violations: <none>


