Copyright 1986-2018 Xilinx, Inc. All Rights Reserved.
-----------------------------------------------------------------------------------------------------------------------------------------------
| Tool Version : Vivado v.2018.3 (win64) Build 2405991 Thu Dec  6 23:38:27 MST 2018
| Date         : Fri Jul  2 16:41:29 2021
| Host         : BLUEFLAMELEE running 64-bit major release  (build 9200)
| Command      : report_methodology -file CPU_methodology_drc_routed.rpt -pb CPU_methodology_drc_routed.pb -rpx CPU_methodology_drc_routed.rpx
| Design       : CPU
| Device       : xc7a100tfgg484-2L
| Speed File   : -2L
| Design State : Fully Routed
-----------------------------------------------------------------------------------------------------------------------------------------------

Report Methodology

Table of Contents
-----------------
1. REPORT SUMMARY
2. REPORT DETAILS

1. REPORT SUMMARY
-----------------
            Netlist: netlist
          Floorplan: design_1
      Design limits: <entire design considered>
             Max violations: <unlimited>
             Violations found: 264
+-----------+----------+-----------------------------+------------+
| Rule      | Severity | Description                 | Violations |
+-----------+----------+-----------------------------+------------+
| TIMING-17 | Warning  | Non-clocked sequential cell | 224        |
| TIMING-20 | Warning  | Non-clocked latch           | 40         |
+-----------+----------+-----------------------------+------------+

2. REPORT DETAILS
-----------------
TIMING-17#1 Warning
Non-clocked sequential cell  
The clock pin ALU_A_s_reg/C is not reached by a timing clock
Related violations: <none>

TIMING-17#2 Warning
Non-clocked sequential cell  
The clock pin ALU_A_s_reg_rep/C is not reached by a timing clock
Related violations: <none>

TIMING-17#3 Warning
Non-clocked sequential cell  
The clock pin ALU_A_s_reg_rep__0/C is not reached by a timing clock
Related violations: <none>

TIMING-17#4 Warning
Non-clocked sequential cell  
The clock pin ALU_A_s_reg_rep__1/C is not reached by a timing clock
Related violations: <none>

TIMING-17#5 Warning
Non-clocked sequential cell  
The clock pin ALU_B_s_reg[0]/C is not reached by a timing clock
Related violations: <none>

TIMING-17#6 Warning
Non-clocked sequential cell  
The clock pin ALU_B_s_reg[1]/C is not reached by a timing clock
Related violations: <none>

TIMING-17#7 Warning
Non-clocked sequential cell  
The clock pin ALU_OP_reg[0]/C is not reached by a timing clock
Related violations: <none>

TIMING-17#8 Warning
Non-clocked sequential cell  
The clock pin ALU_OP_reg[0]_lopt_replica/C is not reached by a timing clock
Related violations: <none>

TIMING-17#9 Warning
Non-clocked sequential cell  
The clock pin ALU_OP_reg[1]/C is not reached by a timing clock
Related violations: <none>

TIMING-17#10 Warning
Non-clocked sequential cell  
The clock pin ALU_OP_reg[1]_lopt_replica/C is not reached by a timing clock
Related violations: <none>

TIMING-17#11 Warning
Non-clocked sequential cell  
The clock pin ALU_OP_reg[2]/C is not reached by a timing clock
Related violations: <none>

TIMING-17#12 Warning
Non-clocked sequential cell  
The clock pin ALU_OP_reg[2]_lopt_replica/C is not reached by a timing clock
Related violations: <none>

TIMING-17#13 Warning
Non-clocked sequential cell  
The clock pin ALU_OP_reg[3]/C is not reached by a timing clock
Related violations: <none>

TIMING-17#14 Warning
Non-clocked sequential cell  
The clock pin ALU_OP_reg[3]_lopt_replica/C is not reached by a timing clock
Related violations: <none>

TIMING-17#15 Warning
Non-clocked sequential cell  
The clock pin ALU_Shift_Instance/F_reg[0]/C is not reached by a timing clock
Related violations: <none>

TIMING-17#16 Warning
Non-clocked sequential cell  
The clock pin ALU_Shift_Instance/F_reg[0]_lopt_replica/C is not reached by a timing clock
Related violations: <none>

TIMING-17#17 Warning
Non-clocked sequential cell  
The clock pin ALU_Shift_Instance/F_reg[10]/C is not reached by a timing clock
Related violations: <none>

TIMING-17#18 Warning
Non-clocked sequential cell  
The clock pin ALU_Shift_Instance/F_reg[10]_lopt_replica/C is not reached by a timing clock
Related violations: <none>

TIMING-17#19 Warning
Non-clocked sequential cell  
The clock pin ALU_Shift_Instance/F_reg[11]/C is not reached by a timing clock
Related violations: <none>

TIMING-17#20 Warning
Non-clocked sequential cell  
The clock pin ALU_Shift_Instance/F_reg[11]_lopt_replica/C is not reached by a timing clock
Related violations: <none>

TIMING-17#21 Warning
Non-clocked sequential cell  
The clock pin ALU_Shift_Instance/F_reg[12]/C is not reached by a timing clock
Related violations: <none>

TIMING-17#22 Warning
Non-clocked sequential cell  
The clock pin ALU_Shift_Instance/F_reg[12]_lopt_replica/C is not reached by a timing clock
Related violations: <none>

TIMING-17#23 Warning
Non-clocked sequential cell  
The clock pin ALU_Shift_Instance/F_reg[13]/C is not reached by a timing clock
Related violations: <none>

TIMING-17#24 Warning
Non-clocked sequential cell  
The clock pin ALU_Shift_Instance/F_reg[13]_lopt_replica/C is not reached by a timing clock
Related violations: <none>

TIMING-17#25 Warning
Non-clocked sequential cell  
The clock pin ALU_Shift_Instance/F_reg[14]/C is not reached by a timing clock
Related violations: <none>

TIMING-17#26 Warning
Non-clocked sequential cell  
The clock pin ALU_Shift_Instance/F_reg[14]_lopt_replica/C is not reached by a timing clock
Related violations: <none>

TIMING-17#27 Warning
Non-clocked sequential cell  
The clock pin ALU_Shift_Instance/F_reg[15]/C is not reached by a timing clock
Related violations: <none>

TIMING-17#28 Warning
Non-clocked sequential cell  
The clock pin ALU_Shift_Instance/F_reg[15]_lopt_replica/C is not reached by a timing clock
Related violations: <none>

TIMING-17#29 Warning
Non-clocked sequential cell  
The clock pin ALU_Shift_Instance/F_reg[16]/C is not reached by a timing clock
Related violations: <none>

TIMING-17#30 Warning
Non-clocked sequential cell  
The clock pin ALU_Shift_Instance/F_reg[16]_lopt_replica/C is not reached by a timing clock
Related violations: <none>

TIMING-17#31 Warning
Non-clocked sequential cell  
The clock pin ALU_Shift_Instance/F_reg[17]/C is not reached by a timing clock
Related violations: <none>

TIMING-17#32 Warning
Non-clocked sequential cell  
The clock pin ALU_Shift_Instance/F_reg[17]_lopt_replica/C is not reached by a timing clock
Related violations: <none>

TIMING-17#33 Warning
Non-clocked sequential cell  
The clock pin ALU_Shift_Instance/F_reg[18]/C is not reached by a timing clock
Related violations: <none>

TIMING-17#34 Warning
Non-clocked sequential cell  
The clock pin ALU_Shift_Instance/F_reg[18]_lopt_replica/C is not reached by a timing clock
Related violations: <none>

TIMING-17#35 Warning
Non-clocked sequential cell  
The clock pin ALU_Shift_Instance/F_reg[19]/C is not reached by a timing clock
Related violations: <none>

TIMING-17#36 Warning
Non-clocked sequential cell  
The clock pin ALU_Shift_Instance/F_reg[19]_lopt_replica/C is not reached by a timing clock
Related violations: <none>

TIMING-17#37 Warning
Non-clocked sequential cell  
The clock pin ALU_Shift_Instance/F_reg[1]/C is not reached by a timing clock
Related violations: <none>

TIMING-17#38 Warning
Non-clocked sequential cell  
The clock pin ALU_Shift_Instance/F_reg[1]_lopt_replica/C is not reached by a timing clock
Related violations: <none>

TIMING-17#39 Warning
Non-clocked sequential cell  
The clock pin ALU_Shift_Instance/F_reg[20]/C is not reached by a timing clock
Related violations: <none>

TIMING-17#40 Warning
Non-clocked sequential cell  
The clock pin ALU_Shift_Instance/F_reg[20]_lopt_replica/C is not reached by a timing clock
Related violations: <none>

TIMING-17#41 Warning
Non-clocked sequential cell  
The clock pin ALU_Shift_Instance/F_reg[21]/C is not reached by a timing clock
Related violations: <none>

TIMING-17#42 Warning
Non-clocked sequential cell  
The clock pin ALU_Shift_Instance/F_reg[21]_lopt_replica/C is not reached by a timing clock
Related violations: <none>

TIMING-17#43 Warning
Non-clocked sequential cell  
The clock pin ALU_Shift_Instance/F_reg[22]/C is not reached by a timing clock
Related violations: <none>

TIMING-17#44 Warning
Non-clocked sequential cell  
The clock pin ALU_Shift_Instance/F_reg[22]_lopt_replica/C is not reached by a timing clock
Related violations: <none>

TIMING-17#45 Warning
Non-clocked sequential cell  
The clock pin ALU_Shift_Instance/F_reg[23]/C is not reached by a timing clock
Related violations: <none>

TIMING-17#46 Warning
Non-clocked sequential cell  
The clock pin ALU_Shift_Instance/F_reg[23]_lopt_replica/C is not reached by a timing clock
Related violations: <none>

TIMING-17#47 Warning
Non-clocked sequential cell  
The clock pin ALU_Shift_Instance/F_reg[24]/C is not reached by a timing clock
Related violations: <none>

TIMING-17#48 Warning
Non-clocked sequential cell  
The clock pin ALU_Shift_Instance/F_reg[24]_lopt_replica/C is not reached by a timing clock
Related violations: <none>

TIMING-17#49 Warning
Non-clocked sequential cell  
The clock pin ALU_Shift_Instance/F_reg[25]/C is not reached by a timing clock
Related violations: <none>

TIMING-17#50 Warning
Non-clocked sequential cell  
The clock pin ALU_Shift_Instance/F_reg[25]_lopt_replica/C is not reached by a timing clock
Related violations: <none>

TIMING-17#51 Warning
Non-clocked sequential cell  
The clock pin ALU_Shift_Instance/F_reg[26]/C is not reached by a timing clock
Related violations: <none>

TIMING-17#52 Warning
Non-clocked sequential cell  
The clock pin ALU_Shift_Instance/F_reg[26]_lopt_replica/C is not reached by a timing clock
Related violations: <none>

TIMING-17#53 Warning
Non-clocked sequential cell  
The clock pin ALU_Shift_Instance/F_reg[27]/C is not reached by a timing clock
Related violations: <none>

TIMING-17#54 Warning
Non-clocked sequential cell  
The clock pin ALU_Shift_Instance/F_reg[27]_lopt_replica/C is not reached by a timing clock
Related violations: <none>

TIMING-17#55 Warning
Non-clocked sequential cell  
The clock pin ALU_Shift_Instance/F_reg[28]/C is not reached by a timing clock
Related violations: <none>

TIMING-17#56 Warning
Non-clocked sequential cell  
The clock pin ALU_Shift_Instance/F_reg[28]_lopt_replica/C is not reached by a timing clock
Related violations: <none>

TIMING-17#57 Warning
Non-clocked sequential cell  
The clock pin ALU_Shift_Instance/F_reg[29]/C is not reached by a timing clock
Related violations: <none>

TIMING-17#58 Warning
Non-clocked sequential cell  
The clock pin ALU_Shift_Instance/F_reg[29]_lopt_replica/C is not reached by a timing clock
Related violations: <none>

TIMING-17#59 Warning
Non-clocked sequential cell  
The clock pin ALU_Shift_Instance/F_reg[2]/C is not reached by a timing clock
Related violations: <none>

TIMING-17#60 Warning
Non-clocked sequential cell  
The clock pin ALU_Shift_Instance/F_reg[2]_lopt_replica/C is not reached by a timing clock
Related violations: <none>

TIMING-17#61 Warning
Non-clocked sequential cell  
The clock pin ALU_Shift_Instance/F_reg[30]/C is not reached by a timing clock
Related violations: <none>

TIMING-17#62 Warning
Non-clocked sequential cell  
The clock pin ALU_Shift_Instance/F_reg[30]_lopt_replica/C is not reached by a timing clock
Related violations: <none>

TIMING-17#63 Warning
Non-clocked sequential cell  
The clock pin ALU_Shift_Instance/F_reg[31]/C is not reached by a timing clock
Related violations: <none>

TIMING-17#64 Warning
Non-clocked sequential cell  
The clock pin ALU_Shift_Instance/F_reg[31]_lopt_replica/C is not reached by a timing clock
Related violations: <none>

TIMING-17#65 Warning
Non-clocked sequential cell  
The clock pin ALU_Shift_Instance/F_reg[3]/C is not reached by a timing clock
Related violations: <none>

TIMING-17#66 Warning
Non-clocked sequential cell  
The clock pin ALU_Shift_Instance/F_reg[3]_lopt_replica/C is not reached by a timing clock
Related violations: <none>

TIMING-17#67 Warning
Non-clocked sequential cell  
The clock pin ALU_Shift_Instance/F_reg[4]/C is not reached by a timing clock
Related violations: <none>

TIMING-17#68 Warning
Non-clocked sequential cell  
The clock pin ALU_Shift_Instance/F_reg[4]_lopt_replica/C is not reached by a timing clock
Related violations: <none>

TIMING-17#69 Warning
Non-clocked sequential cell  
The clock pin ALU_Shift_Instance/F_reg[5]/C is not reached by a timing clock
Related violations: <none>

TIMING-17#70 Warning
Non-clocked sequential cell  
The clock pin ALU_Shift_Instance/F_reg[5]_lopt_replica/C is not reached by a timing clock
Related violations: <none>

TIMING-17#71 Warning
Non-clocked sequential cell  
The clock pin ALU_Shift_Instance/F_reg[6]/C is not reached by a timing clock
Related violations: <none>

TIMING-17#72 Warning
Non-clocked sequential cell  
The clock pin ALU_Shift_Instance/F_reg[6]_lopt_replica/C is not reached by a timing clock
Related violations: <none>

TIMING-17#73 Warning
Non-clocked sequential cell  
The clock pin ALU_Shift_Instance/F_reg[7]/C is not reached by a timing clock
Related violations: <none>

TIMING-17#74 Warning
Non-clocked sequential cell  
The clock pin ALU_Shift_Instance/F_reg[7]_lopt_replica/C is not reached by a timing clock
Related violations: <none>

TIMING-17#75 Warning
Non-clocked sequential cell  
The clock pin ALU_Shift_Instance/F_reg[8]/C is not reached by a timing clock
Related violations: <none>

TIMING-17#76 Warning
Non-clocked sequential cell  
The clock pin ALU_Shift_Instance/F_reg[8]_lopt_replica/C is not reached by a timing clock
Related violations: <none>

TIMING-17#77 Warning
Non-clocked sequential cell  
The clock pin ALU_Shift_Instance/F_reg[9]/C is not reached by a timing clock
Related violations: <none>

TIMING-17#78 Warning
Non-clocked sequential cell  
The clock pin ALU_Shift_Instance/F_reg[9]_lopt_replica/C is not reached by a timing clock
Related violations: <none>

TIMING-17#79 Warning
Non-clocked sequential cell  
The clock pin CPSR_Instance/D_CPSR_31_28/q_reg[0]/C is not reached by a timing clock
Related violations: <none>

TIMING-17#80 Warning
Non-clocked sequential cell  
The clock pin CPSR_Instance/D_CPSR_31_28/q_reg[1]/C is not reached by a timing clock
Related violations: <none>

TIMING-17#81 Warning
Non-clocked sequential cell  
The clock pin CPSR_Instance/D_CPSR_31_28/q_reg[2]/C is not reached by a timing clock
Related violations: <none>

TIMING-17#82 Warning
Non-clocked sequential cell  
The clock pin CPSR_Instance/D_CPSR_31_28/q_reg[3]/C is not reached by a timing clock
Related violations: <none>

TIMING-17#83 Warning
Non-clocked sequential cell  
The clock pin CPSR_Instance/D_CPSR_7_0/q_reg[1]/C is not reached by a timing clock
Related violations: <none>

TIMING-17#84 Warning
Non-clocked sequential cell  
The clock pin CPSR_Instance/D_CPSR_7_0/q_reg[4]/C is not reached by a timing clock
Related violations: <none>

TIMING-17#85 Warning
Non-clocked sequential cell  
The clock pin CPSR_Instance/D_CPSR_7_0/q_reg[7]/C is not reached by a timing clock
Related violations: <none>

TIMING-17#86 Warning
Non-clocked sequential cell  
The clock pin CPSR_Instance/D_CPSR_7_0/q_reg[7]_lopt_replica/C is not reached by a timing clock
Related violations: <none>

TIMING-17#87 Warning
Non-clocked sequential cell  
The clock pin CPSR_Instance/D_SPSR_fiq/q_reg[1]/C is not reached by a timing clock
Related violations: <none>

TIMING-17#88 Warning
Non-clocked sequential cell  
The clock pin CPSR_Instance/D_SPSR_fiq/q_reg[28]/C is not reached by a timing clock
Related violations: <none>

TIMING-17#89 Warning
Non-clocked sequential cell  
The clock pin CPSR_Instance/D_SPSR_fiq/q_reg[29]/C is not reached by a timing clock
Related violations: <none>

TIMING-17#90 Warning
Non-clocked sequential cell  
The clock pin CPSR_Instance/D_SPSR_fiq/q_reg[30]/C is not reached by a timing clock
Related violations: <none>

TIMING-17#91 Warning
Non-clocked sequential cell  
The clock pin CPSR_Instance/D_SPSR_fiq/q_reg[31]/C is not reached by a timing clock
Related violations: <none>

TIMING-17#92 Warning
Non-clocked sequential cell  
The clock pin CPSR_Instance/D_SPSR_fiq/q_reg[4]/C is not reached by a timing clock
Related violations: <none>

TIMING-17#93 Warning
Non-clocked sequential cell  
The clock pin CPSR_Instance/D_SPSR_fiq/q_reg[7]/C is not reached by a timing clock
Related violations: <none>

TIMING-17#94 Warning
Non-clocked sequential cell  
The clock pin CPSR_Instance/D_SPSR_irq/q_reg[1]/C is not reached by a timing clock
Related violations: <none>

TIMING-17#95 Warning
Non-clocked sequential cell  
The clock pin CPSR_Instance/D_SPSR_irq/q_reg[28]/C is not reached by a timing clock
Related violations: <none>

TIMING-17#96 Warning
Non-clocked sequential cell  
The clock pin CPSR_Instance/D_SPSR_irq/q_reg[29]/C is not reached by a timing clock
Related violations: <none>

TIMING-17#97 Warning
Non-clocked sequential cell  
The clock pin CPSR_Instance/D_SPSR_irq/q_reg[30]/C is not reached by a timing clock
Related violations: <none>

TIMING-17#98 Warning
Non-clocked sequential cell  
The clock pin CPSR_Instance/D_SPSR_irq/q_reg[31]/C is not reached by a timing clock
Related violations: <none>

TIMING-17#99 Warning
Non-clocked sequential cell  
The clock pin CPSR_Instance/D_SPSR_irq/q_reg[4]/C is not reached by a timing clock
Related violations: <none>

TIMING-17#100 Warning
Non-clocked sequential cell  
The clock pin CPSR_Instance/D_SPSR_irq/q_reg[7]/C is not reached by a timing clock
Related violations: <none>

TIMING-17#101 Warning
Non-clocked sequential cell  
The clock pin Change_M_reg[1]/C is not reached by a timing clock
Related violations: <none>

TIMING-17#102 Warning
Non-clocked sequential cell  
The clock pin Dataram/U0/inst_blk_mem_gen/gnbram.gnativebmg.native_blk_mem_gen/valid.cstr/ramloop[0].ram.r/prim_init.ram/DEVICE_7SERIES.NO_BMM_INFO.SP.WIDE_PRIM18.ram/CLKARDCLK is not reached by a timing clock
Related violations: <none>

TIMING-17#103 Warning
Non-clocked sequential cell  
The clock pin Dataram/U0/inst_blk_mem_gen/gnbram.gnativebmg.native_blk_mem_gen/valid.cstr/ramloop[0].ram.r/prim_init.ram/DEVICE_7SERIES.NO_BMM_INFO.SP.WIDE_PRIM18.ram/CLKBWRCLK is not reached by a timing clock
Related violations: <none>

TIMING-17#104 Warning
Non-clocked sequential cell  
The clock pin FSM_sequential_ST_reg[0]/C is not reached by a timing clock
Related violations: <none>

TIMING-17#105 Warning
Non-clocked sequential cell  
The clock pin FSM_sequential_ST_reg[1]/C is not reached by a timing clock
Related violations: <none>

TIMING-17#106 Warning
Non-clocked sequential cell  
The clock pin FSM_sequential_ST_reg[2]/C is not reached by a timing clock
Related violations: <none>

TIMING-17#107 Warning
Non-clocked sequential cell  
The clock pin FSM_sequential_ST_reg[3]/C is not reached by a timing clock
Related violations: <none>

TIMING-17#108 Warning
Non-clocked sequential cell  
The clock pin FSM_sequential_ST_reg[4]/C is not reached by a timing clock
Related violations: <none>

TIMING-17#109 Warning
Non-clocked sequential cell  
The clock pin INTA_irq_reg/C is not reached by a timing clock
Related violations: <none>

TIMING-17#110 Warning
Non-clocked sequential cell  
The clock pin Inst_Instance/IR_reg[10]/C is not reached by a timing clock
Related violations: <none>

TIMING-17#111 Warning
Non-clocked sequential cell  
The clock pin Inst_Instance/IR_reg[10]_lopt_replica/C is not reached by a timing clock
Related violations: <none>

TIMING-17#112 Warning
Non-clocked sequential cell  
The clock pin Inst_Instance/IR_reg[11]/C is not reached by a timing clock
Related violations: <none>

TIMING-17#113 Warning
Non-clocked sequential cell  
The clock pin Inst_Instance/IR_reg[11]_lopt_replica/C is not reached by a timing clock
Related violations: <none>

TIMING-17#114 Warning
Non-clocked sequential cell  
The clock pin Inst_Instance/IR_reg[12]/C is not reached by a timing clock
Related violations: <none>

TIMING-17#115 Warning
Non-clocked sequential cell  
The clock pin Inst_Instance/IR_reg[12]_lopt_replica/C is not reached by a timing clock
Related violations: <none>

TIMING-17#116 Warning
Non-clocked sequential cell  
The clock pin Inst_Instance/IR_reg[13]/C is not reached by a timing clock
Related violations: <none>

TIMING-17#117 Warning
Non-clocked sequential cell  
The clock pin Inst_Instance/IR_reg[13]_lopt_replica/C is not reached by a timing clock
Related violations: <none>

TIMING-17#118 Warning
Non-clocked sequential cell  
The clock pin Inst_Instance/IR_reg[14]/C is not reached by a timing clock
Related violations: <none>

TIMING-17#119 Warning
Non-clocked sequential cell  
The clock pin Inst_Instance/IR_reg[14]_lopt_replica/C is not reached by a timing clock
Related violations: <none>

TIMING-17#120 Warning
Non-clocked sequential cell  
The clock pin Inst_Instance/IR_reg[15]/C is not reached by a timing clock
Related violations: <none>

TIMING-17#121 Warning
Non-clocked sequential cell  
The clock pin Inst_Instance/IR_reg[15]_lopt_replica/C is not reached by a timing clock
Related violations: <none>

TIMING-17#122 Warning
Non-clocked sequential cell  
The clock pin Inst_Instance/IR_reg[16]/C is not reached by a timing clock
Related violations: <none>

TIMING-17#123 Warning
Non-clocked sequential cell  
The clock pin Inst_Instance/IR_reg[16]_lopt_replica/C is not reached by a timing clock
Related violations: <none>

TIMING-17#124 Warning
Non-clocked sequential cell  
The clock pin Inst_Instance/IR_reg[17]/C is not reached by a timing clock
Related violations: <none>

TIMING-17#125 Warning
Non-clocked sequential cell  
The clock pin Inst_Instance/IR_reg[17]_lopt_replica/C is not reached by a timing clock
Related violations: <none>

TIMING-17#126 Warning
Non-clocked sequential cell  
The clock pin Inst_Instance/IR_reg[18]/C is not reached by a timing clock
Related violations: <none>

TIMING-17#127 Warning
Non-clocked sequential cell  
The clock pin Inst_Instance/IR_reg[18]_lopt_replica/C is not reached by a timing clock
Related violations: <none>

TIMING-17#128 Warning
Non-clocked sequential cell  
The clock pin Inst_Instance/IR_reg[19]/C is not reached by a timing clock
Related violations: <none>

TIMING-17#129 Warning
Non-clocked sequential cell  
The clock pin Inst_Instance/IR_reg[19]_lopt_replica/C is not reached by a timing clock
Related violations: <none>

TIMING-17#130 Warning
Non-clocked sequential cell  
The clock pin Inst_Instance/IR_reg[1]/C is not reached by a timing clock
Related violations: <none>

TIMING-17#131 Warning
Non-clocked sequential cell  
The clock pin Inst_Instance/IR_reg[1]_lopt_replica/C is not reached by a timing clock
Related violations: <none>

TIMING-17#132 Warning
Non-clocked sequential cell  
The clock pin Inst_Instance/IR_reg[20]/C is not reached by a timing clock
Related violations: <none>

TIMING-17#133 Warning
Non-clocked sequential cell  
The clock pin Inst_Instance/IR_reg[20]_lopt_replica/C is not reached by a timing clock
Related violations: <none>

TIMING-17#134 Warning
Non-clocked sequential cell  
The clock pin Inst_Instance/IR_reg[21]/C is not reached by a timing clock
Related violations: <none>

TIMING-17#135 Warning
Non-clocked sequential cell  
The clock pin Inst_Instance/IR_reg[21]_lopt_replica/C is not reached by a timing clock
Related violations: <none>

TIMING-17#136 Warning
Non-clocked sequential cell  
The clock pin Inst_Instance/IR_reg[22]/C is not reached by a timing clock
Related violations: <none>

TIMING-17#137 Warning
Non-clocked sequential cell  
The clock pin Inst_Instance/IR_reg[22]_lopt_replica/C is not reached by a timing clock
Related violations: <none>

TIMING-17#138 Warning
Non-clocked sequential cell  
The clock pin Inst_Instance/IR_reg[23]/C is not reached by a timing clock
Related violations: <none>

TIMING-17#139 Warning
Non-clocked sequential cell  
The clock pin Inst_Instance/IR_reg[23]_lopt_replica/C is not reached by a timing clock
Related violations: <none>

TIMING-17#140 Warning
Non-clocked sequential cell  
The clock pin Inst_Instance/IR_reg[24]/C is not reached by a timing clock
Related violations: <none>

TIMING-17#141 Warning
Non-clocked sequential cell  
The clock pin Inst_Instance/IR_reg[24]_lopt_replica/C is not reached by a timing clock
Related violations: <none>

TIMING-17#142 Warning
Non-clocked sequential cell  
The clock pin Inst_Instance/IR_reg[25]/C is not reached by a timing clock
Related violations: <none>

TIMING-17#143 Warning
Non-clocked sequential cell  
The clock pin Inst_Instance/IR_reg[25]_lopt_replica/C is not reached by a timing clock
Related violations: <none>

TIMING-17#144 Warning
Non-clocked sequential cell  
The clock pin Inst_Instance/IR_reg[26]/C is not reached by a timing clock
Related violations: <none>

TIMING-17#145 Warning
Non-clocked sequential cell  
The clock pin Inst_Instance/IR_reg[26]_lopt_replica/C is not reached by a timing clock
Related violations: <none>

TIMING-17#146 Warning
Non-clocked sequential cell  
The clock pin Inst_Instance/IR_reg[27]/C is not reached by a timing clock
Related violations: <none>

TIMING-17#147 Warning
Non-clocked sequential cell  
The clock pin Inst_Instance/IR_reg[27]_lopt_replica/C is not reached by a timing clock
Related violations: <none>

TIMING-17#148 Warning
Non-clocked sequential cell  
The clock pin Inst_Instance/IR_reg[28]/C is not reached by a timing clock
Related violations: <none>

TIMING-17#149 Warning
Non-clocked sequential cell  
The clock pin Inst_Instance/IR_reg[28]_lopt_replica/C is not reached by a timing clock
Related violations: <none>

TIMING-17#150 Warning
Non-clocked sequential cell  
The clock pin Inst_Instance/IR_reg[2]/C is not reached by a timing clock
Related violations: <none>

TIMING-17#151 Warning
Non-clocked sequential cell  
The clock pin Inst_Instance/IR_reg[2]_lopt_replica/C is not reached by a timing clock
Related violations: <none>

TIMING-17#152 Warning
Non-clocked sequential cell  
The clock pin Inst_Instance/IR_reg[3]/C is not reached by a timing clock
Related violations: <none>

TIMING-17#153 Warning
Non-clocked sequential cell  
The clock pin Inst_Instance/IR_reg[3]_lopt_replica/C is not reached by a timing clock
Related violations: <none>

TIMING-17#154 Warning
Non-clocked sequential cell  
The clock pin Inst_Instance/IR_reg[4]/C is not reached by a timing clock
Related violations: <none>

TIMING-17#155 Warning
Non-clocked sequential cell  
The clock pin Inst_Instance/IR_reg[4]_lopt_replica/C is not reached by a timing clock
Related violations: <none>

TIMING-17#156 Warning
Non-clocked sequential cell  
The clock pin Inst_Instance/IR_reg[5]/C is not reached by a timing clock
Related violations: <none>

TIMING-17#157 Warning
Non-clocked sequential cell  
The clock pin Inst_Instance/IR_reg[5]_lopt_replica/C is not reached by a timing clock
Related violations: <none>

TIMING-17#158 Warning
Non-clocked sequential cell  
The clock pin Inst_Instance/IR_reg[6]/C is not reached by a timing clock
Related violations: <none>

TIMING-17#159 Warning
Non-clocked sequential cell  
The clock pin Inst_Instance/IR_reg[6]_lopt_replica/C is not reached by a timing clock
Related violations: <none>

TIMING-17#160 Warning
Non-clocked sequential cell  
The clock pin Inst_Instance/IR_reg[7]/C is not reached by a timing clock
Related violations: <none>

TIMING-17#161 Warning
Non-clocked sequential cell  
The clock pin Inst_Instance/IR_reg[7]_lopt_replica/C is not reached by a timing clock
Related violations: <none>

TIMING-17#162 Warning
Non-clocked sequential cell  
The clock pin Inst_Instance/IR_reg[8]/C is not reached by a timing clock
Related violations: <none>

TIMING-17#163 Warning
Non-clocked sequential cell  
The clock pin Inst_Instance/IR_reg[8]_lopt_replica/C is not reached by a timing clock
Related violations: <none>

TIMING-17#164 Warning
Non-clocked sequential cell  
The clock pin Inst_Instance/IR_reg[9]/C is not reached by a timing clock
Related violations: <none>

TIMING-17#165 Warning
Non-clocked sequential cell  
The clock pin Inst_Instance/IR_reg[9]_lopt_replica/C is not reached by a timing clock
Related violations: <none>

TIMING-17#166 Warning
Non-clocked sequential cell  
The clock pin Inst_Instance/Inst_ROM_Instance/U0/inst_blk_mem_gen/gnbram.gnativebmg.native_blk_mem_gen/valid.cstr/ramloop[0].ram.r/prim_init.ram/DEVICE_7SERIES.NO_BMM_INFO.SP.WIDE_PRIM18.ram/CLKARDCLK is not reached by a timing clock
Related violations: <none>

TIMING-17#167 Warning
Non-clocked sequential cell  
The clock pin Inst_Instance/Inst_ROM_Instance/U0/inst_blk_mem_gen/gnbram.gnativebmg.native_blk_mem_gen/valid.cstr/ramloop[0].ram.r/prim_init.ram/DEVICE_7SERIES.NO_BMM_INFO.SP.WIDE_PRIM18.ram/CLKBWRCLK is not reached by a timing clock
Related violations: <none>

TIMING-17#168 Warning
Non-clocked sequential cell  
The clock pin Inst_Instance/PC_reg[0]/C is not reached by a timing clock
Related violations: <none>

TIMING-17#169 Warning
Non-clocked sequential cell  
The clock pin Inst_Instance/PC_reg[10]/C is not reached by a timing clock
Related violations: <none>

TIMING-17#170 Warning
Non-clocked sequential cell  
The clock pin Inst_Instance/PC_reg[11]/C is not reached by a timing clock
Related violations: <none>

TIMING-17#171 Warning
Non-clocked sequential cell  
The clock pin Inst_Instance/PC_reg[12]/C is not reached by a timing clock
Related violations: <none>

TIMING-17#172 Warning
Non-clocked sequential cell  
The clock pin Inst_Instance/PC_reg[13]/C is not reached by a timing clock
Related violations: <none>

TIMING-17#173 Warning
Non-clocked sequential cell  
The clock pin Inst_Instance/PC_reg[14]/C is not reached by a timing clock
Related violations: <none>

TIMING-17#174 Warning
Non-clocked sequential cell  
The clock pin Inst_Instance/PC_reg[15]/C is not reached by a timing clock
Related violations: <none>

TIMING-17#175 Warning
Non-clocked sequential cell  
The clock pin Inst_Instance/PC_reg[16]/C is not reached by a timing clock
Related violations: <none>

TIMING-17#176 Warning
Non-clocked sequential cell  
The clock pin Inst_Instance/PC_reg[17]/C is not reached by a timing clock
Related violations: <none>

TIMING-17#177 Warning
Non-clocked sequential cell  
The clock pin Inst_Instance/PC_reg[18]/C is not reached by a timing clock
Related violations: <none>

TIMING-17#178 Warning
Non-clocked sequential cell  
The clock pin Inst_Instance/PC_reg[19]/C is not reached by a timing clock
Related violations: <none>

TIMING-17#179 Warning
Non-clocked sequential cell  
The clock pin Inst_Instance/PC_reg[1]/C is not reached by a timing clock
Related violations: <none>

TIMING-17#180 Warning
Non-clocked sequential cell  
The clock pin Inst_Instance/PC_reg[20]/C is not reached by a timing clock
Related violations: <none>

TIMING-17#181 Warning
Non-clocked sequential cell  
The clock pin Inst_Instance/PC_reg[21]/C is not reached by a timing clock
Related violations: <none>

TIMING-17#182 Warning
Non-clocked sequential cell  
The clock pin Inst_Instance/PC_reg[22]/C is not reached by a timing clock
Related violations: <none>

TIMING-17#183 Warning
Non-clocked sequential cell  
The clock pin Inst_Instance/PC_reg[23]/C is not reached by a timing clock
Related violations: <none>

TIMING-17#184 Warning
Non-clocked sequential cell  
The clock pin Inst_Instance/PC_reg[24]/C is not reached by a timing clock
Related violations: <none>

TIMING-17#185 Warning
Non-clocked sequential cell  
The clock pin Inst_Instance/PC_reg[25]/C is not reached by a timing clock
Related violations: <none>

TIMING-17#186 Warning
Non-clocked sequential cell  
The clock pin Inst_Instance/PC_reg[26]/C is not reached by a timing clock
Related violations: <none>

TIMING-17#187 Warning
Non-clocked sequential cell  
The clock pin Inst_Instance/PC_reg[27]/C is not reached by a timing clock
Related violations: <none>

TIMING-17#188 Warning
Non-clocked sequential cell  
The clock pin Inst_Instance/PC_reg[28]/C is not reached by a timing clock
Related violations: <none>

TIMING-17#189 Warning
Non-clocked sequential cell  
The clock pin Inst_Instance/PC_reg[29]/C is not reached by a timing clock
Related violations: <none>

TIMING-17#190 Warning
Non-clocked sequential cell  
The clock pin Inst_Instance/PC_reg[2]/C is not reached by a timing clock
Related violations: <none>

TIMING-17#191 Warning
Non-clocked sequential cell  
The clock pin Inst_Instance/PC_reg[30]/C is not reached by a timing clock
Related violations: <none>

TIMING-17#192 Warning
Non-clocked sequential cell  
The clock pin Inst_Instance/PC_reg[31]/C is not reached by a timing clock
Related violations: <none>

TIMING-17#193 Warning
Non-clocked sequential cell  
The clock pin Inst_Instance/PC_reg[3]/C is not reached by a timing clock
Related violations: <none>

TIMING-17#194 Warning
Non-clocked sequential cell  
The clock pin Inst_Instance/PC_reg[4]/C is not reached by a timing clock
Related violations: <none>

TIMING-17#195 Warning
Non-clocked sequential cell  
The clock pin Inst_Instance/PC_reg[5]/C is not reached by a timing clock
Related violations: <none>

TIMING-17#196 Warning
Non-clocked sequential cell  
The clock pin Inst_Instance/PC_reg[6]/C is not reached by a timing clock
Related violations: <none>

TIMING-17#197 Warning
Non-clocked sequential cell  
The clock pin Inst_Instance/PC_reg[7]/C is not reached by a timing clock
Related violations: <none>

TIMING-17#198 Warning
Non-clocked sequential cell  
The clock pin Inst_Instance/PC_reg[8]/C is not reached by a timing clock
Related violations: <none>

TIMING-17#199 Warning
Non-clocked sequential cell  
The clock pin Inst_Instance/PC_reg[9]/C is not reached by a timing clock
Related violations: <none>

TIMING-17#200 Warning
Non-clocked sequential cell  
The clock pin LF_reg/C is not reached by a timing clock
Related violations: <none>

TIMING-17#201 Warning
Non-clocked sequential cell  
The clock pin Mem_Write_reg/C is not reached by a timing clock
Related violations: <none>

TIMING-17#202 Warning
Non-clocked sequential cell  
The clock pin PC_s_reg[0]/C is not reached by a timing clock
Related violations: <none>

TIMING-17#203 Warning
Non-clocked sequential cell  
The clock pin PC_s_reg[1]/C is not reached by a timing clock
Related violations: <none>

TIMING-17#204 Warning
Non-clocked sequential cell  
The clock pin Reg_C_s_reg/C is not reached by a timing clock
Related violations: <none>

TIMING-17#205 Warning
Non-clocked sequential cell  
The clock pin SHIFT_OP_reg[0]/C is not reached by a timing clock
Related violations: <none>

TIMING-17#206 Warning
Non-clocked sequential cell  
The clock pin SHIFT_OP_reg[1]/C is not reached by a timing clock
Related violations: <none>

TIMING-17#207 Warning
Non-clocked sequential cell  
The clock pin SHIFT_OP_reg[2]/C is not reached by a timing clock
Related violations: <none>

TIMING-17#208 Warning
Non-clocked sequential cell  
The clock pin SP_in_reg/C is not reached by a timing clock
Related violations: <none>

TIMING-17#209 Warning
Non-clocked sequential cell  
The clock pin S_reg/C is not reached by a timing clock
Related violations: <none>

TIMING-17#210 Warning
Non-clocked sequential cell  
The clock pin W_CPSR_s_reg[1]/C is not reached by a timing clock
Related violations: <none>

TIMING-17#211 Warning
Non-clocked sequential cell  
The clock pin W_Rdata_s_reg/C is not reached by a timing clock
Related violations: <none>

TIMING-17#212 Warning
Non-clocked sequential cell  
The clock pin Write_CPSR_reg/C is not reached by a timing clock
Related violations: <none>

TIMING-17#213 Warning
Non-clocked sequential cell  
The clock pin Write_IR_reg/C is not reached by a timing clock
Related violations: <none>

TIMING-17#214 Warning
Non-clocked sequential cell  
The clock pin Write_PC_reg/C is not reached by a timing clock
Related violations: <none>

TIMING-17#215 Warning
Non-clocked sequential cell  
The clock pin Write_Reg_reg/C is not reached by a timing clock
Related violations: <none>

TIMING-17#216 Warning
Non-clocked sequential cell  
The clock pin Write_SPSR_reg/C is not reached by a timing clock
Related violations: <none>

TIMING-17#217 Warning
Non-clocked sequential cell  
The clock pin d_out_reg/C is not reached by a timing clock
Related violations: <none>

TIMING-17#218 Warning
Non-clocked sequential cell  
The clock pin rd_s_reg[0]/C is not reached by a timing clock
Related violations: <none>

TIMING-17#219 Warning
Non-clocked sequential cell  
The clock pin rd_s_reg[1]/C is not reached by a timing clock
Related violations: <none>

TIMING-17#220 Warning
Non-clocked sequential cell  
The clock pin request_Instance/D1/q_reg/C is not reached by a timing clock
Related violations: <none>

TIMING-17#221 Warning
Non-clocked sequential cell  
The clock pin request_Instance/D2/q_reg/C is not reached by a timing clock
Related violations: <none>

TIMING-17#222 Warning
Non-clocked sequential cell  
The clock pin rm_imm_s_reg/C is not reached by a timing clock
Related violations: <none>

TIMING-17#223 Warning
Non-clocked sequential cell  
The clock pin rs_imm_s_reg[0]/C is not reached by a timing clock
Related violations: <none>

TIMING-17#224 Warning
Non-clocked sequential cell  
The clock pin rs_imm_s_reg[1]/C is not reached by a timing clock
Related violations: <none>

TIMING-20#1 Warning
Non-clocked latch  
The latch ALU_Shift_Instance/ALU_Instance/F_reg[10] cannot be properly analyzed as its control pin ALU_Shift_Instance/ALU_Instance/F_reg[10]/G is not reached by a timing clock
Related violations: <none>

TIMING-20#2 Warning
Non-clocked latch  
The latch ALU_Shift_Instance/ALU_Instance/F_reg[11] cannot be properly analyzed as its control pin ALU_Shift_Instance/ALU_Instance/F_reg[11]/G is not reached by a timing clock
Related violations: <none>

TIMING-20#3 Warning
Non-clocked latch  
The latch ALU_Shift_Instance/ALU_Instance/F_reg[12] cannot be properly analyzed as its control pin ALU_Shift_Instance/ALU_Instance/F_reg[12]/G is not reached by a timing clock
Related violations: <none>

TIMING-20#4 Warning
Non-clocked latch  
The latch ALU_Shift_Instance/ALU_Instance/F_reg[13] cannot be properly analyzed as its control pin ALU_Shift_Instance/ALU_Instance/F_reg[13]/G is not reached by a timing clock
Related violations: <none>

TIMING-20#5 Warning
Non-clocked latch  
The latch ALU_Shift_Instance/ALU_Instance/F_reg[14] cannot be properly analyzed as its control pin ALU_Shift_Instance/ALU_Instance/F_reg[14]/G is not reached by a timing clock
Related violations: <none>

TIMING-20#6 Warning
Non-clocked latch  
The latch ALU_Shift_Instance/ALU_Instance/F_reg[15] cannot be properly analyzed as its control pin ALU_Shift_Instance/ALU_Instance/F_reg[15]/G is not reached by a timing clock
Related violations: <none>

TIMING-20#7 Warning
Non-clocked latch  
The latch ALU_Shift_Instance/ALU_Instance/F_reg[16] cannot be properly analyzed as its control pin ALU_Shift_Instance/ALU_Instance/F_reg[16]/G is not reached by a timing clock
Related violations: <none>

TIMING-20#8 Warning
Non-clocked latch  
The latch ALU_Shift_Instance/ALU_Instance/F_reg[17] cannot be properly analyzed as its control pin ALU_Shift_Instance/ALU_Instance/F_reg[17]/G is not reached by a timing clock
Related violations: <none>

TIMING-20#9 Warning
Non-clocked latch  
The latch ALU_Shift_Instance/ALU_Instance/F_reg[18] cannot be properly analyzed as its control pin ALU_Shift_Instance/ALU_Instance/F_reg[18]/G is not reached by a timing clock
Related violations: <none>

TIMING-20#10 Warning
Non-clocked latch  
The latch ALU_Shift_Instance/ALU_Instance/F_reg[19] cannot be properly analyzed as its control pin ALU_Shift_Instance/ALU_Instance/F_reg[19]/G is not reached by a timing clock
Related violations: <none>

TIMING-20#11 Warning
Non-clocked latch  
The latch ALU_Shift_Instance/ALU_Instance/F_reg[1] cannot be properly analyzed as its control pin ALU_Shift_Instance/ALU_Instance/F_reg[1]/G is not reached by a timing clock
Related violations: <none>

TIMING-20#12 Warning
Non-clocked latch  
The latch ALU_Shift_Instance/ALU_Instance/F_reg[20] cannot be properly analyzed as its control pin ALU_Shift_Instance/ALU_Instance/F_reg[20]/G is not reached by a timing clock
Related violations: <none>

TIMING-20#13 Warning
Non-clocked latch  
The latch ALU_Shift_Instance/ALU_Instance/F_reg[21] cannot be properly analyzed as its control pin ALU_Shift_Instance/ALU_Instance/F_reg[21]/G is not reached by a timing clock
Related violations: <none>

TIMING-20#14 Warning
Non-clocked latch  
The latch ALU_Shift_Instance/ALU_Instance/F_reg[22] cannot be properly analyzed as its control pin ALU_Shift_Instance/ALU_Instance/F_reg[22]/G is not reached by a timing clock
Related violations: <none>

TIMING-20#15 Warning
Non-clocked latch  
The latch ALU_Shift_Instance/ALU_Instance/F_reg[23] cannot be properly analyzed as its control pin ALU_Shift_Instance/ALU_Instance/F_reg[23]/G is not reached by a timing clock
Related violations: <none>

TIMING-20#16 Warning
Non-clocked latch  
The latch ALU_Shift_Instance/ALU_Instance/F_reg[24] cannot be properly analyzed as its control pin ALU_Shift_Instance/ALU_Instance/F_reg[24]/G is not reached by a timing clock
Related violations: <none>

TIMING-20#17 Warning
Non-clocked latch  
The latch ALU_Shift_Instance/ALU_Instance/F_reg[25] cannot be properly analyzed as its control pin ALU_Shift_Instance/ALU_Instance/F_reg[25]/G is not reached by a timing clock
Related violations: <none>

TIMING-20#18 Warning
Non-clocked latch  
The latch ALU_Shift_Instance/ALU_Instance/F_reg[26] cannot be properly analyzed as its control pin ALU_Shift_Instance/ALU_Instance/F_reg[26]/G is not reached by a timing clock
Related violations: <none>

TIMING-20#19 Warning
Non-clocked latch  
The latch ALU_Shift_Instance/ALU_Instance/F_reg[27] cannot be properly analyzed as its control pin ALU_Shift_Instance/ALU_Instance/F_reg[27]/G is not reached by a timing clock
Related violations: <none>

TIMING-20#20 Warning
Non-clocked latch  
The latch ALU_Shift_Instance/ALU_Instance/F_reg[28] cannot be properly analyzed as its control pin ALU_Shift_Instance/ALU_Instance/F_reg[28]/G is not reached by a timing clock
Related violations: <none>

TIMING-20#21 Warning
Non-clocked latch  
The latch ALU_Shift_Instance/ALU_Instance/F_reg[29] cannot be properly analyzed as its control pin ALU_Shift_Instance/ALU_Instance/F_reg[29]/G is not reached by a timing clock
Related violations: <none>

TIMING-20#22 Warning
Non-clocked latch  
The latch ALU_Shift_Instance/ALU_Instance/F_reg[2] cannot be properly analyzed as its control pin ALU_Shift_Instance/ALU_Instance/F_reg[2]/G is not reached by a timing clock
Related violations: <none>

TIMING-20#23 Warning
Non-clocked latch  
The latch ALU_Shift_Instance/ALU_Instance/F_reg[30] cannot be properly analyzed as its control pin ALU_Shift_Instance/ALU_Instance/F_reg[30]/G is not reached by a timing clock
Related violations: <none>

TIMING-20#24 Warning
Non-clocked latch  
The latch ALU_Shift_Instance/ALU_Instance/F_reg[31] cannot be properly analyzed as its control pin ALU_Shift_Instance/ALU_Instance/F_reg[31]/G is not reached by a timing clock
Related violations: <none>

TIMING-20#25 Warning
Non-clocked latch  
The latch ALU_Shift_Instance/ALU_Instance/F_reg[32] cannot be properly analyzed as its control pin ALU_Shift_Instance/ALU_Instance/F_reg[32]/G is not reached by a timing clock
Related violations: <none>

TIMING-20#26 Warning
Non-clocked latch  
The latch ALU_Shift_Instance/ALU_Instance/F_reg[3] cannot be properly analyzed as its control pin ALU_Shift_Instance/ALU_Instance/F_reg[3]/G is not reached by a timing clock
Related violations: <none>

TIMING-20#27 Warning
Non-clocked latch  
The latch ALU_Shift_Instance/ALU_Instance/F_reg[4] cannot be properly analyzed as its control pin ALU_Shift_Instance/ALU_Instance/F_reg[4]/G is not reached by a timing clock
Related violations: <none>

TIMING-20#28 Warning
Non-clocked latch  
The latch ALU_Shift_Instance/ALU_Instance/F_reg[5] cannot be properly analyzed as its control pin ALU_Shift_Instance/ALU_Instance/F_reg[5]/G is not reached by a timing clock
Related violations: <none>

TIMING-20#29 Warning
Non-clocked latch  
The latch ALU_Shift_Instance/ALU_Instance/F_reg[6] cannot be properly analyzed as its control pin ALU_Shift_Instance/ALU_Instance/F_reg[6]/G is not reached by a timing clock
Related violations: <none>

TIMING-20#30 Warning
Non-clocked latch  
The latch ALU_Shift_Instance/ALU_Instance/F_reg[7] cannot be properly analyzed as its control pin ALU_Shift_Instance/ALU_Instance/F_reg[7]/G is not reached by a timing clock
Related violations: <none>

TIMING-20#31 Warning
Non-clocked latch  
The latch ALU_Shift_Instance/ALU_Instance/F_reg[8] cannot be properly analyzed as its control pin ALU_Shift_Instance/ALU_Instance/F_reg[8]/G is not reached by a timing clock
Related violations: <none>

TIMING-20#32 Warning
Non-clocked latch  
The latch ALU_Shift_Instance/ALU_Instance/F_reg[9] cannot be properly analyzed as its control pin ALU_Shift_Instance/ALU_Instance/F_reg[9]/G is not reached by a timing clock
Related violations: <none>

TIMING-20#33 Warning
Non-clocked latch  
The latch CPSR_Instance/Curr_SPSR_reg[1] cannot be properly analyzed as its control pin CPSR_Instance/Curr_SPSR_reg[1]/G is not reached by a timing clock
Related violations: <none>

TIMING-20#34 Warning
Non-clocked latch  
The latch CPSR_Instance/Curr_SPSR_reg[28] cannot be properly analyzed as its control pin CPSR_Instance/Curr_SPSR_reg[28]/G is not reached by a timing clock
Related violations: <none>

TIMING-20#35 Warning
Non-clocked latch  
The latch CPSR_Instance/Curr_SPSR_reg[29] cannot be properly analyzed as its control pin CPSR_Instance/Curr_SPSR_reg[29]/G is not reached by a timing clock
Related violations: <none>

TIMING-20#36 Warning
Non-clocked latch  
The latch CPSR_Instance/Curr_SPSR_reg[30] cannot be properly analyzed as its control pin CPSR_Instance/Curr_SPSR_reg[30]/G is not reached by a timing clock
Related violations: <none>

TIMING-20#37 Warning
Non-clocked latch  
The latch CPSR_Instance/Curr_SPSR_reg[31] cannot be properly analyzed as its control pin CPSR_Instance/Curr_SPSR_reg[31]/G is not reached by a timing clock
Related violations: <none>

TIMING-20#38 Warning
Non-clocked latch  
The latch CPSR_Instance/Curr_SPSR_reg[4] cannot be properly analyzed as its control pin CPSR_Instance/Curr_SPSR_reg[4]/G is not reached by a timing clock
Related violations: <none>

TIMING-20#39 Warning
Non-clocked latch  
The latch CPSR_Instance/Curr_SPSR_reg[7] cannot be properly analyzed as its control pin CPSR_Instance/Curr_SPSR_reg[7]/G is not reached by a timing clock
Related violations: <none>

TIMING-20#40 Warning
Non-clocked latch  
The latch CPSR_Instance/clk_m_reg[0] cannot be properly analyzed as its control pin CPSR_Instance/clk_m_reg[0]/G is not reached by a timing clock
Related violations: <none>


