#-----------------------------------------------------------
# Vivado v2018.3 (64-bit)
# SW Build 2405991 on Thu Dec  6 23:38:27 MST 2018
# IP Build 2404404 on Fri Dec  7 01:43:56 MST 2018
# Start of session at: Sun Apr 18 22:07:10 2021
# Process ID: 12880
# Current directory: D:/vivado/02_Shift/02_Shift.sim/sim_1/behav/xsim
# Command line: vivado.exe -gui_launcher_event rodinguilauncherevent6276 D:\vivado\02_Shift\02_Shift.sim\sim_1\behav\xsim\Shift_Test_behav.wdb
# Log file: D:/vivado/02_Shift/02_Shift.sim/sim_1/behav/xsim/vivado.log
# Journal file: D:/vivado/02_Shift/02_Shift.sim/sim_1/behav/xsim\vivado.jou
#-----------------------------------------------------------
start_gui
open_wave_database {D:\vivado\02_Shift\02_Shift.sim\sim_1\behav\xsim\Shift_Test_behav.wdb}
INFO: [IP_Flow 19-234] Refreshing IP repositories
INFO: [IP_Flow 19-1704] No user IP repositories specified
INFO: [IP_Flow 19-2313] Loaded Vivado IP repository 'D:/Xilinx/Vivado/2018.3/data/ip'.
open_wave_database: Time (s): cpu = 00:00:12 ; elapsed = 00:00:05 . Memory (MB): peak = 643.516 ; gain = 43.426
open_wave_config {D:/vivado/02_Shift/Shift_Test_behav.wcfg}
close_sim
INFO: [Simtcl 6-16] Simulation closed
exit
INFO: [Common 17-206] Exiting Vivado at Sun Apr 18 22:07:58 2021...
